------------------------------------------------------------------
  Running MRIQC version 24.1.0.dev15+g9586c867.d20240825
  ----------------------------------------------------------------

  NOTICE
  Copyright © The NiPreps Developers.
  
  This product includes software developed by
  the NiPreps Community (https://nipreps.org/).
  
  Portions of this software were developed at the Department of
  Psychology at Stanford University, Stanford, CA, US.
  
  This software contains code ultimately derived from the
  PCP Quality Assessment Protocol (QAP;
  http://preprocessed-connectomes-project.org/quality-assessment-protocol)
  by C. Craddock, S. Giavasis, D. Clark, Z. Shezhad, and J. Pellman.
  
  This software is also distributed as a Docker container image.
  The bootstrapping file for the image ("Dockerfile") is licensed
  under the MIT License.

  ----------------------------------------------------------------

  * BIDS dataset path: /data/datasets/hcph.
  * Output folder: /data/derivatives/hcph/datalad/hcph-mriqc.
  * Analysis levels: ['participant'].
  * BIDS filters-file: /home/oesteban/tmp/mriqc_ses-21301030/filter-21301030.json.
------------------------------------------------------------------

2024-09-07 10:00:21 | IMPORTANT | mriqc            | DataLad dataset identified, attempting to `datalad get` unavailable files.
2024-09-07 10:00:26 | IMPORTANT | mriqc            | Extracting metadata and entities for 2 input runs of modality 't2w'...
2024-09-07 10:00:26 | IMPORTANT | mriqc            | File size ('t2w'): 0.02|0.01 GB [maximum|average].
2024-09-07 10:00:26 | IMPORTANT | mriqc            | Extracting metadata and entities for 1 input runs of modality 'dwi'...
2024-09-07 10:00:26 | IMPORTANT | mriqc            | File size ('dwi'): 0.33|0.33 GB [maximum|average].
2024-09-07 10:00:26 | INFO     | mriqc            | MRIQC config file: /home/oesteban/tmp/mriqc_ses-21301030/config-20240907-100018_ca9ee6da-d4d4-41c9-a8ea-6856004dd3aa.toml.
2024-09-07 10:00:34 | IMPORTANT | mriqc            | Building MRIQC's workflows...
2024-09-07 10:00:35 | INFO     | nipype.workflow  | Building diffusion MRIQC workflow for 1 NIfTI files..
2024-09-07 10:00:35 | INFO     | nipype.workflow  | Building anatomical MRIQC workflow for 2 NIfTI files..
2024-09-07 10:00:40 | IMPORTANT | mriqc            | Workflow building finished (exit code 0).
2024-09-07 10:00:44 | INFO     | nipype.workflow  | Workflow mriqc_wf settings: ['check', 'execution', 'logging', 'monitoring']
2024-09-07 10:00:44 | INFO     | nipype.workflow  | [Node] Setting-up "mriqc_wf.anatMRIQC.conform" in "/home/oesteban/tmp/mriqc_ses-21301030/mriqc_wf/anatMRIQC/9f3cadb21f9731fb806f9b05a1288a92c8a59a55/conform".
2024-09-07 10:00:44 | INFO     | nipype.workflow  | [Node] Setting-up "mriqc_wf.dwiMRIQC.sanitize" in "/home/oesteban/tmp/mriqc_ses-21301030/mriqc_wf/dwiMRIQC/a5fd62e074aca7fe010b210787dff15f0f950542/sanitize".
2024-09-07 10:00:44 | INFO     | nipype.workflow  | [Node] Setting-up "mriqc_wf.dwiMRIQC.ComputeIQMs.provenance" in "/home/oesteban/tmp/mriqc_ses-21301030/mriqc_wf/dwiMRIQC/ComputeIQMs/a5fd62e074aca7fe010b210787dff15f0f950542/provenance".
2024-09-07 10:00:44 | INFO     | nipype.workflow  | [Node] Setting-up "mriqc_wf.anatMRIQC.conform" in "/home/oesteban/tmp/mriqc_ses-21301030/mriqc_wf/anatMRIQC/226bfd44a73c02d61423c4b6cac6f8eb79c0cf2b/conform".
2024-09-07 10:00:44 | INFO     | nipype.workflow  | [Node] Setting-up "mriqc_wf.dwiMRIQC.load_bmat" in "/home/oesteban/tmp/mriqc_ses-21301030/mriqc_wf/dwiMRIQC/a5fd62e074aca7fe010b210787dff15f0f950542/load_bmat".
2024-09-07 10:00:44 | INFO     | nipype.workflow  | [Node] Executing "sanitize" <niworkflows.interfaces.header.SanitizeImage>
2024-09-07 10:00:44 | INFO     | nipype.workflow  | [Node] Executing "conform" <mriqc.interfaces.common.conform_image.ConformImage>
2024-09-07 10:00:44 | INFO     | nipype.workflow  | [Node] Executing "provenance" <mriqc.interfaces.reports.AddProvenance>
2024-09-07 10:00:44 | INFO     | nipype.workflow  | [Node] Executing "conform" <mriqc.interfaces.common.conform_image.ConformImage>
2024-09-07 10:00:44 | INFO     | nipype.workflow  | [Node] Executing "load_bmat" <mriqc.interfaces.diffusion.ReadDWIMetadata>
2024-09-07 10:00:45 | INFO     | nipype.workflow  | [Node] Finished "provenance", elapsed time 0.537104s.
2024-09-07 10:00:45 | INFO     | nipype.workflow  | [Node] Finished "conform", elapsed time 0.702179s.
2024-09-07 10:00:45 | INFO     | nipype.workflow  | [Node] Finished "conform", elapsed time 0.740708s.
2024-09-07 10:00:45 | INFO     | nipype.workflow  | [Node] Finished "load_bmat", elapsed time 0.942387s.
2024-09-07 10:00:46 | INFO     | nipype.workflow  | [Node] Setting-up "mriqc_wf.anatMRIQC.AirMaskWorkflow.RotationMask" in "/home/oesteban/tmp/mriqc_ses-21301030/mriqc_wf/anatMRIQC/AirMaskWorkflow/226bfd44a73c02d61423c4b6cac6f8eb79c0cf2b/RotationMask".
2024-09-07 10:00:46 | INFO     | nipype.workflow  | [Node] Setting-up "mriqc_wf.anatMRIQC.synthstrip_wf.pre_clip" in "/home/oesteban/tmp/mriqc_ses-21301030/mriqc_wf/anatMRIQC/synthstrip_wf/9f3cadb21f9731fb806f9b05a1288a92c8a59a55/pre_clip".
2024-09-07 10:00:46 | INFO     | nipype.workflow  | [Node] Setting-up "mriqc_wf.anatMRIQC.AirMaskWorkflow.RotationMask" in "/home/oesteban/tmp/mriqc_ses-21301030/mriqc_wf/anatMRIQC/AirMaskWorkflow/9f3cadb21f9731fb806f9b05a1288a92c8a59a55/RotationMask".
2024-09-07 10:00:46 | INFO     | nipype.workflow  | [Node] Setting-up "mriqc_wf.anatMRIQC.anat_report_wf.PlotMosaicNoise" in "/home/oesteban/tmp/mriqc_ses-21301030/mriqc_wf/anatMRIQC/anat_report_wf/9f3cadb21f9731fb806f9b05a1288a92c8a59a55/PlotMosaicNoise".
2024-09-07 10:00:46 | INFO     | nipype.workflow  | [Node] Setting-up "mriqc_wf.anatMRIQC.synthstrip_wf.pre_clip" in "/home/oesteban/tmp/mriqc_ses-21301030/mriqc_wf/anatMRIQC/synthstrip_wf/226bfd44a73c02d61423c4b6cac6f8eb79c0cf2b/pre_clip".
2024-09-07 10:00:46 | INFO     | nipype.workflow  | [Node] Setting-up "mriqc_wf.dwiMRIQC.shells" in "/home/oesteban/tmp/mriqc_ses-21301030/mriqc_wf/dwiMRIQC/a5fd62e074aca7fe010b210787dff15f0f950542/shells".
2024-09-07 10:00:46 | INFO     | nipype.workflow  | [Node] Setting-up "mriqc_wf.anatMRIQC.anat_report_wf.PlotMosaicNoise" in "/home/oesteban/tmp/mriqc_ses-21301030/mriqc_wf/anatMRIQC/anat_report_wf/226bfd44a73c02d61423c4b6cac6f8eb79c0cf2b/PlotMosaicNoise".
2024-09-07 10:00:46 | INFO     | nipype.workflow  | [Node] Executing "RotationMask" <mriqc.interfaces.anatomical.RotationMask>
2024-09-07 10:00:46 | INFO     | nipype.workflow  | [Node] Executing "RotationMask" <mriqc.interfaces.anatomical.RotationMask>
2024-09-07 10:00:46 | INFO     | nipype.workflow  | [Node] Executing "pre_clip" <niworkflows.interfaces.nibabel.IntensityClip>
2024-09-07 10:00:46 | INFO     | nipype.workflow  | [Node] Executing "pre_clip" <niworkflows.interfaces.nibabel.IntensityClip>
2024-09-07 10:00:46 | INFO     | nipype.workflow  | [Node] Executing "PlotMosaicNoise" <nireports.interfaces.mosaic.PlotMosaic>
2024-09-07 10:00:46 | INFO     | nipype.workflow  | [Node] Executing "PlotMosaicNoise" <nireports.interfaces.mosaic.PlotMosaic>
2024-09-07 10:00:46 | INFO     | nipype.workflow  | [Node] Executing "shells" <mriqc.interfaces.diffusion.NumberOfShells>
2024-09-07 10:00:46 | INFO     | nipype.workflow  | [Node] Finished "shells", elapsed time 0.004285s.
2024-09-07 10:00:54 | INFO     | nipype.workflow  | [Node] Finished "PlotMosaicNoise", elapsed time 8.121938s.
2024-09-07 10:00:54 | INFO     | nipype.workflow  | [Node] Finished "PlotMosaicNoise", elapsed time 8.417s.
2024-09-07 10:00:56 | INFO     | nipype.workflow  | [Node] Setting-up "mriqc_wf.anatMRIQC.anat_report_wf.ds_report_background" in "/home/oesteban/tmp/mriqc_ses-21301030/mriqc_wf/anatMRIQC/anat_report_wf/9f3cadb21f9731fb806f9b05a1288a92c8a59a55/ds_report_background".
2024-09-07 10:00:56 | INFO     | nipype.workflow  | [Node] Executing "ds_report_background" <mriqc.interfaces.DerivativesDataSink>
2024-09-07 10:00:56 | INFO     | nipype.workflow  | [Node] Finished "ds_report_background", elapsed time 0.006512s.
2024-09-07 10:00:56 | INFO     | nipype.workflow  | [Node] Setting-up "mriqc_wf.anatMRIQC.anat_report_wf.ds_report_background" in "/home/oesteban/tmp/mriqc_ses-21301030/mriqc_wf/anatMRIQC/anat_report_wf/226bfd44a73c02d61423c4b6cac6f8eb79c0cf2b/ds_report_background".
2024-09-07 10:00:56 | INFO     | nipype.workflow  | [Node] Executing "ds_report_background" <mriqc.interfaces.DerivativesDataSink>
2024-09-07 10:00:56 | INFO     | nipype.workflow  | [Node] Finished "ds_report_background", elapsed time 0.004325s.
2024-09-07 10:00:59 | INFO     | nipype.workflow  | [Node] Finished "sanitize", elapsed time 14.683284s.
2024-09-07 10:01:00 | INFO     | nipype.workflow  | [Node] Setting-up "mriqc_wf.dwiMRIQC.piesno" in "/home/oesteban/tmp/mriqc_ses-21301030/mriqc_wf/dwiMRIQC/a5fd62e074aca7fe010b210787dff15f0f950542/piesno".
2024-09-07 10:01:00 | INFO     | nipype.workflow  | [Node] Executing "piesno" <mriqc.interfaces.diffusion.PIESNO>
2024-09-07 10:01:11 | INFO     | nipype.workflow  | [Node] Finished "pre_clip", elapsed time 24.669398s.
2024-09-07 10:01:12 | INFO     | nipype.workflow  | [Node] Finished "pre_clip", elapsed time 26.438302s.
2024-09-07 10:01:19 | INFO     | nipype.workflow  | [Node] Finished "piesno", elapsed time 18.629886s.
2024-09-07 10:01:20 | INFO     | nipype.workflow  | [Node] Setting-up "mriqc_wf.anatMRIQC.synthstrip_wf.pre_n4" in "/home/oesteban/tmp/mriqc_ses-21301030/mriqc_wf/anatMRIQC/synthstrip_wf/9f3cadb21f9731fb806f9b05a1288a92c8a59a55/pre_n4".
2024-09-07 10:01:20 | INFO     | nipype.workflow  | [Node] Executing "pre_n4" <nipype.interfaces.ants.segmentation.N4BiasFieldCorrection>
2024-09-07 10:01:33 | INFO     | nipype.workflow  | [Node] Finished "RotationMask", elapsed time 47.113182s.
2024-09-07 10:01:54 | INFO     | nipype.workflow  | [Node] Finished "RotationMask", elapsed time 68.146859s.
2024-09-07 10:01:55 | INFO     | nipype.workflow  | [Node] Finished "pre_n4", elapsed time 34.481383s.
2024-09-07 10:01:56 | INFO     | nipype.workflow  | [Node] Setting-up "mriqc_wf.anatMRIQC.synthstrip_wf.pre_n4" in "/home/oesteban/tmp/mriqc_ses-21301030/mriqc_wf/anatMRIQC/synthstrip_wf/226bfd44a73c02d61423c4b6cac6f8eb79c0cf2b/pre_n4".
2024-09-07 10:01:56 | INFO     | nipype.workflow  | [Node] Executing "pre_n4" <nipype.interfaces.ants.segmentation.N4BiasFieldCorrection>
2024-09-07 10:02:29 | INFO     | nipype.workflow  | [Node] Finished "pre_n4", elapsed time 32.474385s.
2024-09-07 10:02:30 | INFO     | nipype.workflow  | [Node] Setting-up "mriqc_wf.dwiMRIQC.dwi_ref" in "/home/oesteban/tmp/mriqc_ses-21301030/mriqc_wf/dwiMRIQC/a5fd62e074aca7fe010b210787dff15f0f950542/dwi_ref".
2024-09-07 10:02:30 | INFO     | nipype.workflow  | [Node] Setting-up "mriqc_wf.dwiMRIQC.get_lowb" in "/home/oesteban/tmp/mriqc_ses-21301030/mriqc_wf/dwiMRIQC/a5fd62e074aca7fe010b210787dff15f0f950542/get_lowb".
2024-09-07 10:02:30 | INFO     | nipype.workflow  | [Node] Executing "get_lowb" <mriqc.interfaces.diffusion.ExtractOrientations>
2024-09-07 10:02:30 | INFO     | nipype.workflow  | [Node] Executing "dwi_ref" <niworkflows.interfaces.images.RobustAverage>
2024-09-07 10:02:34 | INFO     | nipype.workflow  | [Node] Finished "get_lowb", elapsed time 3.523212s.
2024-09-07 10:02:34 | INFO     | nipype.workflow  | [Node] Finished "dwi_ref", elapsed time 4.100474s.
2024-09-07 10:02:36 | INFO     | nipype.workflow  | [Node] Setting-up "mriqc_wf.dwiMRIQC.synthstrip_wf.pre_clip" in "/home/oesteban/tmp/mriqc_ses-21301030/mriqc_wf/dwiMRIQC/synthstrip_wf/a5fd62e074aca7fe010b210787dff15f0f950542/pre_clip".
2024-09-07 10:02:36 | INFO     | nipype.workflow  | [Node] Setting-up "mriqc_wf.anatMRIQC.synthstrip_wf.synthstrip" in "/home/oesteban/tmp/mriqc_ses-21301030/mriqc_wf/anatMRIQC/synthstrip_wf/9f3cadb21f9731fb806f9b05a1288a92c8a59a55/synthstrip".
2024-09-07 10:02:36 | INFO     | nipype.workflow  | [Node] Setting-up "mriqc_wf.dwiMRIQC.SpatialNormalization.SharpenEPI" in "/home/oesteban/tmp/mriqc_ses-21301030/mriqc_wf/dwiMRIQC/SpatialNormalization/a5fd62e074aca7fe010b210787dff15f0f950542/SharpenEPI".
2024-09-07 10:02:36 | INFO     | nipype.workflow  | [Node] Executing "SharpenEPI" <nipype.interfaces.ants.segmentation.N4BiasFieldCorrection>
2024-09-07 10:02:36 | INFO     | nipype.workflow  | [Node] Executing "synthstrip" <mriqc.interfaces.synthstrip.SynthStrip>
2024-09-07 10:02:36 | INFO     | nipype.workflow  | [Node] Executing "pre_clip" <niworkflows.interfaces.nibabel.IntensityClip>
2024-09-07 10:02:38 | INFO     | nipype.workflow  | [Node] Finished "pre_clip", elapsed time 2.183767s.
2024-09-07 10:02:52 | INFO     | nipype.workflow  | [Node] Finished "SharpenEPI", elapsed time 16.133445s.
2024-09-07 10:03:06 | INFO     | nipype.workflow  | [Node] Finished "synthstrip", elapsed time 30.32924s.
2024-09-07 10:03:08 | INFO     | nipype.workflow  | [Node] Setting-up "mriqc_wf.anatMRIQC.anat_report_wf.PlotMosaicZoomed" in "/home/oesteban/tmp/mriqc_ses-21301030/mriqc_wf/anatMRIQC/anat_report_wf/9f3cadb21f9731fb806f9b05a1288a92c8a59a55/PlotMosaicZoomed".
2024-09-07 10:03:08 | INFO     | nipype.workflow  | [Node] Setting-up "mriqc_wf.anatMRIQC.ComputeIQMs.smoothness" in "/home/oesteban/tmp/mriqc_ses-21301030/mriqc_wf/anatMRIQC/ComputeIQMs/9f3cadb21f9731fb806f9b05a1288a92c8a59a55/smoothness".
2024-09-07 10:03:08 | INFO     | nipype.workflow  | [Node] Setting-up "mriqc_wf.anatMRIQC.synthstrip_wf.synthstrip" in "/home/oesteban/tmp/mriqc_ses-21301030/mriqc_wf/anatMRIQC/synthstrip_wf/226bfd44a73c02d61423c4b6cac6f8eb79c0cf2b/synthstrip".
2024-09-07 10:03:08 | INFO     | nipype.workflow  | [Node] Executing "PlotMosaicZoomed" <nireports.interfaces.mosaic.PlotMosaic>
2024-09-07 10:03:08 | INFO     | nipype.workflow  | [Node] Executing "smoothness" <nipype.interfaces.afni.utils.FWHMx>
2024-09-07 10:03:08 | INFO     | nipype.workflow  | [Node] Executing "synthstrip" <mriqc.interfaces.synthstrip.SynthStrip>
2024-09-07 10:03:14 | INFO     | nipype.workflow  | [Node] Finished "PlotMosaicZoomed", elapsed time 5.713665s.
2024-09-07 10:03:14 | INFO     | nipype.workflow  | [Node] Setting-up "mriqc_wf.anatMRIQC.anat_report_wf.ds_report_zoomed" in "/home/oesteban/tmp/mriqc_ses-21301030/mriqc_wf/anatMRIQC/anat_report_wf/9f3cadb21f9731fb806f9b05a1288a92c8a59a55/ds_report_zoomed".
2024-09-07 10:03:14 | INFO     | nipype.workflow  | [Node] Executing "ds_report_zoomed" <mriqc.interfaces.DerivativesDataSink>
2024-09-07 10:03:14 | INFO     | nipype.workflow  | [Node] Finished "ds_report_zoomed", elapsed time 0.004139s.
2024-09-07 10:03:16 | INFO     | nipype.workflow  | [Node] Finished "smoothness", elapsed time 7.886078s.
2024-09-07 10:03:38 | INFO     | nipype.workflow  | [Node] Finished "synthstrip", elapsed time 29.907777s.
2024-09-07 10:03:40 | INFO     | nipype.workflow  | [Node] Setting-up "mriqc_wf.dwiMRIQC.hmc_b0" in "/home/oesteban/tmp/mriqc_ses-21301030/mriqc_wf/dwiMRIQC/a5fd62e074aca7fe010b210787dff15f0f950542/hmc_b0".
2024-09-07 10:03:40 | INFO     | nipype.workflow  | [Node] Executing "hmc_b0" <nipype.interfaces.afni.preprocess.Volreg>
2024-09-07 10:04:08 | INFO     | nipype.workflow  | [Node] Finished "hmc_b0", elapsed time 28.018138s.
2024-09-07 10:04:10 | INFO     | nipype.workflow  | [Node] Setting-up "mriqc_wf.anatMRIQC.ComputeIQMs.smoothness" in "/home/oesteban/tmp/mriqc_ses-21301030/mriqc_wf/anatMRIQC/ComputeIQMs/226bfd44a73c02d61423c4b6cac6f8eb79c0cf2b/smoothness".
2024-09-07 10:04:10 | INFO     | nipype.workflow  | [Node] Setting-up "mriqc_wf.anatMRIQC.synthstrip_wf.post_n4" in "/home/oesteban/tmp/mriqc_ses-21301030/mriqc_wf/anatMRIQC/synthstrip_wf/9f3cadb21f9731fb806f9b05a1288a92c8a59a55/post_n4".
2024-09-07 10:04:10 | INFO     | nipype.workflow  | [Node] Setting-up "mriqc_wf.anatMRIQC.anat_report_wf.PlotMosaicZoomed" in "/home/oesteban/tmp/mriqc_ses-21301030/mriqc_wf/anatMRIQC/anat_report_wf/226bfd44a73c02d61423c4b6cac6f8eb79c0cf2b/PlotMosaicZoomed".
2024-09-07 10:04:10 | INFO     | nipype.workflow  | [Node] Executing "smoothness" <nipype.interfaces.afni.utils.FWHMx>
2024-09-07 10:04:10 | INFO     | nipype.workflow  | [Node] Executing "post_n4" <nipype.interfaces.ants.segmentation.N4BiasFieldCorrection>
2024-09-07 10:04:10 | INFO     | nipype.workflow  | [Node] Executing "PlotMosaicZoomed" <nireports.interfaces.mosaic.PlotMosaic>
2024-09-07 10:04:16 | INFO     | nipype.workflow  | [Node] Finished "PlotMosaicZoomed", elapsed time 5.86288s.
2024-09-07 10:04:18 | INFO     | nipype.workflow  | [Node] Setting-up "mriqc_wf.anatMRIQC.anat_report_wf.ds_report_zoomed" in "/home/oesteban/tmp/mriqc_ses-21301030/mriqc_wf/anatMRIQC/anat_report_wf/226bfd44a73c02d61423c4b6cac6f8eb79c0cf2b/ds_report_zoomed".
2024-09-07 10:04:18 | INFO     | nipype.workflow  | [Node] Executing "ds_report_zoomed" <mriqc.interfaces.DerivativesDataSink>
2024-09-07 10:04:18 | INFO     | nipype.workflow  | [Node] Finished "ds_report_zoomed", elapsed time 0.00403s.
2024-09-07 10:04:19 | INFO     | nipype.workflow  | [Node] Finished "smoothness", elapsed time 8.666032s.
2024-09-07 10:04:28 | INFO     | nipype.workflow  | [Node] Finished "post_n4", elapsed time 17.13247s.
2024-09-07 10:04:28 | INFO     | nipype.workflow  | [Node] Setting-up "mriqc_wf.anatMRIQC.synthstrip_wf.post_n4" in "/home/oesteban/tmp/mriqc_ses-21301030/mriqc_wf/anatMRIQC/synthstrip_wf/226bfd44a73c02d61423c4b6cac6f8eb79c0cf2b/post_n4".
2024-09-07 10:04:28 | INFO     | nipype.workflow  | [Node] Setting-up "mriqc_wf.anatMRIQC.synthstrip_wf.final_masked" in "/home/oesteban/tmp/mriqc_ses-21301030/mriqc_wf/anatMRIQC/synthstrip_wf/9f3cadb21f9731fb806f9b05a1288a92c8a59a55/final_masked".
2024-09-07 10:04:28 | INFO     | nipype.workflow  | [Node] Executing "post_n4" <nipype.interfaces.ants.segmentation.N4BiasFieldCorrection>
2024-09-07 10:04:28 | INFO     | nipype.workflow  | [Node] Executing "final_masked" <niworkflows.interfaces.nibabel.ApplyMask>
2024-09-07 10:04:29 | INFO     | nipype.workflow  | [Node] Finished "final_masked", elapsed time 0.719981s.
2024-09-07 10:04:46 | INFO     | nipype.workflow  | [Node] Finished "post_n4", elapsed time 17.318637s.
2024-09-07 10:04:46 | INFO     | nipype.workflow  | [Node] Setting-up "mriqc_wf.anatMRIQC.synthstrip_wf.final_masked" in "/home/oesteban/tmp/mriqc_ses-21301030/mriqc_wf/anatMRIQC/synthstrip_wf/226bfd44a73c02d61423c4b6cac6f8eb79c0cf2b/final_masked".
2024-09-07 10:04:46 | INFO     | nipype.workflow  | [Node] Setting-up "mriqc_wf.dwiMRIQC.synthstrip_wf.pre_n4" in "/home/oesteban/tmp/mriqc_ses-21301030/mriqc_wf/dwiMRIQC/synthstrip_wf/a5fd62e074aca7fe010b210787dff15f0f950542/pre_n4".
2024-09-07 10:04:46 | INFO     | nipype.workflow  | [Node] Executing "pre_n4" <nipype.interfaces.ants.segmentation.N4BiasFieldCorrection>
2024-09-07 10:04:46 | INFO     | nipype.workflow  | [Node] Executing "final_masked" <niworkflows.interfaces.nibabel.ApplyMask>
2024-09-07 10:04:47 | INFO     | nipype.workflow  | [Node] Finished "final_masked", elapsed time 0.736739s.
2024-09-07 10:04:51 | INFO     | nipype.workflow  | [Node] Finished "pre_n4", elapsed time 4.301123s.
2024-09-07 10:04:52 | INFO     | nipype.workflow  | [Node] Setting-up "mriqc_wf.anatMRIQC.SpatialNormalization.SpatialNormalization" in "/home/oesteban/tmp/mriqc_ses-21301030/mriqc_wf/anatMRIQC/SpatialNormalization/9f3cadb21f9731fb806f9b05a1288a92c8a59a55/SpatialNormalization".
2024-09-07 10:04:52 | INFO     | nipype.workflow  | [Node] Executing "SpatialNormalization" <niworkflows.interfaces.reportlets.registration.SpatialNormalizationRPT>
2024-09-07 10:04:53 | INFO     | niworkflows      | Estimating initial transform using AffineInitializer
2024-09-07 10:05:03 | INFO     | niworkflows      | Terminal outputs of initialization saved (/home/oesteban/tmp/mriqc_ses-21301030/mriqc_wf/anatMRIQC/SpatialNormalization/9f3cadb21f9731fb806f9b05a1288a92c8a59a55/SpatialNormalization/stderr.nipype-init).
2024-09-07 10:05:03 | INFO     | niworkflows      | Loading settings from file /home/oesteban/workspace/niworkflows/niworkflows/data/t1w-mni_registration_testing_000.json.
2024-09-07 10:05:03 | INFO     | niworkflows      | Retry #1, commandline: 
antsRegistration --collapse-output-transforms 1 --dimensionality 3 --float 0 --initial-moving-transform [ /home/oesteban/tmp/mriqc_ses-21301030/mriqc_wf/anatMRIQC/SpatialNormalization/9f3cadb21f9731fb806f9b05a1288a92c8a59a55/SpatialNormalization/transform.mat, 0 ] --initialize-transforms-per-stage 0 --interpolation LanczosWindowedSinc --output [ ants_t1_to_mni, ants_t1_to_mni_Warped.nii.gz ] --transform Rigid[ 1.0 ] --metric Mattes[ /home/oesteban/tmp/mriqc_ses-21301030/mriqc_wf/anatMRIQC/SpatialNormalization/9f3cadb21f9731fb806f9b05a1288a92c8a59a55/SpatialNormalization/fixed_masked.nii.gz, /home/oesteban/tmp/mriqc_ses-21301030/mriqc_wf/anatMRIQC/SpatialNormalization/9f3cadb21f9731fb806f9b05a1288a92c8a59a55/SpatialNormalization/moving_masked.nii.gz, 1, 56, Random, 0.2 ] --convergence [ 20, 1e-07, 15 ] --smoothing-sigmas 4.0vox --shrink-factors 2 --use-histogram-matching 0 --transform Affine[ 1.0 ] --metric Mattes[ /home/oesteban/tmp/mriqc_ses-21301030/mriqc_wf/anatMRIQC/SpatialNormalization/9f3cadb21f9731fb806f9b05a1288a92c8a59a55/SpatialNormalization/fixed_masked.nii.gz, /home/oesteban/tmp/mriqc_ses-21301030/mriqc_wf/anatMRIQC/SpatialNormalization/9f3cadb21f9731fb806f9b05a1288a92c8a59a55/SpatialNormalization/moving_masked.nii.gz, 1, 56, Random, 0.1 ] --convergence [ 15, 1e-08, 5 ] --smoothing-sigmas 2.0vox --shrink-factors 1 --use-histogram-matching 1 --winsorize-image-intensities [ 0.005, 0.995 ]  --write-composite-transform 1
2024-09-07 10:05:07 | INFO     | niworkflows      | Successful spatial normalization (retry #1).
2024-09-07 10:05:09 | INFO     | niworkflows      | Report - setting fixed (/home/oesteban/tmp/mriqc_ses-21301030/mriqc_wf/anatMRIQC/SpatialNormalization/9f3cadb21f9731fb806f9b05a1288a92c8a59a55/SpatialNormalization/fixed_masked.nii.gz) and moving (/home/oesteban/tmp/mriqc_ses-21301030/mriqc_wf/anatMRIQC/SpatialNormalization/9f3cadb21f9731fb806f9b05a1288a92c8a59a55/SpatialNormalization/ants_t1_to_mni_Warped.nii.gz) images
2024-09-07 10:05:09 | INFO     | niworkflows      | Generating visual report
2024-09-07 10:05:22 | INFO     | nipype.workflow  | [Node] Finished "SpatialNormalization", elapsed time 30.241411s.
2024-09-07 10:05:24 | INFO     | nipype.workflow  | [Node] Setting-up "mriqc_wf.anatMRIQC.SpatialNormalization.SpatialNormalization" in "/home/oesteban/tmp/mriqc_ses-21301030/mriqc_wf/anatMRIQC/SpatialNormalization/226bfd44a73c02d61423c4b6cac6f8eb79c0cf2b/SpatialNormalization".
2024-09-07 10:05:24 | INFO     | nipype.workflow  | [Node] Executing "SpatialNormalization" <niworkflows.interfaces.reportlets.registration.SpatialNormalizationRPT>
2024-09-07 10:05:25 | INFO     | niworkflows      | Estimating initial transform using AffineInitializer
2024-09-07 10:05:26 | INFO     | nipype.workflow  | [Node] Setting-up "_tpms_std2t1w0" in "/home/oesteban/tmp/mriqc_ses-21301030/mriqc_wf/anatMRIQC/SpatialNormalization/9f3cadb21f9731fb806f9b05a1288a92c8a59a55/tpms_std2t1w/mapflow/_tpms_std2t1w0".
2024-09-07 10:05:26 | INFO     | nipype.workflow  | [Node] Setting-up "_tpms_std2t1w1" in "/home/oesteban/tmp/mriqc_ses-21301030/mriqc_wf/anatMRIQC/SpatialNormalization/9f3cadb21f9731fb806f9b05a1288a92c8a59a55/tpms_std2t1w/mapflow/_tpms_std2t1w1".
2024-09-07 10:05:26 | INFO     | nipype.workflow  | [Node] Setting-up "_tpms_std2t1w2" in "/home/oesteban/tmp/mriqc_ses-21301030/mriqc_wf/anatMRIQC/SpatialNormalization/9f3cadb21f9731fb806f9b05a1288a92c8a59a55/tpms_std2t1w/mapflow/_tpms_std2t1w2".
2024-09-07 10:05:26 | INFO     | nipype.workflow  | [Node] Executing "_tpms_std2t1w2" <niworkflows.interfaces.fixes.FixHeaderApplyTransforms>
2024-09-07 10:05:26 | INFO     | nipype.workflow  | [Node] Executing "_tpms_std2t1w0" <niworkflows.interfaces.fixes.FixHeaderApplyTransforms>
2024-09-07 10:05:26 | INFO     | nipype.workflow  | [Node] Executing "_tpms_std2t1w1" <niworkflows.interfaces.fixes.FixHeaderApplyTransforms>
2024-09-07 10:05:36 | INFO     | niworkflows      | Loading settings from file /home/oesteban/workspace/niworkflows/niworkflows/data/t1w-mni_registration_testing_000.json.
2024-09-07 10:05:36 | INFO     | niworkflows      | Retry #1, commandline: 
antsRegistration --collapse-output-transforms 1 --dimensionality 3 --float 0 --initial-moving-transform [ /home/oesteban/tmp/mriqc_ses-21301030/mriqc_wf/anatMRIQC/SpatialNormalization/226bfd44a73c02d61423c4b6cac6f8eb79c0cf2b/SpatialNormalization/transform.mat, 0 ] --initialize-transforms-per-stage 0 --interpolation LanczosWindowedSinc --output [ ants_t1_to_mni, ants_t1_to_mni_Warped.nii.gz ] --transform Rigid[ 1.0 ] --metric Mattes[ /home/oesteban/tmp/mriqc_ses-21301030/mriqc_wf/anatMRIQC/SpatialNormalization/226bfd44a73c02d61423c4b6cac6f8eb79c0cf2b/SpatialNormalization/fixed_masked.nii.gz, /home/oesteban/tmp/mriqc_ses-21301030/mriqc_wf/anatMRIQC/SpatialNormalization/226bfd44a73c02d61423c4b6cac6f8eb79c0cf2b/SpatialNormalization/moving_masked.nii.gz, 1, 56, Random, 0.2 ] --convergence [ 20, 1e-07, 15 ] --smoothing-sigmas 4.0vox --shrink-factors 2 --use-histogram-matching 0 --transform Affine[ 1.0 ] --metric Mattes[ /home/oesteban/tmp/mriqc_ses-21301030/mriqc_wf/anatMRIQC/SpatialNormalization/226bfd44a73c02d61423c4b6cac6f8eb79c0cf2b/SpatialNormalization/fixed_masked.nii.gz, /home/oesteban/tmp/mriqc_ses-21301030/mriqc_wf/anatMRIQC/SpatialNormalization/226bfd44a73c02d61423c4b6cac6f8eb79c0cf2b/SpatialNormalization/moving_masked.nii.gz, 1, 56, Random, 0.1 ] --convergence [ 15, 1e-08, 5 ] --smoothing-sigmas 2.0vox --shrink-factors 1 --use-histogram-matching 1 --winsorize-image-intensities [ 0.005, 0.995 ]  --write-composite-transform 1
2024-09-07 10:05:39 | INFO     | nipype.workflow  | [Node] Finished "_tpms_std2t1w0", elapsed time 12.641592s.
2024-09-07 10:05:39 | INFO     | nipype.workflow  | [Node] Finished "_tpms_std2t1w2", elapsed time 13.039337s.
2024-09-07 10:05:40 | INFO     | niworkflows      | Successful spatial normalization (retry #1).
2024-09-07 10:05:40 | INFO     | nipype.workflow  | [Node] Finished "_tpms_std2t1w1", elapsed time 13.65906s.
2024-09-07 10:05:40 | INFO     | nipype.workflow  | [Node] Setting-up "_tpms_std2t1w0" in "/home/oesteban/tmp/mriqc_ses-21301030/mriqc_wf/anatMRIQC/SpatialNormalization/9f3cadb21f9731fb806f9b05a1288a92c8a59a55/tpms_std2t1w/mapflow/_tpms_std2t1w0".
2024-09-07 10:05:40 | INFO     | nipype.workflow  | [Node] Cached "_tpms_std2t1w0" - collecting precomputed outputs
2024-09-07 10:05:40 | INFO     | nipype.workflow  | [Node] "_tpms_std2t1w0" found cached.
2024-09-07 10:05:40 | INFO     | nipype.workflow  | [Node] Setting-up "_tpms_std2t1w1" in "/home/oesteban/tmp/mriqc_ses-21301030/mriqc_wf/anatMRIQC/SpatialNormalization/9f3cadb21f9731fb806f9b05a1288a92c8a59a55/tpms_std2t1w/mapflow/_tpms_std2t1w1".
2024-09-07 10:05:40 | INFO     | nipype.workflow  | [Node] Cached "_tpms_std2t1w1" - collecting precomputed outputs
2024-09-07 10:05:40 | INFO     | nipype.workflow  | [Node] "_tpms_std2t1w1" found cached.
2024-09-07 10:05:40 | INFO     | nipype.workflow  | [Node] Setting-up "_tpms_std2t1w2" in "/home/oesteban/tmp/mriqc_ses-21301030/mriqc_wf/anatMRIQC/SpatialNormalization/9f3cadb21f9731fb806f9b05a1288a92c8a59a55/tpms_std2t1w/mapflow/_tpms_std2t1w2".
2024-09-07 10:05:40 | INFO     | nipype.workflow  | [Node] Cached "_tpms_std2t1w2" - collecting precomputed outputs
2024-09-07 10:05:40 | INFO     | nipype.workflow  | [Node] "_tpms_std2t1w2" found cached.
2024-09-07 10:05:41 | INFO     | niworkflows      | Report - setting fixed (/home/oesteban/tmp/mriqc_ses-21301030/mriqc_wf/anatMRIQC/SpatialNormalization/226bfd44a73c02d61423c4b6cac6f8eb79c0cf2b/SpatialNormalization/fixed_masked.nii.gz) and moving (/home/oesteban/tmp/mriqc_ses-21301030/mriqc_wf/anatMRIQC/SpatialNormalization/226bfd44a73c02d61423c4b6cac6f8eb79c0cf2b/SpatialNormalization/ants_t1_to_mni_Warped.nii.gz) images
2024-09-07 10:05:41 | INFO     | niworkflows      | Generating visual report
2024-09-07 10:05:42 | INFO     | nipype.workflow  | [Node] Setting-up "mriqc_wf.anatMRIQC.brain_tissue_segmentation.format_tpm_names" in "/home/oesteban/tmp/mriqc_ses-21301030/mriqc_wf/anatMRIQC/brain_tissue_segmentation/9f3cadb21f9731fb806f9b05a1288a92c8a59a55/format_tpm_names".
2024-09-07 10:05:42 | INFO     | nipype.workflow  | [Node] Setting-up "mriqc_wf.anatMRIQC.HeadMaskWorkflow.Enhance" in "/home/oesteban/tmp/mriqc_ses-21301030/mriqc_wf/anatMRIQC/HeadMaskWorkflow/9f3cadb21f9731fb806f9b05a1288a92c8a59a55/Enhance".
2024-09-07 10:05:42 | INFO     | nipype.workflow  | [Node] Executing "format_tpm_names" <nipype.interfaces.utility.wrappers.Function>
2024-09-07 10:05:42 | INFO     | nipype.workflow  | [Node] Executing "Enhance" <nipype.interfaces.utility.wrappers.Function>
2024-09-07 10:05:44 | INFO     | nipype.workflow  | [Node] Finished "Enhance", elapsed time 1.679889s.
2024-09-07 10:05:44 | INFO     | nipype.workflow  | [Node] Setting-up "mriqc_wf.anatMRIQC.HeadMaskWorkflow.Grad" in "/home/oesteban/tmp/mriqc_ses-21301030/mriqc_wf/anatMRIQC/HeadMaskWorkflow/9f3cadb21f9731fb806f9b05a1288a92c8a59a55/Grad".
2024-09-07 10:05:44 | INFO     | nipype.workflow  | [Node] Setting-up "mriqc_wf.anatMRIQC.HeadMaskWorkflow.apply_mask" in "/home/oesteban/tmp/mriqc_ses-21301030/mriqc_wf/anatMRIQC/HeadMaskWorkflow/9f3cadb21f9731fb806f9b05a1288a92c8a59a55/apply_mask".
2024-09-07 10:05:44 | INFO     | nipype.workflow  | [Node] Executing "Grad" <nipype.interfaces.utility.wrappers.Function>
2024-09-07 10:05:44 | INFO     | nipype.workflow  | [Node] Executing "apply_mask" <niworkflows.interfaces.nibabel.ApplyMask>
2024-09-07 10:05:45 | INFO     | nipype.workflow  | [Node] Finished "apply_mask", elapsed time 0.744649s.
2024-09-07 10:05:45 | INFO     | nipype.workflow  | [Node] Finished "format_tpm_names", elapsed time 3.084628s.
2024-09-07 10:05:49 | INFO     | nipype.workflow  | [Node] Finished "Grad", elapsed time 4.734489s.
2024-09-07 10:05:50 | INFO     | nipype.workflow  | [Node] Setting-up "mriqc_wf.anatMRIQC.HeadMaskWorkflow.GradientThreshold" in "/home/oesteban/tmp/mriqc_ses-21301030/mriqc_wf/anatMRIQC/HeadMaskWorkflow/9f3cadb21f9731fb806f9b05a1288a92c8a59a55/GradientThreshold".
2024-09-07 10:05:50 | INFO     | nipype.workflow  | [Node] Executing "GradientThreshold" <nipype.interfaces.utility.wrappers.Function>
2024-09-07 10:05:55 | INFO     | nipype.workflow  | [Node] Finished "SpatialNormalization", elapsed time 31.387654s.
2024-09-07 10:05:56 | INFO     | nipype.workflow  | [Node] Setting-up "mriqc_wf.dwiMRIQC.synthstrip_wf.synthstrip" in "/home/oesteban/tmp/mriqc_ses-21301030/mriqc_wf/dwiMRIQC/synthstrip_wf/a5fd62e074aca7fe010b210787dff15f0f950542/synthstrip".
2024-09-07 10:05:56 | INFO     | nipype.workflow  | [Node] Executing "synthstrip" <mriqc.interfaces.synthstrip.SynthStrip>
2024-09-07 10:05:58 | INFO     | nipype.workflow  | [Node] Setting-up "_tpms_std2t1w0" in "/home/oesteban/tmp/mriqc_ses-21301030/mriqc_wf/anatMRIQC/SpatialNormalization/226bfd44a73c02d61423c4b6cac6f8eb79c0cf2b/tpms_std2t1w/mapflow/_tpms_std2t1w0".
2024-09-07 10:05:58 | INFO     | nipype.workflow  | [Node] Setting-up "_tpms_std2t1w1" in "/home/oesteban/tmp/mriqc_ses-21301030/mriqc_wf/anatMRIQC/SpatialNormalization/226bfd44a73c02d61423c4b6cac6f8eb79c0cf2b/tpms_std2t1w/mapflow/_tpms_std2t1w1".
2024-09-07 10:05:58 | INFO     | nipype.workflow  | [Node] Setting-up "_tpms_std2t1w2" in "/home/oesteban/tmp/mriqc_ses-21301030/mriqc_wf/anatMRIQC/SpatialNormalization/226bfd44a73c02d61423c4b6cac6f8eb79c0cf2b/tpms_std2t1w/mapflow/_tpms_std2t1w2".
2024-09-07 10:05:58 | INFO     | nipype.workflow  | [Node] Executing "_tpms_std2t1w0" <niworkflows.interfaces.fixes.FixHeaderApplyTransforms>
2024-09-07 10:05:58 | INFO     | nipype.workflow  | [Node] Executing "_tpms_std2t1w1" <niworkflows.interfaces.fixes.FixHeaderApplyTransforms>
2024-09-07 10:05:58 | INFO     | nipype.workflow  | [Node] Executing "_tpms_std2t1w2" <niworkflows.interfaces.fixes.FixHeaderApplyTransforms>
2024-09-07 10:06:11 | INFO     | nipype.workflow  | [Node] Finished "_tpms_std2t1w2", elapsed time 12.441187s.
2024-09-07 10:06:12 | INFO     | nipype.workflow  | [Node] Finished "synthstrip", elapsed time 15.763046s.
2024-09-07 10:06:12 | INFO     | nipype.workflow  | [Node] Finished "_tpms_std2t1w1", elapsed time 13.251862s.
2024-09-07 10:06:12 | INFO     | nipype.workflow  | [Node] Finished "_tpms_std2t1w0", elapsed time 13.630849s.
2024-09-07 10:06:12 | INFO     | nipype.workflow  | [Node] Setting-up "mriqc_wf.dwiMRIQC.synthstrip_wf.post_n4" in "/home/oesteban/tmp/mriqc_ses-21301030/mriqc_wf/dwiMRIQC/synthstrip_wf/a5fd62e074aca7fe010b210787dff15f0f950542/post_n4".
2024-09-07 10:06:12 | INFO     | nipype.workflow  | [Node] Executing "post_n4" <nipype.interfaces.ants.segmentation.N4BiasFieldCorrection>
2024-09-07 10:06:14 | INFO     | nipype.workflow  | [Node] Setting-up "_tpms_std2t1w0" in "/home/oesteban/tmp/mriqc_ses-21301030/mriqc_wf/anatMRIQC/SpatialNormalization/226bfd44a73c02d61423c4b6cac6f8eb79c0cf2b/tpms_std2t1w/mapflow/_tpms_std2t1w0".
2024-09-07 10:06:14 | INFO     | nipype.workflow  | [Node] Cached "_tpms_std2t1w0" - collecting precomputed outputs
2024-09-07 10:06:14 | INFO     | nipype.workflow  | [Node] "_tpms_std2t1w0" found cached.
2024-09-07 10:06:14 | INFO     | nipype.workflow  | [Node] Setting-up "_tpms_std2t1w1" in "/home/oesteban/tmp/mriqc_ses-21301030/mriqc_wf/anatMRIQC/SpatialNormalization/226bfd44a73c02d61423c4b6cac6f8eb79c0cf2b/tpms_std2t1w/mapflow/_tpms_std2t1w1".
2024-09-07 10:06:14 | INFO     | nipype.workflow  | [Node] Cached "_tpms_std2t1w1" - collecting precomputed outputs
2024-09-07 10:06:14 | INFO     | nipype.workflow  | [Node] "_tpms_std2t1w1" found cached.
2024-09-07 10:06:14 | INFO     | nipype.workflow  | [Node] Setting-up "_tpms_std2t1w2" in "/home/oesteban/tmp/mriqc_ses-21301030/mriqc_wf/anatMRIQC/SpatialNormalization/226bfd44a73c02d61423c4b6cac6f8eb79c0cf2b/tpms_std2t1w/mapflow/_tpms_std2t1w2".
2024-09-07 10:06:14 | INFO     | nipype.workflow  | [Node] Cached "_tpms_std2t1w2" - collecting precomputed outputs
2024-09-07 10:06:14 | INFO     | nipype.workflow  | [Node] "_tpms_std2t1w2" found cached.
2024-09-07 10:06:16 | INFO     | nipype.workflow  | [Node] Finished "post_n4", elapsed time 3.543282s.
2024-09-07 10:06:16 | INFO     | nipype.workflow  | [Node] Setting-up "mriqc_wf.anatMRIQC.HeadMaskWorkflow.Enhance" in "/home/oesteban/tmp/mriqc_ses-21301030/mriqc_wf/anatMRIQC/HeadMaskWorkflow/226bfd44a73c02d61423c4b6cac6f8eb79c0cf2b/Enhance".
2024-09-07 10:06:16 | INFO     | nipype.workflow  | [Node] Setting-up "mriqc_wf.dwiMRIQC.sp_mask" in "/home/oesteban/tmp/mriqc_ses-21301030/mriqc_wf/dwiMRIQC/a5fd62e074aca7fe010b210787dff15f0f950542/sp_mask".
2024-09-07 10:06:16 | INFO     | nipype.workflow  | [Node] Setting-up "mriqc_wf.anatMRIQC.brain_tissue_segmentation.format_tpm_names" in "/home/oesteban/tmp/mriqc_ses-21301030/mriqc_wf/anatMRIQC/brain_tissue_segmentation/226bfd44a73c02d61423c4b6cac6f8eb79c0cf2b/format_tpm_names".
2024-09-07 10:06:16 | INFO     | nipype.workflow  | [Node] Setting-up "mriqc_wf.dwiMRIQC.synthstrip_wf.final_masked" in "/home/oesteban/tmp/mriqc_ses-21301030/mriqc_wf/dwiMRIQC/synthstrip_wf/a5fd62e074aca7fe010b210787dff15f0f950542/final_masked".
2024-09-07 10:06:16 | INFO     | nipype.workflow  | [Node] Executing "Enhance" <nipype.interfaces.utility.wrappers.Function>
2024-09-07 10:06:16 | INFO     | nipype.workflow  | [Node] Executing "format_tpm_names" <nipype.interfaces.utility.wrappers.Function>
2024-09-07 10:06:16 | INFO     | nipype.workflow  | [Node] Executing "final_masked" <niworkflows.interfaces.nibabel.ApplyMask>
2024-09-07 10:06:16 | INFO     | nipype.workflow  | [Node] Executing "sp_mask" <mriqc.interfaces.diffusion.SpikingVoxelsMask>
2024-09-07 10:06:16 | INFO     | nipype.workflow  | [Node] Finished "final_masked", elapsed time 0.121138s.
2024-09-07 10:06:18 | INFO     | nipype.workflow  | [Node] Finished "Enhance", elapsed time 1.656031s.
2024-09-07 10:06:18 | INFO     | nipype.workflow  | [Node] Setting-up "mriqc_wf.anatMRIQC.HeadMaskWorkflow.Grad" in "/home/oesteban/tmp/mriqc_ses-21301030/mriqc_wf/anatMRIQC/HeadMaskWorkflow/226bfd44a73c02d61423c4b6cac6f8eb79c0cf2b/Grad".
2024-09-07 10:06:18 | INFO     | nipype.workflow  | [Node] Setting-up "mriqc_wf.anatMRIQC.HeadMaskWorkflow.apply_mask" in "/home/oesteban/tmp/mriqc_ses-21301030/mriqc_wf/anatMRIQC/HeadMaskWorkflow/226bfd44a73c02d61423c4b6cac6f8eb79c0cf2b/apply_mask".
2024-09-07 10:06:18 | INFO     | nipype.workflow  | [Node] Executing "apply_mask" <niworkflows.interfaces.nibabel.ApplyMask>
2024-09-07 10:06:18 | INFO     | nipype.workflow  | [Node] Executing "Grad" <nipype.interfaces.utility.wrappers.Function>
2024-09-07 10:06:19 | INFO     | nipype.workflow  | [Node] Finished "apply_mask", elapsed time 0.723067s.
2024-09-07 10:06:19 | INFO     | nipype.workflow  | [Node] Finished "format_tpm_names", elapsed time 3.129405s.
2024-09-07 10:06:23 | INFO     | nipype.workflow  | [Node] Finished "Grad", elapsed time 4.950899s.
2024-09-07 10:06:24 | INFO     | nipype.workflow  | [Node] Setting-up "mriqc_wf.anatMRIQC.HeadMaskWorkflow.GradientThreshold" in "/home/oesteban/tmp/mriqc_ses-21301030/mriqc_wf/anatMRIQC/HeadMaskWorkflow/226bfd44a73c02d61423c4b6cac6f8eb79c0cf2b/GradientThreshold".
2024-09-07 10:06:24 | INFO     | nipype.workflow  | [Node] Executing "GradientThreshold" <nipype.interfaces.utility.wrappers.Function>
2024-09-07 10:06:42 | INFO     | nipype.workflow  | [Node] Finished "sp_mask", elapsed time 25.846766s.
2024-09-07 10:06:42 | INFO     | nipype.workflow  | [Node] Finished "GradientThreshold", elapsed time 51.902001s.
2024-09-07 10:06:44 | INFO     | nipype.workflow  | [Node] Setting-up "mriqc_wf.anatMRIQC.AirMaskWorkflow.ArtifactMask" in "/home/oesteban/tmp/mriqc_ses-21301030/mriqc_wf/anatMRIQC/AirMaskWorkflow/9f3cadb21f9731fb806f9b05a1288a92c8a59a55/ArtifactMask".
2024-09-07 10:06:44 | INFO     | nipype.workflow  | [Node] Setting-up "mriqc_wf.dwiMRIQC.drift" in "/home/oesteban/tmp/mriqc_ses-21301030/mriqc_wf/dwiMRIQC/a5fd62e074aca7fe010b210787dff15f0f950542/drift".
2024-09-07 10:06:44 | INFO     | nipype.workflow  | [Node] Executing "ArtifactMask" <mriqc.interfaces.anatomical.ArtifactMask>
2024-09-07 10:06:44 | INFO     | nipype.workflow  | [Node] Executing "drift" <mriqc.interfaces.diffusion.CorrectSignalDrift>
2024-09-07 10:06:44 | INFO     | nipype.interface | Correcting drift with 6 b=0 volumes, with global signal estimated at 1.0, 0.991, 0.991, 0.9865, 0.991, 0.9865.
2024-09-07 10:06:50 | INFO     | nipype.workflow  | [Node] Finished "ArtifactMask", elapsed time 6.347648s.
2024-09-07 10:06:52 | INFO     | nipype.workflow  | [Node] Setting-up "mriqc_wf.anatMRIQC.ComputeIQMs.provenance" in "/home/oesteban/tmp/mriqc_ses-21301030/mriqc_wf/anatMRIQC/ComputeIQMs/9f3cadb21f9731fb806f9b05a1288a92c8a59a55/provenance".
2024-09-07 10:06:52 | INFO     | nipype.workflow  | [Node] Executing "provenance" <mriqc.interfaces.reports.AddProvenance>
2024-09-07 10:06:52 | INFO     | nipype.workflow  | [Node] Finished "provenance", elapsed time 0.11792s.
2024-09-07 10:06:52 | INFO     | nipype.workflow  | [Node] Setting-up "mriqc_wf.anatMRIQC.ComputeIQMs.ComputeQI2" in "/home/oesteban/tmp/mriqc_ses-21301030/mriqc_wf/anatMRIQC/ComputeIQMs/9f3cadb21f9731fb806f9b05a1288a92c8a59a55/ComputeQI2".
2024-09-07 10:06:52 | INFO     | nipype.workflow  | [Node] Executing "ComputeQI2" <mriqc.interfaces.anatomical.ComputeQI2>
2024-09-07 10:07:03 | INFO     | nipype.workflow  | [Node] Finished "ComputeQI2", elapsed time 10.701916s.
2024-09-07 10:07:09 | INFO     | nipype.workflow  | [Node] Finished "drift", elapsed time 24.740867s.
2024-09-07 10:07:10 | INFO     | nipype.workflow  | [Node] Setting-up "mriqc_wf.dwiMRIQC.SpatialNormalization.EPI2MNI" in "/home/oesteban/tmp/mriqc_ses-21301030/mriqc_wf/dwiMRIQC/SpatialNormalization/a5fd62e074aca7fe010b210787dff15f0f950542/EPI2MNI".
2024-09-07 10:07:10 | INFO     | nipype.workflow  | [Node] Executing "EPI2MNI" <niworkflows.interfaces.reportlets.registration.SpatialNormalizationRPT>
2024-09-07 10:07:10 | INFO     | niworkflows      | Estimating initial transform using AffineInitializer
2024-09-07 10:07:15 | INFO     | niworkflows      | Terminal outputs of initialization saved (/home/oesteban/tmp/mriqc_ses-21301030/mriqc_wf/dwiMRIQC/SpatialNormalization/a5fd62e074aca7fe010b210787dff15f0f950542/EPI2MNI/stderr.nipype-init).
2024-09-07 10:07:15 | INFO     | niworkflows      | Loading settings from file /home/oesteban/workspace/niworkflows/niworkflows/data/boldref-mni_registration_precise_000.json.
2024-09-07 10:07:15 | INFO     | niworkflows      | Retry #1, commandline: 
antsRegistration --collapse-output-transforms 1 --dimensionality 3 --float 0 --initial-moving-transform [ /home/oesteban/tmp/mriqc_ses-21301030/mriqc_wf/dwiMRIQC/SpatialNormalization/a5fd62e074aca7fe010b210787dff15f0f950542/EPI2MNI/transform.mat, 0 ] --initialize-transforms-per-stage 0 --interpolation LanczosWindowedSinc --output [ epi_to_mni, epi_to_mni_Warped.nii.gz ] --transform Rigid[ 0.05 ] --metric Mattes[ /data/datasets/templateflow-s3/tpl-MNI152NLin2009cAsym/tpl-MNI152NLin2009cAsym_res-02_desc-fMRIPrep_boldref.nii.gz, /home/oesteban/tmp/mriqc_ses-21301030/mriqc_wf/dwiMRIQC/SpatialNormalization/a5fd62e074aca7fe010b210787dff15f0f950542/SharpenEPI/sub-001_ses-21301030_acq-highres_dir-RL_dwi_valid_average_corrected.nii.gz, 1, 56, Regular, 0.25 ] --convergence [ 10000x1000x100, 1e-06, 20 ] --smoothing-sigmas 4.0x2.0x1.0vox --shrink-factors 4x2x1 --use-histogram-matching 1 --masks [ /data/datasets/templateflow-s3/tpl-MNI152NLin2009cAsym/tpl-MNI152NLin2009cAsym_res-02_desc-brain_mask.nii.gz, /home/oesteban/tmp/mriqc_ses-21301030/mriqc_wf/dwiMRIQC/synthstrip_wf/a5fd62e074aca7fe010b210787dff15f0f950542/synthstrip/clipped_corrected_desc-brain_mask.nii.gz ] --transform Affine[ 0.08 ] --metric Mattes[ /data/datasets/templateflow-s3/tpl-MNI152NLin2009cAsym/tpl-MNI152NLin2009cAsym_res-02_desc-fMRIPrep_boldref.nii.gz, /home/oesteban/tmp/mriqc_ses-21301030/mriqc_wf/dwiMRIQC/SpatialNormalization/a5fd62e074aca7fe010b210787dff15f0f950542/SharpenEPI/sub-001_ses-21301030_acq-highres_dir-RL_dwi_valid_average_corrected.nii.gz, 1, 56, Regular, 0.25 ] --convergence [ 500x250x100, 1e-06, 20 ] --smoothing-sigmas 4.0x2.0x1.0vox --shrink-factors 8x4x2 --use-histogram-matching 1 --masks [ /data/datasets/templateflow-s3/tpl-MNI152NLin2009cAsym/tpl-MNI152NLin2009cAsym_res-02_desc-brain_mask.nii.gz, /home/oesteban/tmp/mriqc_ses-21301030/mriqc_wf/dwiMRIQC/synthstrip_wf/a5fd62e074aca7fe010b210787dff15f0f950542/synthstrip/clipped_corrected_desc-brain_mask.nii.gz ] --transform SyN[ 0.1, 3.0, 0.0 ] --metric CC[ /data/datasets/templateflow-s3/tpl-MNI152NLin2009cAsym/tpl-MNI152NLin2009cAsym_res-02_desc-fMRIPrep_boldref.nii.gz, /home/oesteban/tmp/mriqc_ses-21301030/mriqc_wf/dwiMRIQC/SpatialNormalization/a5fd62e074aca7fe010b210787dff15f0f950542/SharpenEPI/sub-001_ses-21301030_acq-highres_dir-RL_dwi_valid_average_corrected.nii.gz, 1, 4, None, 1 ] --convergence [ 100x30x20, 1e-06, 10 ] --smoothing-sigmas 3.0x2.0x1.0vox --shrink-factors 8x4x2 --use-histogram-matching 1 --masks [ /data/datasets/templateflow-s3/tpl-MNI152NLin2009cAsym/tpl-MNI152NLin2009cAsym_res-02_desc-brain_mask.nii.gz, /home/oesteban/tmp/mriqc_ses-21301030/mriqc_wf/dwiMRIQC/synthstrip_wf/a5fd62e074aca7fe010b210787dff15f0f950542/synthstrip/clipped_corrected_desc-brain_mask.nii.gz ] --winsorize-image-intensities [ 0.005, 0.995 ]  --write-composite-transform 1
2024-09-07 10:07:15 | INFO     | nipype.workflow  | [Node] Finished "GradientThreshold", elapsed time 51.089501s.
2024-09-07 10:07:16 | INFO     | nipype.workflow  | [Node] Setting-up "mriqc_wf.anatMRIQC.AirMaskWorkflow.ArtifactMask" in "/home/oesteban/tmp/mriqc_ses-21301030/mriqc_wf/anatMRIQC/AirMaskWorkflow/226bfd44a73c02d61423c4b6cac6f8eb79c0cf2b/ArtifactMask".
2024-09-07 10:07:16 | INFO     | nipype.workflow  | [Node] Executing "ArtifactMask" <mriqc.interfaces.anatomical.ArtifactMask>
2024-09-07 10:07:23 | INFO     | nipype.workflow  | [Node] Finished "ArtifactMask", elapsed time 6.427974s.
2024-09-07 10:07:24 | INFO     | nipype.workflow  | [Node] Setting-up "mriqc_wf.anatMRIQC.ComputeIQMs.provenance" in "/home/oesteban/tmp/mriqc_ses-21301030/mriqc_wf/anatMRIQC/ComputeIQMs/226bfd44a73c02d61423c4b6cac6f8eb79c0cf2b/provenance".
2024-09-07 10:07:24 | INFO     | nipype.workflow  | [Node] Executing "provenance" <mriqc.interfaces.reports.AddProvenance>
2024-09-07 10:07:24 | INFO     | nipype.workflow  | [Node] Finished "provenance", elapsed time 0.126747s.
2024-09-07 10:07:24 | INFO     | nipype.workflow  | [Node] Setting-up "mriqc_wf.anatMRIQC.ComputeIQMs.ComputeQI2" in "/home/oesteban/tmp/mriqc_ses-21301030/mriqc_wf/anatMRIQC/ComputeIQMs/226bfd44a73c02d61423c4b6cac6f8eb79c0cf2b/ComputeQI2".
2024-09-07 10:07:24 | INFO     | nipype.workflow  | [Node] Executing "ComputeQI2" <mriqc.interfaces.anatomical.ComputeQI2>
2024-09-07 10:07:26 | INFO     | niworkflows      | Successful spatial normalization (retry #1).
2024-09-07 10:07:26 | INFO     | niworkflows      | Report - setting fixed (/data/datasets/templateflow-s3/tpl-MNI152NLin2009cAsym/tpl-MNI152NLin2009cAsym_res-02_desc-fMRIPrep_boldref.nii.gz) and moving (/home/oesteban/tmp/mriqc_ses-21301030/mriqc_wf/dwiMRIQC/SpatialNormalization/a5fd62e074aca7fe010b210787dff15f0f950542/EPI2MNI/epi_to_mni_Warped.nii.gz) images
2024-09-07 10:07:26 | INFO     | niworkflows      | Generating visual report
2024-09-07 10:07:35 | INFO     | nipype.workflow  | [Node] Finished "ComputeQI2", elapsed time 10.466068s.
2024-09-07 10:07:40 | INFO     | nipype.workflow  | [Node] Finished "EPI2MNI", elapsed time 29.373164s.
2024-09-07 10:07:40 | INFO     | nipype.workflow  | [Node] Setting-up "mriqc_wf.dwiMRIQC.dwidenoise" in "/home/oesteban/tmp/mriqc_ses-21301030/mriqc_wf/dwiMRIQC/a5fd62e074aca7fe010b210787dff15f0f950542/dwidenoise".
2024-09-07 10:07:40 | INFO     | nipype.workflow  | [Node] Executing "dwidenoise" <nipype.interfaces.mrtrix3.preprocess.DWIDenoise>
2024-09-07 10:13:53 | INFO     | nipype.workflow  | [Node] Finished "dwidenoise", elapsed time 372.243247s.
2024-09-07 10:13:54 | INFO     | nipype.workflow  | [Node] Setting-up "mriqc_wf.dwiMRIQC.ComputeIQMs.estimate_sigma" in "/home/oesteban/tmp/mriqc_ses-21301030/mriqc_wf/dwiMRIQC/ComputeIQMs/a5fd62e074aca7fe010b210787dff15f0f950542/estimate_sigma".
2024-09-07 10:13:54 | INFO     | nipype.workflow  | [Node] Setting-up "mriqc_wf.dwiMRIQC.SpatialNormalization.ResampleSegmentation" in "/home/oesteban/tmp/mriqc_ses-21301030/mriqc_wf/dwiMRIQC/SpatialNormalization/a5fd62e074aca7fe010b210787dff15f0f950542/ResampleSegmentation".
2024-09-07 10:13:54 | INFO     | nipype.workflow  | [Node] Setting-up "mriqc_wf.anatMRIQC.brain_tissue_segmentation.segmentation" in "/home/oesteban/tmp/mriqc_ses-21301030/mriqc_wf/anatMRIQC/brain_tissue_segmentation/9f3cadb21f9731fb806f9b05a1288a92c8a59a55/segmentation".
2024-09-07 10:13:54 | INFO     | nipype.workflow  | [Node] Executing "estimate_sigma" <nipype.interfaces.utility.wrappers.Function>
2024-09-07 10:13:54 | INFO     | nipype.workflow  | [Node] Executing "ResampleSegmentation" <nipype.interfaces.ants.resampling.ApplyTransforms>
2024-09-07 10:13:54 | INFO     | nipype.workflow  | [Node] Executing "segmentation" <nipype.interfaces.ants.segmentation.Atropos>
2024-09-07 10:13:54 | INFO     | nipype.workflow  | [Node] Finished "estimate_sigma", elapsed time 0.057109s.
2024-09-07 10:14:03 | INFO     | nipype.workflow  | [Node] Finished "ResampleSegmentation", elapsed time 8.562909s.
2024-09-07 10:14:04 | INFO     | nipype.workflow  | [Node] Setting-up "mriqc_wf.dwiMRIQC.dwi_report_wf.get_wm" in "/home/oesteban/tmp/mriqc_ses-21301030/mriqc_wf/dwiMRIQC/dwi_report_wf/a5fd62e074aca7fe010b210787dff15f0f950542/get_wm".
2024-09-07 10:14:04 | INFO     | nipype.workflow  | [Node] Executing "get_wm" <nipype.interfaces.utility.wrappers.Function>
2024-09-07 10:14:04 | INFO     | nipype.workflow  | [Node] Finished "get_wm", elapsed time 0.097s.
2024-09-07 10:15:16 | INFO     | nipype.workflow  | [Node] Finished "segmentation", elapsed time 81.367098s.
2024-09-07 10:15:16 | INFO     | nipype.workflow  | [Node] Setting-up "mriqc_wf.dwiMRIQC.dwimodel" in "/home/oesteban/tmp/mriqc_ses-21301030/mriqc_wf/dwiMRIQC/a5fd62e074aca7fe010b210787dff15f0f950542/dwimodel".
2024-09-07 10:15:16 | INFO     | nipype.workflow  | [Node] Executing "dwimodel" <mriqc.interfaces.diffusion.DiffusionModel>
2024-09-07 10:17:29 | INFO     | nipype.workflow  | [Node] Finished "dwimodel", elapsed time 133.048434s.
2024-09-07 10:17:30 | INFO     | nipype.workflow  | [Node] Setting-up "mriqc_wf.anatMRIQC.ComputeIQMs.harmonize" in "/home/oesteban/tmp/mriqc_ses-21301030/mriqc_wf/anatMRIQC/ComputeIQMs/9f3cadb21f9731fb806f9b05a1288a92c8a59a55/harmonize".
2024-09-07 10:17:30 | INFO     | nipype.workflow  | [Node] Setting-up "mriqc_wf.anatMRIQC.brain_tissue_segmentation.segmentation" in "/home/oesteban/tmp/mriqc_ses-21301030/mriqc_wf/anatMRIQC/brain_tissue_segmentation/226bfd44a73c02d61423c4b6cac6f8eb79c0cf2b/segmentation".
2024-09-07 10:17:30 | INFO     | nipype.workflow  | [Node] Executing "harmonize" <mriqc.interfaces.anatomical.Harmonize>
2024-09-07 10:17:30 | INFO     | nipype.workflow  | [Node] Executing "segmentation" <nipype.interfaces.ants.segmentation.Atropos>
2024-09-07 10:17:32 | INFO     | nipype.workflow  | [Node] Finished "harmonize", elapsed time 1.820279s.
2024-09-07 10:17:32 | INFO     | nipype.workflow  | [Node] Setting-up "mriqc_wf.anatMRIQC.ComputeIQMs.measures" in "/home/oesteban/tmp/mriqc_ses-21301030/mriqc_wf/anatMRIQC/ComputeIQMs/9f3cadb21f9731fb806f9b05a1288a92c8a59a55/measures".
2024-09-07 10:17:32 | INFO     | nipype.workflow  | [Node] Executing "measures" <mriqc.interfaces.anatomical.StructuralQC>
2024-09-07 10:17:39 | WARNING  | nipype.interface | Estimated signal variation in the background was too small (MAD=0.0, sigma=24.1672)
2024-09-07 10:17:39 | WARNING  | nipype.interface | Estimated signal variation in the background was too small (MAD=0.0, sigma=24.1672)
2024-09-07 10:17:39 | WARNING  | nipype.interface | Estimated signal variation in the background was too small (MAD=0.0, sigma=24.1672)
2024-09-07 10:17:49 | INFO     | nipype.workflow  | [Node] Finished "measures", elapsed time 16.658155999999998s.
2024-09-07 10:17:50 | INFO     | nipype.workflow  | [Node] Setting-up "mriqc_wf.anatMRIQC.ComputeIQMs.datasink" in "/home/oesteban/tmp/mriqc_ses-21301030/mriqc_wf/anatMRIQC/ComputeIQMs/9f3cadb21f9731fb806f9b05a1288a92c8a59a55/datasink".
2024-09-07 10:17:50 | INFO     | nipype.workflow  | [Node] Executing "datasink" <mriqc.interfaces.bids.IQMFileSink>
2024-09-07 10:17:50 | INFO     | nipype.workflow  | [Node] Finished "datasink", elapsed time 0.000574s.
2024-09-07 10:18:52 | INFO     | nipype.workflow  | [Node] Finished "segmentation", elapsed time 81.705086s.
2024-09-07 10:18:52 | INFO     | nipype.workflow  | [Node] Setting-up "mriqc_wf.dwiMRIQC.cc_mask" in "/home/oesteban/tmp/mriqc_ses-21301030/mriqc_wf/dwiMRIQC/a5fd62e074aca7fe010b210787dff15f0f950542/cc_mask".
2024-09-07 10:18:52 | INFO     | nipype.workflow  | [Node] Setting-up "mriqc_wf.dwiMRIQC.dwi_report_wf.mosaic_fa" in "/home/oesteban/tmp/mriqc_ses-21301030/mriqc_wf/dwiMRIQC/dwi_report_wf/a5fd62e074aca7fe010b210787dff15f0f950542/mosaic_fa".
2024-09-07 10:18:52 | INFO     | nipype.workflow  | [Node] Executing "cc_mask" <mriqc.interfaces.diffusion.CCSegmentation>
2024-09-07 10:18:52 | INFO     | nipype.workflow  | [Node] Executing "mosaic_fa" <nireports.interfaces.mosaic.PlotMosaic>
2024-09-07 10:18:54 | INFO     | nipype.workflow  | [Node] Finished "cc_mask", elapsed time 1.399902s.
2024-09-07 10:18:54 | INFO     | nipype.workflow  | [Node] Setting-up "mriqc_wf.dwiMRIQC.dwi_report_wf.mosaic_md" in "/home/oesteban/tmp/mriqc_ses-21301030/mriqc_wf/dwiMRIQC/dwi_report_wf/a5fd62e074aca7fe010b210787dff15f0f950542/mosaic_md".
2024-09-07 10:18:54 | INFO     | nipype.workflow  | [Node] Executing "mosaic_md" <nireports.interfaces.mosaic.PlotMosaic>
2024-09-07 10:18:54 | INFO     | nipype.workflow  | [Node] Finished "mosaic_fa", elapsed time 2.281847s.
2024-09-07 10:18:56 | INFO     | nipype.workflow  | [Node] Setting-up "mriqc_wf.dwiMRIQC.dwi_report_wf.ds_report_fa" in "/home/oesteban/tmp/mriqc_ses-21301030/mriqc_wf/dwiMRIQC/dwi_report_wf/a5fd62e074aca7fe010b210787dff15f0f950542/ds_report_fa".
2024-09-07 10:18:56 | INFO     | nipype.workflow  | [Node] Setting-up "mriqc_wf.anatMRIQC.ComputeIQMs.harmonize" in "/home/oesteban/tmp/mriqc_ses-21301030/mriqc_wf/anatMRIQC/ComputeIQMs/226bfd44a73c02d61423c4b6cac6f8eb79c0cf2b/harmonize".
2024-09-07 10:18:56 | INFO     | nipype.workflow  | [Node] Executing "ds_report_fa" <mriqc.interfaces.DerivativesDataSink>
2024-09-07 10:18:56 | INFO     | nipype.workflow  | [Node] Executing "harmonize" <mriqc.interfaces.anatomical.Harmonize>
2024-09-07 10:18:56 | INFO     | nipype.workflow  | [Node] Finished "ds_report_fa", elapsed time 0.004238s.
2024-09-07 10:18:56 | INFO     | nipype.workflow  | [Node] Finished "mosaic_md", elapsed time 2.259334s.
2024-09-07 10:18:58 | INFO     | nipype.workflow  | [Node] Finished "harmonize", elapsed time 1.75343s.
2024-09-07 10:18:58 | INFO     | nipype.workflow  | [Node] Setting-up "mriqc_wf.dwiMRIQC.dwi_report_wf.plot_heatmap" in "/home/oesteban/tmp/mriqc_ses-21301030/mriqc_wf/dwiMRIQC/dwi_report_wf/a5fd62e074aca7fe010b210787dff15f0f950542/plot_heatmap".
2024-09-07 10:18:58 | INFO     | nipype.workflow  | [Node] Executing "plot_heatmap" <nireports.interfaces.dmri.DWIHeatmap>
2024-09-07 10:19:06 | INFO     | nipype.workflow  | [Node] Finished "plot_heatmap", elapsed time 7.933747s.
2024-09-07 10:19:08 | INFO     | nipype.workflow  | [Node] Setting-up "mriqc_wf.dwiMRIQC.dwi_report_wf.ds_report_md" in "/home/oesteban/tmp/mriqc_ses-21301030/mriqc_wf/dwiMRIQC/dwi_report_wf/a5fd62e074aca7fe010b210787dff15f0f950542/ds_report_md".
2024-09-07 10:19:08 | INFO     | nipype.workflow  | [Node] Executing "ds_report_md" <mriqc.interfaces.DerivativesDataSink>
2024-09-07 10:19:08 | INFO     | nipype.workflow  | [Node] Finished "ds_report_md", elapsed time 0.003995s.
2024-09-07 10:19:08 | INFO     | nipype.workflow  | [Node] Setting-up "mriqc_wf.dwiMRIQC.dwi_report_wf.ds_report_hm" in "/home/oesteban/tmp/mriqc_ses-21301030/mriqc_wf/dwiMRIQC/dwi_report_wf/a5fd62e074aca7fe010b210787dff15f0f950542/ds_report_hm".
2024-09-07 10:19:08 | INFO     | nipype.workflow  | [Node] Executing "ds_report_hm" <mriqc.interfaces.DerivativesDataSink>
2024-09-07 10:19:08 | INFO     | nipype.workflow  | [Node] Finished "ds_report_hm", elapsed time 0.003945s.
2024-09-07 10:19:09 | INFO     | nipype.workflow  | [Node] Setting-up "mriqc_wf.anatMRIQC.ComputeIQMs.measures" in "/home/oesteban/tmp/mriqc_ses-21301030/mriqc_wf/anatMRIQC/ComputeIQMs/226bfd44a73c02d61423c4b6cac6f8eb79c0cf2b/measures".
2024-09-07 10:19:09 | INFO     | nipype.workflow  | [Node] Setting-up "_averages0" in "/home/oesteban/tmp/mriqc_ses-21301030/mriqc_wf/dwiMRIQC/a5fd62e074aca7fe010b210787dff15f0f950542/averages/mapflow/_averages0".
2024-09-07 10:19:09 | INFO     | nipype.workflow  | [Node] Executing "measures" <mriqc.interfaces.anatomical.StructuralQC>
2024-09-07 10:19:09 | INFO     | nipype.workflow  | [Node] Executing "_averages0" <mriqc.interfaces.diffusion.WeightedStat>
2024-09-07 10:19:16 | WARNING  | nipype.interface | Estimated signal variation in the background was too small (MAD=0.0, sigma=27.4562)
2024-09-07 10:19:16 | WARNING  | nipype.interface | Estimated signal variation in the background was too small (MAD=0.0, sigma=27.4562)
2024-09-07 10:19:16 | WARNING  | nipype.interface | Estimated signal variation in the background was too small (MAD=0.0, sigma=27.4562)
2024-09-07 10:19:16 | INFO     | nipype.workflow  | [Node] Finished "_averages0", elapsed time 7.635746s.
2024-09-07 10:19:18 | INFO     | nipype.workflow  | [Node] Setting-up "_averages1" in "/home/oesteban/tmp/mriqc_ses-21301030/mriqc_wf/dwiMRIQC/a5fd62e074aca7fe010b210787dff15f0f950542/averages/mapflow/_averages1".
2024-09-07 10:19:18 | INFO     | nipype.workflow  | [Node] Executing "_averages1" <mriqc.interfaces.diffusion.WeightedStat>
2024-09-07 10:19:26 | INFO     | nipype.workflow  | [Node] Finished "_averages1", elapsed time 7.479628s.
2024-09-07 10:19:26 | INFO     | nipype.workflow  | [Node] Setting-up "_averages2" in "/home/oesteban/tmp/mriqc_ses-21301030/mriqc_wf/dwiMRIQC/a5fd62e074aca7fe010b210787dff15f0f950542/averages/mapflow/_averages2".
2024-09-07 10:19:26 | INFO     | nipype.workflow  | [Node] Finished "measures", elapsed time 17.72874s.
2024-09-07 10:19:26 | INFO     | nipype.workflow  | [Node] Executing "_averages2" <mriqc.interfaces.diffusion.WeightedStat>
2024-09-07 10:19:28 | INFO     | nipype.workflow  | [Node] Setting-up "mriqc_wf.anatMRIQC.ComputeIQMs.datasink" in "/home/oesteban/tmp/mriqc_ses-21301030/mriqc_wf/anatMRIQC/ComputeIQMs/226bfd44a73c02d61423c4b6cac6f8eb79c0cf2b/datasink".
2024-09-07 10:19:28 | INFO     | nipype.workflow  | [Node] Executing "datasink" <mriqc.interfaces.bids.IQMFileSink>
2024-09-07 10:19:28 | INFO     | nipype.workflow  | [Node] Finished "datasink", elapsed time 0.000502s.
2024-09-07 10:19:28 | INFO     | nipype.workflow  | [Node] Setting-up "_averages3" in "/home/oesteban/tmp/mriqc_ses-21301030/mriqc_wf/dwiMRIQC/a5fd62e074aca7fe010b210787dff15f0f950542/averages/mapflow/_averages3".
2024-09-07 10:19:28 | INFO     | nipype.workflow  | [Node] Executing "_averages3" <mriqc.interfaces.diffusion.WeightedStat>
2024-09-07 10:19:34 | INFO     | nipype.workflow  | [Node] Finished "_averages2", elapsed time 7.390061s.
2024-09-07 10:19:34 | INFO     | nipype.workflow  | [Node] Setting-up "_averages4" in "/home/oesteban/tmp/mriqc_ses-21301030/mriqc_wf/dwiMRIQC/a5fd62e074aca7fe010b210787dff15f0f950542/averages/mapflow/_averages4".
2024-09-07 10:19:34 | INFO     | nipype.workflow  | [Node] Executing "_averages4" <mriqc.interfaces.diffusion.WeightedStat>
2024-09-07 10:19:36 | INFO     | nipype.workflow  | [Node] Finished "_averages3", elapsed time 7.433219s.
2024-09-07 10:19:36 | INFO     | nipype.workflow  | [Node] Setting-up "_stddev0" in "/home/oesteban/tmp/mriqc_ses-21301030/mriqc_wf/dwiMRIQC/a5fd62e074aca7fe010b210787dff15f0f950542/stddev/mapflow/_stddev0".
2024-09-07 10:19:36 | INFO     | nipype.workflow  | [Node] Executing "_stddev0" <mriqc.interfaces.diffusion.WeightedStat>
2024-09-07 10:19:42 | INFO     | nipype.workflow  | [Node] Finished "_averages4", elapsed time 7.459683s.
2024-09-07 10:19:42 | INFO     | nipype.workflow  | [Node] Setting-up "_averages0" in "/home/oesteban/tmp/mriqc_ses-21301030/mriqc_wf/dwiMRIQC/a5fd62e074aca7fe010b210787dff15f0f950542/averages/mapflow/_averages0".
2024-09-07 10:19:42 | INFO     | nipype.workflow  | [Node] Cached "_averages0" - collecting precomputed outputs
2024-09-07 10:19:42 | INFO     | nipype.workflow  | [Node] "_averages0" found cached.
2024-09-07 10:19:42 | INFO     | nipype.workflow  | [Node] Setting-up "_averages1" in "/home/oesteban/tmp/mriqc_ses-21301030/mriqc_wf/dwiMRIQC/a5fd62e074aca7fe010b210787dff15f0f950542/averages/mapflow/_averages1".
2024-09-07 10:19:42 | INFO     | nipype.workflow  | [Node] Cached "_averages1" - collecting precomputed outputs
2024-09-07 10:19:42 | INFO     | nipype.workflow  | [Node] "_averages1" found cached.
2024-09-07 10:19:42 | INFO     | nipype.workflow  | [Node] Setting-up "_averages2" in "/home/oesteban/tmp/mriqc_ses-21301030/mriqc_wf/dwiMRIQC/a5fd62e074aca7fe010b210787dff15f0f950542/averages/mapflow/_averages2".
2024-09-07 10:19:42 | INFO     | nipype.workflow  | [Node] Cached "_averages2" - collecting precomputed outputs
2024-09-07 10:19:42 | INFO     | nipype.workflow  | [Node] "_averages2" found cached.
2024-09-07 10:19:42 | INFO     | nipype.workflow  | [Node] Setting-up "_averages3" in "/home/oesteban/tmp/mriqc_ses-21301030/mriqc_wf/dwiMRIQC/a5fd62e074aca7fe010b210787dff15f0f950542/averages/mapflow/_averages3".
2024-09-07 10:19:42 | INFO     | nipype.workflow  | [Node] Cached "_averages3" - collecting precomputed outputs
2024-09-07 10:19:42 | INFO     | nipype.workflow  | [Node] "_averages3" found cached.
2024-09-07 10:19:42 | INFO     | nipype.workflow  | [Node] Setting-up "_averages4" in "/home/oesteban/tmp/mriqc_ses-21301030/mriqc_wf/dwiMRIQC/a5fd62e074aca7fe010b210787dff15f0f950542/averages/mapflow/_averages4".
2024-09-07 10:19:42 | INFO     | nipype.workflow  | [Node] Cached "_averages4" - collecting precomputed outputs
2024-09-07 10:19:42 | INFO     | nipype.workflow  | [Node] "_averages4" found cached.
2024-09-07 10:19:44 | INFO     | nipype.workflow  | [Node] Setting-up "_stddev1" in "/home/oesteban/tmp/mriqc_ses-21301030/mriqc_wf/dwiMRIQC/a5fd62e074aca7fe010b210787dff15f0f950542/stddev/mapflow/_stddev1".
2024-09-07 10:19:44 | INFO     | nipype.workflow  | [Node] Executing "_stddev1" <mriqc.interfaces.diffusion.WeightedStat>
2024-09-07 10:19:47 | INFO     | nipype.workflow  | [Node] Finished "_stddev0", elapsed time 10.838205s.
2024-09-07 10:19:48 | INFO     | nipype.workflow  | [Node] Setting-up "_stddev2" in "/home/oesteban/tmp/mriqc_ses-21301030/mriqc_wf/dwiMRIQC/a5fd62e074aca7fe010b210787dff15f0f950542/stddev/mapflow/_stddev2".
2024-09-07 10:19:48 | INFO     | nipype.workflow  | [Node] Executing "_stddev2" <mriqc.interfaces.diffusion.WeightedStat>
2024-09-07 10:19:59 | INFO     | nipype.workflow  | [Node] Finished "_stddev1", elapsed time 14.337124s.
2024-09-07 10:20:00 | INFO     | nipype.workflow  | [Node] Setting-up "_stddev3" in "/home/oesteban/tmp/mriqc_ses-21301030/mriqc_wf/dwiMRIQC/a5fd62e074aca7fe010b210787dff15f0f950542/stddev/mapflow/_stddev3".
2024-09-07 10:20:00 | INFO     | nipype.workflow  | [Node] Executing "_stddev3" <mriqc.interfaces.diffusion.WeightedStat>
2024-09-07 10:20:03 | INFO     | nipype.workflow  | [Node] Finished "_stddev2", elapsed time 14.722791s.
2024-09-07 10:20:04 | INFO     | nipype.workflow  | [Node] Setting-up "_stddev4" in "/home/oesteban/tmp/mriqc_ses-21301030/mriqc_wf/dwiMRIQC/a5fd62e074aca7fe010b210787dff15f0f950542/stddev/mapflow/_stddev4".
2024-09-07 10:20:04 | INFO     | nipype.workflow  | [Node] Executing "_stddev4" <mriqc.interfaces.diffusion.WeightedStat>
2024-09-07 10:20:13 | INFO     | nipype.workflow  | [Node] Finished "_stddev3", elapsed time 13.221723s.
2024-09-07 10:20:14 | INFO     | nipype.workflow  | [Node] Setting-up "_mosaic_noise0" in "/home/oesteban/tmp/mriqc_ses-21301030/mriqc_wf/dwiMRIQC/dwi_report_wf/a5fd62e074aca7fe010b210787dff15f0f950542/mosaic_noise/mapflow/_mosaic_noise0".
2024-09-07 10:20:14 | INFO     | nipype.workflow  | [Node] Executing "_mosaic_noise0" <nireports.interfaces.mosaic.PlotMosaic>
2024-09-07 10:20:17 | INFO     | nipype.workflow  | [Node] Finished "_mosaic_noise0", elapsed time 2.709186s.
2024-09-07 10:20:18 | INFO     | nipype.workflow  | [Node] Finished "_stddev4", elapsed time 13.656076s.
2024-09-07 10:20:18 | INFO     | nipype.workflow  | [Node] Setting-up "_mosaic_noise1" in "/home/oesteban/tmp/mriqc_ses-21301030/mriqc_wf/dwiMRIQC/dwi_report_wf/a5fd62e074aca7fe010b210787dff15f0f950542/mosaic_noise/mapflow/_mosaic_noise1".
2024-09-07 10:20:18 | INFO     | nipype.workflow  | [Node] Executing "_mosaic_noise1" <nireports.interfaces.mosaic.PlotMosaic>
2024-09-07 10:20:18 | INFO     | nipype.workflow  | [Node] Setting-up "_stddev0" in "/home/oesteban/tmp/mriqc_ses-21301030/mriqc_wf/dwiMRIQC/a5fd62e074aca7fe010b210787dff15f0f950542/stddev/mapflow/_stddev0".
2024-09-07 10:20:18 | INFO     | nipype.workflow  | [Node] Cached "_stddev0" - collecting precomputed outputs
2024-09-07 10:20:18 | INFO     | nipype.workflow  | [Node] "_stddev0" found cached.
2024-09-07 10:20:18 | INFO     | nipype.workflow  | [Node] Setting-up "_stddev1" in "/home/oesteban/tmp/mriqc_ses-21301030/mriqc_wf/dwiMRIQC/a5fd62e074aca7fe010b210787dff15f0f950542/stddev/mapflow/_stddev1".
2024-09-07 10:20:18 | INFO     | nipype.workflow  | [Node] Cached "_stddev1" - collecting precomputed outputs
2024-09-07 10:20:18 | INFO     | nipype.workflow  | [Node] "_stddev1" found cached.
2024-09-07 10:20:18 | INFO     | nipype.workflow  | [Node] Setting-up "_stddev2" in "/home/oesteban/tmp/mriqc_ses-21301030/mriqc_wf/dwiMRIQC/a5fd62e074aca7fe010b210787dff15f0f950542/stddev/mapflow/_stddev2".
2024-09-07 10:20:18 | INFO     | nipype.workflow  | [Node] Cached "_stddev2" - collecting precomputed outputs
2024-09-07 10:20:18 | INFO     | nipype.workflow  | [Node] "_stddev2" found cached.
2024-09-07 10:20:18 | INFO     | nipype.workflow  | [Node] Setting-up "_stddev3" in "/home/oesteban/tmp/mriqc_ses-21301030/mriqc_wf/dwiMRIQC/a5fd62e074aca7fe010b210787dff15f0f950542/stddev/mapflow/_stddev3".
2024-09-07 10:20:18 | INFO     | nipype.workflow  | [Node] Cached "_stddev3" - collecting precomputed outputs
2024-09-07 10:20:18 | INFO     | nipype.workflow  | [Node] "_stddev3" found cached.
2024-09-07 10:20:18 | INFO     | nipype.workflow  | [Node] Setting-up "_stddev4" in "/home/oesteban/tmp/mriqc_ses-21301030/mriqc_wf/dwiMRIQC/a5fd62e074aca7fe010b210787dff15f0f950542/stddev/mapflow/_stddev4".
2024-09-07 10:20:18 | INFO     | nipype.workflow  | [Node] Cached "_stddev4" - collecting precomputed outputs
2024-09-07 10:20:18 | INFO     | nipype.workflow  | [Node] "_stddev4" found cached.
2024-09-07 10:20:20 | INFO     | nipype.workflow  | [Node] Setting-up "_mosaic_noise2" in "/home/oesteban/tmp/mriqc_ses-21301030/mriqc_wf/dwiMRIQC/dwi_report_wf/a5fd62e074aca7fe010b210787dff15f0f950542/mosaic_noise/mapflow/_mosaic_noise2".
2024-09-07 10:20:20 | INFO     | nipype.workflow  | [Node] Executing "_mosaic_noise2" <nireports.interfaces.mosaic.PlotMosaic>
2024-09-07 10:20:21 | INFO     | nipype.workflow  | [Node] Finished "_mosaic_noise1", elapsed time 2.275804s.
2024-09-07 10:20:22 | INFO     | nipype.workflow  | [Node] Setting-up "_mosaic_noise3" in "/home/oesteban/tmp/mriqc_ses-21301030/mriqc_wf/dwiMRIQC/dwi_report_wf/a5fd62e074aca7fe010b210787dff15f0f950542/mosaic_noise/mapflow/_mosaic_noise3".
2024-09-07 10:20:22 | INFO     | nipype.workflow  | [Node] Executing "_mosaic_noise3" <nireports.interfaces.mosaic.PlotMosaic>
2024-09-07 10:20:23 | INFO     | nipype.workflow  | [Node] Finished "_mosaic_noise2", elapsed time 2.274895s.
2024-09-07 10:20:24 | INFO     | nipype.workflow  | [Node] Setting-up "_mosaic_noise4" in "/home/oesteban/tmp/mriqc_ses-21301030/mriqc_wf/dwiMRIQC/dwi_report_wf/a5fd62e074aca7fe010b210787dff15f0f950542/mosaic_noise/mapflow/_mosaic_noise4".
2024-09-07 10:20:24 | INFO     | nipype.workflow  | [Node] Executing "_mosaic_noise4" <nireports.interfaces.mosaic.PlotMosaic>
2024-09-07 10:20:25 | INFO     | nipype.workflow  | [Node] Finished "_mosaic_noise3", elapsed time 2.400601s.
2024-09-07 10:20:26 | INFO     | nipype.workflow  | [Node] Setting-up "_mosaic_snr0" in "/home/oesteban/tmp/mriqc_ses-21301030/mriqc_wf/dwiMRIQC/dwi_report_wf/a5fd62e074aca7fe010b210787dff15f0f950542/mosaic_snr/mapflow/_mosaic_snr0".
2024-09-07 10:20:26 | INFO     | nipype.workflow  | [Node] Executing "_mosaic_snr0" <nireports.interfaces.reporting.base.SimpleBeforeAfterRPT>
2024-09-07 10:20:26 | INFO     | nipype.interface | Report - setting before (/home/oesteban/tmp/mriqc_ses-21301030/mriqc_wf/dwiMRIQC/a5fd62e074aca7fe010b210787dff15f0f950542/stddev/mapflow/_stddev0/sub-001_ses-21301030_acq-highres_dir-RL_dwi_valid_nodriftfull_std.nii.gz) and after (/home/oesteban/tmp/mriqc_ses-21301030/mriqc_wf/dwiMRIQC/a5fd62e074aca7fe010b210787dff15f0f950542/averages/mapflow/_averages0/sub-001_ses-21301030_acq-highres_dir-RL_dwi_valid_nodriftfull_mean.nii.gz) images
2024-09-07 10:20:26 | INFO     | nipype.interface | Generating visual report
2024-09-07 10:20:27 | INFO     | nipype.workflow  | [Node] Finished "_mosaic_noise4", elapsed time 2.401483s.
2024-09-07 10:20:28 | INFO     | nipype.workflow  | [Node] Setting-up "_mosaic_noise0" in "/home/oesteban/tmp/mriqc_ses-21301030/mriqc_wf/dwiMRIQC/dwi_report_wf/a5fd62e074aca7fe010b210787dff15f0f950542/mosaic_noise/mapflow/_mosaic_noise0".
2024-09-07 10:20:28 | INFO     | nipype.workflow  | [Node] Cached "_mosaic_noise0" - collecting precomputed outputs
2024-09-07 10:20:28 | INFO     | nipype.workflow  | [Node] "_mosaic_noise0" found cached.
2024-09-07 10:20:28 | INFO     | nipype.workflow  | [Node] Setting-up "_mosaic_noise1" in "/home/oesteban/tmp/mriqc_ses-21301030/mriqc_wf/dwiMRIQC/dwi_report_wf/a5fd62e074aca7fe010b210787dff15f0f950542/mosaic_noise/mapflow/_mosaic_noise1".
2024-09-07 10:20:28 | INFO     | nipype.workflow  | [Node] Cached "_mosaic_noise1" - collecting precomputed outputs
2024-09-07 10:20:28 | INFO     | nipype.workflow  | [Node] "_mosaic_noise1" found cached.
2024-09-07 10:20:28 | INFO     | nipype.workflow  | [Node] Setting-up "_mosaic_noise2" in "/home/oesteban/tmp/mriqc_ses-21301030/mriqc_wf/dwiMRIQC/dwi_report_wf/a5fd62e074aca7fe010b210787dff15f0f950542/mosaic_noise/mapflow/_mosaic_noise2".
2024-09-07 10:20:28 | INFO     | nipype.workflow  | [Node] Cached "_mosaic_noise2" - collecting precomputed outputs
2024-09-07 10:20:28 | INFO     | nipype.workflow  | [Node] "_mosaic_noise2" found cached.
2024-09-07 10:20:28 | INFO     | nipype.workflow  | [Node] Setting-up "_mosaic_noise3" in "/home/oesteban/tmp/mriqc_ses-21301030/mriqc_wf/dwiMRIQC/dwi_report_wf/a5fd62e074aca7fe010b210787dff15f0f950542/mosaic_noise/mapflow/_mosaic_noise3".
2024-09-07 10:20:28 | INFO     | nipype.workflow  | [Node] Cached "_mosaic_noise3" - collecting precomputed outputs
2024-09-07 10:20:28 | INFO     | nipype.workflow  | [Node] "_mosaic_noise3" found cached.
2024-09-07 10:20:28 | INFO     | nipype.workflow  | [Node] Setting-up "_mosaic_noise4" in "/home/oesteban/tmp/mriqc_ses-21301030/mriqc_wf/dwiMRIQC/dwi_report_wf/a5fd62e074aca7fe010b210787dff15f0f950542/mosaic_noise/mapflow/_mosaic_noise4".
2024-09-07 10:20:28 | INFO     | nipype.workflow  | [Node] Cached "_mosaic_noise4" - collecting precomputed outputs
2024-09-07 10:20:28 | INFO     | nipype.workflow  | [Node] "_mosaic_noise4" found cached.
2024-09-07 10:20:30 | INFO     | nipype.workflow  | [Node] Setting-up "_mosaic_snr1" in "/home/oesteban/tmp/mriqc_ses-21301030/mriqc_wf/dwiMRIQC/dwi_report_wf/a5fd62e074aca7fe010b210787dff15f0f950542/mosaic_snr/mapflow/_mosaic_snr1".
2024-09-07 10:20:30 | INFO     | nipype.workflow  | [Node] Executing "_mosaic_snr1" <nireports.interfaces.reporting.base.SimpleBeforeAfterRPT>
2024-09-07 10:20:30 | INFO     | nipype.interface | Report - setting before (/home/oesteban/tmp/mriqc_ses-21301030/mriqc_wf/dwiMRIQC/a5fd62e074aca7fe010b210787dff15f0f950542/stddev/mapflow/_stddev1/sub-001_ses-21301030_acq-highres_dir-RL_dwi_valid_nodriftfull_std.nii.gz) and after (/home/oesteban/tmp/mriqc_ses-21301030/mriqc_wf/dwiMRIQC/a5fd62e074aca7fe010b210787dff15f0f950542/averages/mapflow/_averages1/sub-001_ses-21301030_acq-highres_dir-RL_dwi_valid_nodriftfull_mean.nii.gz) images
2024-09-07 10:20:30 | INFO     | nipype.interface | Generating visual report
2024-09-07 10:20:42 | INFO     | nipype.workflow  | [Node] Finished "_mosaic_snr0", elapsed time 16.011763s.
2024-09-07 10:20:44 | INFO     | nipype.workflow  | [Node] Setting-up "_mosaic_snr2" in "/home/oesteban/tmp/mriqc_ses-21301030/mriqc_wf/dwiMRIQC/dwi_report_wf/a5fd62e074aca7fe010b210787dff15f0f950542/mosaic_snr/mapflow/_mosaic_snr2".
2024-09-07 10:20:44 | INFO     | nipype.workflow  | [Node] Executing "_mosaic_snr2" <nireports.interfaces.reporting.base.SimpleBeforeAfterRPT>
2024-09-07 10:20:44 | INFO     | nipype.interface | Report - setting before (/home/oesteban/tmp/mriqc_ses-21301030/mriqc_wf/dwiMRIQC/a5fd62e074aca7fe010b210787dff15f0f950542/stddev/mapflow/_stddev2/sub-001_ses-21301030_acq-highres_dir-RL_dwi_valid_nodriftfull_std.nii.gz) and after (/home/oesteban/tmp/mriqc_ses-21301030/mriqc_wf/dwiMRIQC/a5fd62e074aca7fe010b210787dff15f0f950542/averages/mapflow/_averages2/sub-001_ses-21301030_acq-highres_dir-RL_dwi_valid_nodriftfull_mean.nii.gz) images
2024-09-07 10:20:44 | INFO     | nipype.interface | Generating visual report
2024-09-07 10:20:46 | INFO     | nipype.workflow  | [Node] Finished "_mosaic_snr1", elapsed time 16.129229s.
2024-09-07 10:20:48 | INFO     | nipype.workflow  | [Node] Setting-up "_mosaic_snr3" in "/home/oesteban/tmp/mriqc_ses-21301030/mriqc_wf/dwiMRIQC/dwi_report_wf/a5fd62e074aca7fe010b210787dff15f0f950542/mosaic_snr/mapflow/_mosaic_snr3".
2024-09-07 10:20:48 | INFO     | nipype.workflow  | [Node] Executing "_mosaic_snr3" <nireports.interfaces.reporting.base.SimpleBeforeAfterRPT>
2024-09-07 10:20:48 | INFO     | nipype.interface | Report - setting before (/home/oesteban/tmp/mriqc_ses-21301030/mriqc_wf/dwiMRIQC/a5fd62e074aca7fe010b210787dff15f0f950542/stddev/mapflow/_stddev3/sub-001_ses-21301030_acq-highres_dir-RL_dwi_valid_nodriftfull_std.nii.gz) and after (/home/oesteban/tmp/mriqc_ses-21301030/mriqc_wf/dwiMRIQC/a5fd62e074aca7fe010b210787dff15f0f950542/averages/mapflow/_averages3/sub-001_ses-21301030_acq-highres_dir-RL_dwi_valid_nodriftfull_mean.nii.gz) images
2024-09-07 10:20:48 | INFO     | nipype.interface | Generating visual report
2024-09-07 10:21:00 | INFO     | nipype.workflow  | [Node] Finished "_mosaic_snr2", elapsed time 16.106195s.
2024-09-07 10:21:02 | INFO     | nipype.workflow  | [Node] Setting-up "_mosaic_snr4" in "/home/oesteban/tmp/mriqc_ses-21301030/mriqc_wf/dwiMRIQC/dwi_report_wf/a5fd62e074aca7fe010b210787dff15f0f950542/mosaic_snr/mapflow/_mosaic_snr4".
2024-09-07 10:21:02 | INFO     | nipype.workflow  | [Node] Executing "_mosaic_snr4" <nireports.interfaces.reporting.base.SimpleBeforeAfterRPT>
2024-09-07 10:21:02 | INFO     | nipype.interface | Report - setting before (/home/oesteban/tmp/mriqc_ses-21301030/mriqc_wf/dwiMRIQC/a5fd62e074aca7fe010b210787dff15f0f950542/stddev/mapflow/_stddev4/sub-001_ses-21301030_acq-highres_dir-RL_dwi_valid_nodriftfull_std.nii.gz) and after (/home/oesteban/tmp/mriqc_ses-21301030/mriqc_wf/dwiMRIQC/a5fd62e074aca7fe010b210787dff15f0f950542/averages/mapflow/_averages4/sub-001_ses-21301030_acq-highres_dir-RL_dwi_valid_nodriftfull_mean.nii.gz) images
2024-09-07 10:21:02 | INFO     | nipype.interface | Generating visual report
2024-09-07 10:21:04 | INFO     | nipype.workflow  | [Node] Finished "_mosaic_snr3", elapsed time 16.095913s.
2024-09-07 10:21:06 | INFO     | nipype.workflow  | [Node] Setting-up "_ds_report_noise0" in "/home/oesteban/tmp/mriqc_ses-21301030/mriqc_wf/dwiMRIQC/dwi_report_wf/a5fd62e074aca7fe010b210787dff15f0f950542/ds_report_noise/mapflow/_ds_report_noise0".
2024-09-07 10:21:06 | INFO     | nipype.workflow  | [Node] Executing "_ds_report_noise0" <mriqc.interfaces.DerivativesDataSink>
2024-09-07 10:21:06 | INFO     | nipype.workflow  | [Node] Finished "_ds_report_noise0", elapsed time 0.004355s.
2024-09-07 10:21:06 | INFO     | nipype.workflow  | [Node] Setting-up "_ds_report_noise1" in "/home/oesteban/tmp/mriqc_ses-21301030/mriqc_wf/dwiMRIQC/dwi_report_wf/a5fd62e074aca7fe010b210787dff15f0f950542/ds_report_noise/mapflow/_ds_report_noise1".
2024-09-07 10:21:06 | INFO     | nipype.workflow  | [Node] Executing "_ds_report_noise1" <mriqc.interfaces.DerivativesDataSink>
2024-09-07 10:21:06 | INFO     | nipype.workflow  | [Node] Finished "_ds_report_noise1", elapsed time 0.00436s.
2024-09-07 10:21:07 | INFO     | nipype.workflow  | [Node] Setting-up "_ds_report_noise2" in "/home/oesteban/tmp/mriqc_ses-21301030/mriqc_wf/dwiMRIQC/dwi_report_wf/a5fd62e074aca7fe010b210787dff15f0f950542/ds_report_noise/mapflow/_ds_report_noise2".
2024-09-07 10:21:07 | INFO     | nipype.workflow  | [Node] Executing "_ds_report_noise2" <mriqc.interfaces.DerivativesDataSink>
2024-09-07 10:21:07 | INFO     | nipype.workflow  | [Node] Finished "_ds_report_noise2", elapsed time 0.004285s.
2024-09-07 10:21:07 | INFO     | nipype.workflow  | [Node] Setting-up "_ds_report_noise3" in "/home/oesteban/tmp/mriqc_ses-21301030/mriqc_wf/dwiMRIQC/dwi_report_wf/a5fd62e074aca7fe010b210787dff15f0f950542/ds_report_noise/mapflow/_ds_report_noise3".
2024-09-07 10:21:07 | INFO     | nipype.workflow  | [Node] Executing "_ds_report_noise3" <mriqc.interfaces.DerivativesDataSink>
2024-09-07 10:21:07 | INFO     | nipype.workflow  | [Node] Finished "_ds_report_noise3", elapsed time 0.004221s.
2024-09-07 10:21:07 | INFO     | nipype.workflow  | [Node] Setting-up "_ds_report_noise4" in "/home/oesteban/tmp/mriqc_ses-21301030/mriqc_wf/dwiMRIQC/dwi_report_wf/a5fd62e074aca7fe010b210787dff15f0f950542/ds_report_noise/mapflow/_ds_report_noise4".
2024-09-07 10:21:07 | INFO     | nipype.workflow  | [Node] Executing "_ds_report_noise4" <mriqc.interfaces.DerivativesDataSink>
2024-09-07 10:21:07 | INFO     | nipype.workflow  | [Node] Finished "_ds_report_noise4", elapsed time 0.004154s.
2024-09-07 10:21:08 | INFO     | nipype.workflow  | [Node] Setting-up "_ds_report_noise0" in "/home/oesteban/tmp/mriqc_ses-21301030/mriqc_wf/dwiMRIQC/dwi_report_wf/a5fd62e074aca7fe010b210787dff15f0f950542/ds_report_noise/mapflow/_ds_report_noise0".
2024-09-07 10:21:08 | INFO     | nipype.workflow  | [Node] Executing "_ds_report_noise0" <mriqc.interfaces.DerivativesDataSink>
2024-09-07 10:21:08 | INFO     | nipype.workflow  | [Node] Finished "_ds_report_noise0", elapsed time 0.003964s.
2024-09-07 10:21:08 | INFO     | nipype.workflow  | [Node] Setting-up "_ds_report_noise1" in "/home/oesteban/tmp/mriqc_ses-21301030/mriqc_wf/dwiMRIQC/dwi_report_wf/a5fd62e074aca7fe010b210787dff15f0f950542/ds_report_noise/mapflow/_ds_report_noise1".
2024-09-07 10:21:08 | INFO     | nipype.workflow  | [Node] Executing "_ds_report_noise1" <mriqc.interfaces.DerivativesDataSink>
2024-09-07 10:21:08 | INFO     | nipype.workflow  | [Node] Finished "_ds_report_noise1", elapsed time 0.003849s.
2024-09-07 10:21:08 | INFO     | nipype.workflow  | [Node] Setting-up "_ds_report_noise2" in "/home/oesteban/tmp/mriqc_ses-21301030/mriqc_wf/dwiMRIQC/dwi_report_wf/a5fd62e074aca7fe010b210787dff15f0f950542/ds_report_noise/mapflow/_ds_report_noise2".
2024-09-07 10:21:08 | INFO     | nipype.workflow  | [Node] Executing "_ds_report_noise2" <mriqc.interfaces.DerivativesDataSink>
2024-09-07 10:21:08 | INFO     | nipype.workflow  | [Node] Finished "_ds_report_noise2", elapsed time 0.003799s.
2024-09-07 10:21:08 | INFO     | nipype.workflow  | [Node] Setting-up "_ds_report_noise3" in "/home/oesteban/tmp/mriqc_ses-21301030/mriqc_wf/dwiMRIQC/dwi_report_wf/a5fd62e074aca7fe010b210787dff15f0f950542/ds_report_noise/mapflow/_ds_report_noise3".
2024-09-07 10:21:08 | INFO     | nipype.workflow  | [Node] Executing "_ds_report_noise3" <mriqc.interfaces.DerivativesDataSink>
2024-09-07 10:21:08 | INFO     | nipype.workflow  | [Node] Finished "_ds_report_noise3", elapsed time 0.003747s.
2024-09-07 10:21:08 | INFO     | nipype.workflow  | [Node] Setting-up "_ds_report_noise4" in "/home/oesteban/tmp/mriqc_ses-21301030/mriqc_wf/dwiMRIQC/dwi_report_wf/a5fd62e074aca7fe010b210787dff15f0f950542/ds_report_noise/mapflow/_ds_report_noise4".
2024-09-07 10:21:08 | INFO     | nipype.workflow  | [Node] Executing "_ds_report_noise4" <mriqc.interfaces.DerivativesDataSink>
2024-09-07 10:21:08 | INFO     | nipype.workflow  | [Node] Finished "_ds_report_noise4", elapsed time 0.003807s.
2024-09-07 10:21:17 | INFO     | nipype.workflow  | [Node] Finished "_mosaic_snr4", elapsed time 15.055199s.
2024-09-07 10:21:18 | INFO     | nipype.workflow  | [Node] Setting-up "mriqc_wf.dwiMRIQC.dMRI_HMC.motion_correct" in "/home/oesteban/tmp/mriqc_ses-21301030/mriqc_wf/dwiMRIQC/dMRI_HMC/a5fd62e074aca7fe010b210787dff15f0f950542/motion_correct".
2024-09-07 10:21:18 | INFO     | nipype.workflow  | [Node] Executing "motion_correct" <nipype.interfaces.afni.preprocess.Volreg>
2024-09-07 10:47:46 | INFO     | nipype.workflow  | [Node] Finished "motion_correct", elapsed time 1587.728368s.
2024-09-07 10:47:47 | INFO     | nipype.workflow  | [Node] Setting-up "mriqc_wf.dwiMRIQC.dMRI_HMC.ComputeFD" in "/home/oesteban/tmp/mriqc_ses-21301030/mriqc_wf/dwiMRIQC/dMRI_HMC/a5fd62e074aca7fe010b210787dff15f0f950542/ComputeFD".
2024-09-07 10:47:47 | INFO     | nipype.workflow  | [Node] Setting-up "mriqc_wf.dwiMRIQC.dMRI_HMC.bvec_rot" in "/home/oesteban/tmp/mriqc_ses-21301030/mriqc_wf/dwiMRIQC/dMRI_HMC/a5fd62e074aca7fe010b210787dff15f0f950542/bvec_rot".
2024-09-07 10:47:47 | INFO     | nipype.workflow  | [Node] Executing "ComputeFD" <nipype.algorithms.confounds.FramewiseDisplacement>
2024-09-07 10:47:47 | INFO     | nipype.workflow  | [Node] Setting-up "_mosaic_snr0" in "/home/oesteban/tmp/mriqc_ses-21301030/mriqc_wf/dwiMRIQC/dwi_report_wf/a5fd62e074aca7fe010b210787dff15f0f950542/mosaic_snr/mapflow/_mosaic_snr0".
2024-09-07 10:47:47 | INFO     | nipype.workflow  | [Node] Cached "_mosaic_snr0" - collecting precomputed outputs
2024-09-07 10:47:47 | INFO     | nipype.workflow  | [Node] "_mosaic_snr0" found cached.
2024-09-07 10:47:47 | INFO     | nipype.workflow  | [Node] Setting-up "_mosaic_snr1" in "/home/oesteban/tmp/mriqc_ses-21301030/mriqc_wf/dwiMRIQC/dwi_report_wf/a5fd62e074aca7fe010b210787dff15f0f950542/mosaic_snr/mapflow/_mosaic_snr1".
2024-09-07 10:47:47 | INFO     | nipype.workflow  | [Node] Cached "_mosaic_snr1" - collecting precomputed outputs
2024-09-07 10:47:47 | INFO     | nipype.workflow  | [Node] "_mosaic_snr1" found cached.
2024-09-07 10:47:47 | INFO     | nipype.workflow  | [Node] Finished "ComputeFD", elapsed time 0.008872s.
2024-09-07 10:47:47 | INFO     | nipype.workflow  | [Node] Setting-up "_mosaic_snr2" in "/home/oesteban/tmp/mriqc_ses-21301030/mriqc_wf/dwiMRIQC/dwi_report_wf/a5fd62e074aca7fe010b210787dff15f0f950542/mosaic_snr/mapflow/_mosaic_snr2".
2024-09-07 10:47:47 | INFO     | nipype.workflow  | [Node] Executing "bvec_rot" <mriqc.interfaces.diffusion.RotateVectors>
2024-09-07 10:47:47 | INFO     | nipype.workflow  | [Node] Cached "_mosaic_snr2" - collecting precomputed outputs
2024-09-07 10:47:47 | INFO     | nipype.workflow  | [Node] "_mosaic_snr2" found cached.
2024-09-07 10:47:47 | INFO     | nipype.workflow  | [Node] Setting-up "_mosaic_snr3" in "/home/oesteban/tmp/mriqc_ses-21301030/mriqc_wf/dwiMRIQC/dwi_report_wf/a5fd62e074aca7fe010b210787dff15f0f950542/mosaic_snr/mapflow/_mosaic_snr3".
2024-09-07 10:47:47 | INFO     | nipype.workflow  | [Node] Cached "_mosaic_snr3" - collecting precomputed outputs
2024-09-07 10:47:47 | INFO     | nipype.workflow  | [Node] "_mosaic_snr3" found cached.
2024-09-07 10:47:47 | INFO     | nipype.workflow  | [Node] Setting-up "_mosaic_snr4" in "/home/oesteban/tmp/mriqc_ses-21301030/mriqc_wf/dwiMRIQC/dwi_report_wf/a5fd62e074aca7fe010b210787dff15f0f950542/mosaic_snr/mapflow/_mosaic_snr4".
2024-09-07 10:47:47 | INFO     | nipype.workflow  | [Node] Cached "_mosaic_snr4" - collecting precomputed outputs
2024-09-07 10:47:47 | INFO     | nipype.workflow  | [Node] "_mosaic_snr4" found cached.
2024-09-07 10:47:47 | INFO     | nipype.workflow  | [Node] Finished "bvec_rot", elapsed time 0.211669s.
2024-09-07 10:47:49 | INFO     | nipype.workflow  | [Node] Setting-up "_get_hmc_shells0" in "/home/oesteban/tmp/mriqc_ses-21301030/mriqc_wf/dwiMRIQC/a5fd62e074aca7fe010b210787dff15f0f950542/get_hmc_shells/mapflow/_get_hmc_shells0".
2024-09-07 10:47:49 | INFO     | nipype.workflow  | [Node] Setting-up "_get_hmc_shells1" in "/home/oesteban/tmp/mriqc_ses-21301030/mriqc_wf/dwiMRIQC/a5fd62e074aca7fe010b210787dff15f0f950542/get_hmc_shells/mapflow/_get_hmc_shells1".
2024-09-07 10:47:49 | INFO     | nipype.workflow  | [Node] Setting-up "_get_hmc_shells2" in "/home/oesteban/tmp/mriqc_ses-21301030/mriqc_wf/dwiMRIQC/a5fd62e074aca7fe010b210787dff15f0f950542/get_hmc_shells/mapflow/_get_hmc_shells2".
2024-09-07 10:47:49 | INFO     | nipype.workflow  | [Node] Executing "_get_hmc_shells1" <mriqc.interfaces.diffusion.ExtractOrientations>
2024-09-07 10:47:49 | INFO     | nipype.workflow  | [Node] Setting-up "_get_hmc_shells3" in "/home/oesteban/tmp/mriqc_ses-21301030/mriqc_wf/dwiMRIQC/a5fd62e074aca7fe010b210787dff15f0f950542/get_hmc_shells/mapflow/_get_hmc_shells3".
2024-09-07 10:47:49 | INFO     | nipype.workflow  | [Node] Setting-up "_get_hmc_shells4" in "/home/oesteban/tmp/mriqc_ses-21301030/mriqc_wf/dwiMRIQC/a5fd62e074aca7fe010b210787dff15f0f950542/get_hmc_shells/mapflow/_get_hmc_shells4".
2024-09-07 10:47:49 | INFO     | nipype.workflow  | [Node] Executing "_get_hmc_shells0" <mriqc.interfaces.diffusion.ExtractOrientations>
2024-09-07 10:47:49 | INFO     | nipype.workflow  | [Node] Executing "_get_hmc_shells2" <mriqc.interfaces.diffusion.ExtractOrientations>
2024-09-07 10:47:49 | INFO     | nipype.workflow  | [Node] Executing "_get_hmc_shells3" <mriqc.interfaces.diffusion.ExtractOrientations>
2024-09-07 10:47:49 | INFO     | nipype.workflow  | [Node] Executing "_get_hmc_shells4" <mriqc.interfaces.diffusion.ExtractOrientations>
2024-09-07 10:47:51 | INFO     | nipype.workflow  | [Node] Setting-up "_ds_report_snr0" in "/home/oesteban/tmp/mriqc_ses-21301030/mriqc_wf/dwiMRIQC/dwi_report_wf/a5fd62e074aca7fe010b210787dff15f0f950542/ds_report_snr/mapflow/_ds_report_snr0".
2024-09-07 10:47:51 | INFO     | nipype.workflow  | [Node] Executing "_ds_report_snr0" <mriqc.interfaces.DerivativesDataSink>
2024-09-07 10:47:51 | INFO     | nipype.workflow  | [Node] Finished "_ds_report_snr0", elapsed time 0.007047s.
2024-09-07 10:47:51 | INFO     | nipype.workflow  | [Node] Setting-up "_ds_report_snr1" in "/home/oesteban/tmp/mriqc_ses-21301030/mriqc_wf/dwiMRIQC/dwi_report_wf/a5fd62e074aca7fe010b210787dff15f0f950542/ds_report_snr/mapflow/_ds_report_snr1".
2024-09-07 10:47:51 | INFO     | nipype.workflow  | [Node] Executing "_ds_report_snr1" <mriqc.interfaces.DerivativesDataSink>
2024-09-07 10:47:51 | INFO     | nipype.workflow  | [Node] Finished "_ds_report_snr1", elapsed time 0.004331s.
2024-09-07 10:47:51 | INFO     | nipype.workflow  | [Node] Setting-up "_ds_report_snr2" in "/home/oesteban/tmp/mriqc_ses-21301030/mriqc_wf/dwiMRIQC/dwi_report_wf/a5fd62e074aca7fe010b210787dff15f0f950542/ds_report_snr/mapflow/_ds_report_snr2".
2024-09-07 10:47:51 | INFO     | nipype.workflow  | [Node] Executing "_ds_report_snr2" <mriqc.interfaces.DerivativesDataSink>
2024-09-07 10:47:51 | INFO     | nipype.workflow  | [Node] Finished "_ds_report_snr2", elapsed time 0.004328s.
2024-09-07 10:47:51 | INFO     | nipype.workflow  | [Node] Setting-up "_ds_report_snr3" in "/home/oesteban/tmp/mriqc_ses-21301030/mriqc_wf/dwiMRIQC/dwi_report_wf/a5fd62e074aca7fe010b210787dff15f0f950542/ds_report_snr/mapflow/_ds_report_snr3".
2024-09-07 10:47:51 | INFO     | nipype.workflow  | [Node] Executing "_ds_report_snr3" <mriqc.interfaces.DerivativesDataSink>
2024-09-07 10:47:51 | INFO     | nipype.workflow  | [Node] Finished "_ds_report_snr3", elapsed time 0.004307s.
2024-09-07 10:47:51 | INFO     | nipype.workflow  | [Node] Setting-up "_ds_report_snr4" in "/home/oesteban/tmp/mriqc_ses-21301030/mriqc_wf/dwiMRIQC/dwi_report_wf/a5fd62e074aca7fe010b210787dff15f0f950542/ds_report_snr/mapflow/_ds_report_snr4".
2024-09-07 10:47:51 | INFO     | nipype.workflow  | [Node] Executing "_ds_report_snr4" <mriqc.interfaces.DerivativesDataSink>
2024-09-07 10:47:51 | INFO     | nipype.workflow  | [Node] Finished "_ds_report_snr4", elapsed time 0.004316s.
2024-09-07 10:47:53 | INFO     | nipype.workflow  | [Node] Setting-up "_ds_report_snr0" in "/home/oesteban/tmp/mriqc_ses-21301030/mriqc_wf/dwiMRIQC/dwi_report_wf/a5fd62e074aca7fe010b210787dff15f0f950542/ds_report_snr/mapflow/_ds_report_snr0".
2024-09-07 10:47:53 | INFO     | nipype.workflow  | [Node] Executing "_ds_report_snr0" <mriqc.interfaces.DerivativesDataSink>
2024-09-07 10:47:53 | INFO     | nipype.workflow  | [Node] Finished "_ds_report_snr0", elapsed time 0.004068s.
2024-09-07 10:47:53 | INFO     | nipype.workflow  | [Node] Setting-up "_ds_report_snr1" in "/home/oesteban/tmp/mriqc_ses-21301030/mriqc_wf/dwiMRIQC/dwi_report_wf/a5fd62e074aca7fe010b210787dff15f0f950542/ds_report_snr/mapflow/_ds_report_snr1".
2024-09-07 10:47:53 | INFO     | nipype.workflow  | [Node] Executing "_ds_report_snr1" <mriqc.interfaces.DerivativesDataSink>
2024-09-07 10:47:53 | INFO     | nipype.workflow  | [Node] Finished "_ds_report_snr1", elapsed time 0.003909s.
2024-09-07 10:47:53 | INFO     | nipype.workflow  | [Node] Setting-up "_ds_report_snr2" in "/home/oesteban/tmp/mriqc_ses-21301030/mriqc_wf/dwiMRIQC/dwi_report_wf/a5fd62e074aca7fe010b210787dff15f0f950542/ds_report_snr/mapflow/_ds_report_snr2".
2024-09-07 10:47:53 | INFO     | nipype.workflow  | [Node] Executing "_ds_report_snr2" <mriqc.interfaces.DerivativesDataSink>
2024-09-07 10:47:53 | INFO     | nipype.workflow  | [Node] Finished "_ds_report_snr2", elapsed time 0.003865s.
2024-09-07 10:47:53 | INFO     | nipype.workflow  | [Node] Setting-up "_ds_report_snr3" in "/home/oesteban/tmp/mriqc_ses-21301030/mriqc_wf/dwiMRIQC/dwi_report_wf/a5fd62e074aca7fe010b210787dff15f0f950542/ds_report_snr/mapflow/_ds_report_snr3".
2024-09-07 10:47:53 | INFO     | nipype.workflow  | [Node] Executing "_ds_report_snr3" <mriqc.interfaces.DerivativesDataSink>
2024-09-07 10:47:53 | INFO     | nipype.workflow  | [Node] Finished "_ds_report_snr3", elapsed time 0.003838s.
2024-09-07 10:47:53 | INFO     | nipype.workflow  | [Node] Setting-up "_ds_report_snr4" in "/home/oesteban/tmp/mriqc_ses-21301030/mriqc_wf/dwiMRIQC/dwi_report_wf/a5fd62e074aca7fe010b210787dff15f0f950542/ds_report_snr/mapflow/_ds_report_snr4".
2024-09-07 10:47:53 | INFO     | nipype.workflow  | [Node] Executing "_ds_report_snr4" <mriqc.interfaces.DerivativesDataSink>
2024-09-07 10:47:53 | INFO     | nipype.workflow  | [Node] Finished "_ds_report_snr4", elapsed time 0.003842s.
2024-09-07 10:47:58 | INFO     | nipype.workflow  | [Node] Finished "_get_hmc_shells0", elapsed time 9.498786s.
2024-09-07 10:47:59 | INFO     | nipype.workflow  | [Node] Finished "_get_hmc_shells1", elapsed time 10.684004999999999s.
2024-09-07 10:48:05 | INFO     | nipype.workflow  | [Node] Finished "_get_hmc_shells2", elapsed time 16.185654s.
2024-09-07 10:48:15 | INFO     | nipype.workflow  | [Node] Finished "_get_hmc_shells3", elapsed time 26.315715s.
2024-09-07 10:48:23 | INFO     | nipype.workflow  | [Node] Finished "_get_hmc_shells4", elapsed time 34.31657s.
2024-09-07 10:48:27 | INFO     | nipype.workflow  | [Node] Setting-up "_get_hmc_shells0" in "/home/oesteban/tmp/mriqc_ses-21301030/mriqc_wf/dwiMRIQC/a5fd62e074aca7fe010b210787dff15f0f950542/get_hmc_shells/mapflow/_get_hmc_shells0".
2024-09-07 10:48:27 | INFO     | nipype.workflow  | [Node] Cached "_get_hmc_shells0" - collecting precomputed outputs
2024-09-07 10:48:27 | INFO     | nipype.workflow  | [Node] "_get_hmc_shells0" found cached.
2024-09-07 10:48:27 | INFO     | nipype.workflow  | [Node] Setting-up "_get_hmc_shells1" in "/home/oesteban/tmp/mriqc_ses-21301030/mriqc_wf/dwiMRIQC/a5fd62e074aca7fe010b210787dff15f0f950542/get_hmc_shells/mapflow/_get_hmc_shells1".
2024-09-07 10:48:27 | INFO     | nipype.workflow  | [Node] Cached "_get_hmc_shells1" - collecting precomputed outputs
2024-09-07 10:48:27 | INFO     | nipype.workflow  | [Node] "_get_hmc_shells1" found cached.
2024-09-07 10:48:27 | INFO     | nipype.workflow  | [Node] Setting-up "_get_hmc_shells2" in "/home/oesteban/tmp/mriqc_ses-21301030/mriqc_wf/dwiMRIQC/a5fd62e074aca7fe010b210787dff15f0f950542/get_hmc_shells/mapflow/_get_hmc_shells2".
2024-09-07 10:48:27 | INFO     | nipype.workflow  | [Node] Cached "_get_hmc_shells2" - collecting precomputed outputs
2024-09-07 10:48:27 | INFO     | nipype.workflow  | [Node] "_get_hmc_shells2" found cached.
2024-09-07 10:48:27 | INFO     | nipype.workflow  | [Node] Setting-up "_get_hmc_shells3" in "/home/oesteban/tmp/mriqc_ses-21301030/mriqc_wf/dwiMRIQC/a5fd62e074aca7fe010b210787dff15f0f950542/get_hmc_shells/mapflow/_get_hmc_shells3".
2024-09-07 10:48:27 | INFO     | nipype.workflow  | [Node] Cached "_get_hmc_shells3" - collecting precomputed outputs
2024-09-07 10:48:27 | INFO     | nipype.workflow  | [Node] "_get_hmc_shells3" found cached.
2024-09-07 10:48:27 | INFO     | nipype.workflow  | [Node] Setting-up "_get_hmc_shells4" in "/home/oesteban/tmp/mriqc_ses-21301030/mriqc_wf/dwiMRIQC/a5fd62e074aca7fe010b210787dff15f0f950542/get_hmc_shells/mapflow/_get_hmc_shells4".
2024-09-07 10:48:27 | INFO     | nipype.workflow  | [Node] Cached "_get_hmc_shells4" - collecting precomputed outputs
2024-09-07 10:48:27 | INFO     | nipype.workflow  | [Node] "_get_hmc_shells4" found cached.
2024-09-07 10:48:29 | INFO     | nipype.workflow  | [Node] Setting-up "mriqc_wf.dwiMRIQC.ComputeIQMs.measures" in "/home/oesteban/tmp/mriqc_ses-21301030/mriqc_wf/dwiMRIQC/ComputeIQMs/a5fd62e074aca7fe010b210787dff15f0f950542/measures".
2024-09-07 10:48:29 | INFO     | nipype.workflow  | [Node] Executing "measures" <mriqc.interfaces.diffusion.DiffusionQC>
2024-09-07 10:49:45 | INFO     | nipype.workflow  | [Node] Finished "measures", elapsed time 75.880133s.
2024-09-07 10:49:47 | INFO     | nipype.workflow  | [Node] Setting-up "mriqc_wf.dwiMRIQC.ComputeIQMs.datasink" in "/home/oesteban/tmp/mriqc_ses-21301030/mriqc_wf/dwiMRIQC/ComputeIQMs/a5fd62e074aca7fe010b210787dff15f0f950542/datasink".
2024-09-07 10:49:47 | INFO     | nipype.workflow  | [Node] Executing "datasink" <mriqc.interfaces.bids.IQMFileSink>
2024-09-07 10:49:47 | INFO     | nipype.workflow  | [Node] Finished "datasink", elapsed time 0.000561s.
2024-09-07 10:49:49 | INFO     | nipype.workflow  | Generating reports...
2024-09-07 10:49:50 | INFO     | nipype.workflow  | Report generation finished (3 reports).
2024-09-07 10:49:50 | IMPORTANT | mriqc            | Participant level finished successfully averaging 00h 16min 30s per subject.
2024-09-07 10:49:50 | INFO     | mriqc            | Generating BIDS derivatives metadata.
----------------------------------------------------------------
  MRIQC completed (elapsed time 00h 49min 31s).
----------------------------------------------------------------

