------------------------------------------------------------------
  Running MRIQC version 24.1.0.dev15+g9586c867.d20240825
  ----------------------------------------------------------------

  NOTICE
  Copyright © The NiPreps Developers.
  
  This product includes software developed by
  the NiPreps Community (https://nipreps.org/).
  
  Portions of this software were developed at the Department of
  Psychology at Stanford University, Stanford, CA, US.
  
  This software contains code ultimately derived from the
  PCP Quality Assessment Protocol (QAP;
  http://preprocessed-connectomes-project.org/quality-assessment-protocol)
  by C. Craddock, S. Giavasis, D. Clark, Z. Shezhad, and J. Pellman.
  
  This software is also distributed as a Docker container image.
  The bootstrapping file for the image ("Dockerfile") is licensed
  under the MIT License.

  ----------------------------------------------------------------

  * BIDS dataset path: /data/datasets/hcph.
  * Output folder: /data/derivatives/hcph/datalad/hcph-mriqc.
  * Analysis levels: ['participant'].
  * BIDS filters-file: /home/oesteban/tmp/mriqc_ses-excl027/filter-excl027.json.
------------------------------------------------------------------

2024-08-31 17:49:10 | IMPORTANT | mriqc            | DataLad dataset identified, attempting to `datalad get` unavailable files.
2024-08-31 17:49:10 | IMPORTANT | mriqc            | Extracting metadata and entities for 1 input runs of modality 't1w'...
2024-08-31 17:49:10 | IMPORTANT | mriqc            | File size ('t1w'): 0.01|0.01 GB [maximum|average].
2024-08-31 17:49:10 | IMPORTANT | mriqc            | Extracting metadata and entities for 1 input runs of modality 'dwi'...
2024-08-31 17:49:10 | IMPORTANT | mriqc            | File size ('dwi'): 0.45|0.45 GB [maximum|average].
2024-08-31 17:49:11 | INFO     | mriqc            | MRIQC config file: /home/oesteban/tmp/mriqc_ses-excl027/config-20240831-174909_e805cbc9-2298-4f80-b35a-b484600d45e7.toml.
2024-08-31 17:49:15 | IMPORTANT | mriqc            | Building MRIQC's workflows...
2024-08-31 17:49:15 | INFO     | nipype.workflow  | Building diffusion MRIQC workflow for 1 NIfTI files..
2024-08-31 17:49:15 | INFO     | nipype.workflow  | Building anatomical MRIQC workflow for 1 NIfTI files..
2024-08-31 17:49:20 | IMPORTANT | mriqc            | Workflow building finished (exit code 0).
2024-08-31 17:49:25 | INFO     | nipype.workflow  | Workflow mriqc_wf settings: ['check', 'execution', 'logging', 'monitoring']
2024-08-31 17:49:28 | INFO     | nipype.workflow  | [Node] Setting-up "mriqc_wf.dwiMRIQC.ComputeIQMs.provenance" in "/home/oesteban/tmp/mriqc_ses-excl027/mriqc_wf/dwiMRIQC/ComputeIQMs/f0054ee8f7558248302ffa211589f103302136b1/provenance".
2024-08-31 17:49:28 | INFO     | nipype.workflow  | [Node] Setting-up "mriqc_wf.anatMRIQC.conform" in "/home/oesteban/tmp/mriqc_ses-excl027/mriqc_wf/anatMRIQC/923e85f30793bfb52fe0f1c86e4765249302afd4/conform".
2024-08-31 17:49:28 | INFO     | nipype.workflow  | [Node] Executing "conform" <mriqc.interfaces.common.conform_image.ConformImage>
2024-08-31 17:49:28 | INFO     | nipype.workflow  | [Node] Setting-up "mriqc_wf.dwiMRIQC.load_bmat" in "/home/oesteban/tmp/mriqc_ses-excl027/mriqc_wf/dwiMRIQC/f0054ee8f7558248302ffa211589f103302136b1/load_bmat".
2024-08-31 17:49:28 | INFO     | nipype.workflow  | [Node] Setting-up "mriqc_wf.dwiMRIQC.sanitize" in "/home/oesteban/tmp/mriqc_ses-excl027/mriqc_wf/dwiMRIQC/f0054ee8f7558248302ffa211589f103302136b1/sanitize".
2024-08-31 17:49:29 | INFO     | nipype.workflow  | [Node] Executing "provenance" <mriqc.interfaces.reports.AddProvenance>
2024-08-31 17:49:29 | INFO     | nipype.workflow  | [Node] Executing "load_bmat" <mriqc.interfaces.diffusion.ReadDWIMetadata>
2024-08-31 17:49:29 | INFO     | nipype.workflow  | [Node] Executing "sanitize" <niworkflows.interfaces.header.SanitizeImage>
2024-08-31 17:49:29 | INFO     | nipype.workflow  | [Node] Finished "conform", elapsed time 0.634771s.
2024-08-31 17:49:32 | INFO     | nipype.workflow  | [Node] Finished "provenance", elapsed time 3.53829s.
2024-08-31 17:49:33 | INFO     | nipype.workflow  | [Node] Finished "load_bmat", elapsed time 3.855519s.
2024-08-31 17:49:33 | INFO     | nipype.workflow  | [Node] Setting-up "mriqc_wf.anatMRIQC.synthstrip_wf.pre_clip" in "/home/oesteban/tmp/mriqc_ses-excl027/mriqc_wf/anatMRIQC/synthstrip_wf/923e85f30793bfb52fe0f1c86e4765249302afd4/pre_clip".
2024-08-31 17:49:33 | INFO     | nipype.workflow  | [Node] Setting-up "mriqc_wf.anatMRIQC.AirMaskWorkflow.RotationMask" in "/home/oesteban/tmp/mriqc_ses-excl027/mriqc_wf/anatMRIQC/AirMaskWorkflow/923e85f30793bfb52fe0f1c86e4765249302afd4/RotationMask".
2024-08-31 17:49:33 | INFO     | nipype.workflow  | [Node] Setting-up "mriqc_wf.anatMRIQC.anat_report_wf.PlotMosaicNoise" in "/home/oesteban/tmp/mriqc_ses-excl027/mriqc_wf/anatMRIQC/anat_report_wf/923e85f30793bfb52fe0f1c86e4765249302afd4/PlotMosaicNoise".
2024-08-31 17:49:33 | INFO     | nipype.workflow  | [Node] Executing "RotationMask" <mriqc.interfaces.anatomical.RotationMask>
2024-08-31 17:49:33 | INFO     | nipype.workflow  | [Node] Executing "pre_clip" <niworkflows.interfaces.nibabel.IntensityClip>
2024-08-31 17:49:33 | INFO     | nipype.workflow  | [Node] Executing "PlotMosaicNoise" <nireports.interfaces.mosaic.PlotMosaic>
2024-08-31 17:49:35 | INFO     | nipype.workflow  | [Node] Setting-up "mriqc_wf.dwiMRIQC.shells" in "/home/oesteban/tmp/mriqc_ses-excl027/mriqc_wf/dwiMRIQC/f0054ee8f7558248302ffa211589f103302136b1/shells".
2024-08-31 17:49:35 | INFO     | nipype.workflow  | [Node] Executing "shells" <mriqc.interfaces.diffusion.NumberOfShells>
2024-08-31 17:49:35 | INFO     | nipype.workflow  | [Node] Finished "shells", elapsed time 0.002556s.
2024-08-31 17:49:35 | INFO     | nipype.workflow  | [Node] Finished "RotationMask", elapsed time 2.492737s.
2024-08-31 17:49:39 | INFO     | nipype.workflow  | [Node] Finished "PlotMosaicNoise", elapsed time 6.147088s.
2024-08-31 17:49:41 | INFO     | nipype.workflow  | [Node] Setting-up "mriqc_wf.anatMRIQC.anat_report_wf.ds_report_background" in "/home/oesteban/tmp/mriqc_ses-excl027/mriqc_wf/anatMRIQC/anat_report_wf/923e85f30793bfb52fe0f1c86e4765249302afd4/ds_report_background".
2024-08-31 17:49:41 | INFO     | nipype.workflow  | [Node] Executing "ds_report_background" <mriqc.interfaces.DerivativesDataSink>
2024-08-31 17:49:41 | INFO     | nipype.workflow  | [Node] Finished "ds_report_background", elapsed time 0.00623s.
2024-08-31 17:49:45 | INFO     | nipype.workflow  | [Node] Finished "sanitize", elapsed time 16.317196s.
2024-08-31 17:49:47 | INFO     | nipype.workflow  | [Node] Setting-up "mriqc_wf.dwiMRIQC.piesno" in "/home/oesteban/tmp/mriqc_ses-excl027/mriqc_wf/dwiMRIQC/f0054ee8f7558248302ffa211589f103302136b1/piesno".
2024-08-31 17:49:47 | INFO     | nipype.workflow  | [Node] Executing "piesno" <mriqc.interfaces.diffusion.PIESNO>
2024-08-31 17:49:48 | INFO     | nipype.workflow  | [Node] Finished "pre_clip", elapsed time 15.399714s.
2024-08-31 17:49:49 | INFO     | nipype.workflow  | [Node] Setting-up "mriqc_wf.dwiMRIQC.dwi_ref" in "/home/oesteban/tmp/mriqc_ses-excl027/mriqc_wf/dwiMRIQC/f0054ee8f7558248302ffa211589f103302136b1/dwi_ref".
2024-08-31 17:49:49 | INFO     | nipype.workflow  | [Node] Executing "dwi_ref" <niworkflows.interfaces.images.RobustAverage>
2024-08-31 17:49:54 | INFO     | nipype.workflow  | [Node] Finished "dwi_ref", elapsed time 4.371028s.
2024-08-31 17:49:55 | INFO     | nipype.workflow  | [Node] Setting-up "mriqc_wf.dwiMRIQC.get_lowb" in "/home/oesteban/tmp/mriqc_ses-excl027/mriqc_wf/dwiMRIQC/f0054ee8f7558248302ffa211589f103302136b1/get_lowb".
2024-08-31 17:49:55 | INFO     | nipype.workflow  | [Node] Executing "get_lowb" <mriqc.interfaces.diffusion.ExtractOrientations>
2024-08-31 17:49:59 | INFO     | nipype.workflow  | [Node] Finished "get_lowb", elapsed time 3.67223s.
2024-08-31 17:50:01 | INFO     | nipype.workflow  | [Node] Setting-up "mriqc_wf.dwiMRIQC.synthstrip_wf.pre_clip" in "/home/oesteban/tmp/mriqc_ses-excl027/mriqc_wf/dwiMRIQC/synthstrip_wf/f0054ee8f7558248302ffa211589f103302136b1/pre_clip".
2024-08-31 17:50:01 | INFO     | nipype.workflow  | [Node] Setting-up "mriqc_wf.dwiMRIQC.SpatialNormalization.SharpenEPI" in "/home/oesteban/tmp/mriqc_ses-excl027/mriqc_wf/dwiMRIQC/SpatialNormalization/f0054ee8f7558248302ffa211589f103302136b1/SharpenEPI".
2024-08-31 17:50:01 | INFO     | nipype.workflow  | [Node] Executing "pre_clip" <niworkflows.interfaces.nibabel.IntensityClip>
2024-08-31 17:50:01 | INFO     | nipype.workflow  | [Node] Executing "SharpenEPI" <nipype.interfaces.ants.segmentation.N4BiasFieldCorrection>
2024-08-31 17:50:04 | INFO     | nipype.workflow  | [Node] Finished "pre_clip", elapsed time 2.311437s.
2024-08-31 17:50:05 | INFO     | nipype.workflow  | [Node] Finished "piesno", elapsed time 17.860677s.
2024-08-31 17:50:07 | INFO     | nipype.workflow  | [Node] Setting-up "mriqc_wf.anatMRIQC.synthstrip_wf.pre_n4" in "/home/oesteban/tmp/mriqc_ses-excl027/mriqc_wf/anatMRIQC/synthstrip_wf/923e85f30793bfb52fe0f1c86e4765249302afd4/pre_n4".
2024-08-31 17:50:07 | INFO     | nipype.workflow  | [Node] Executing "pre_n4" <nipype.interfaces.ants.segmentation.N4BiasFieldCorrection>
2024-08-31 17:50:18 | INFO     | nipype.workflow  | [Node] Finished "SharpenEPI", elapsed time 15.925078s.
2024-08-31 17:50:29 | INFO     | nipype.workflow  | [Node] Finished "pre_n4", elapsed time 21.868908s.
2024-08-31 17:50:31 | INFO     | nipype.workflow  | [Node] Setting-up "mriqc_wf.anatMRIQC.synthstrip_wf.synthstrip" in "/home/oesteban/tmp/mriqc_ses-excl027/mriqc_wf/anatMRIQC/synthstrip_wf/923e85f30793bfb52fe0f1c86e4765249302afd4/synthstrip".
2024-08-31 17:50:31 | INFO     | nipype.workflow  | [Node] Executing "synthstrip" <mriqc.interfaces.synthstrip.SynthStrip>
2024-08-31 17:50:48 | INFO     | nipype.workflow  | [Node] Finished "synthstrip", elapsed time 16.873207999999998s.
2024-08-31 17:50:49 | INFO     | nipype.workflow  | [Node] Setting-up "mriqc_wf.dwiMRIQC.hmc_b0" in "/home/oesteban/tmp/mriqc_ses-excl027/mriqc_wf/dwiMRIQC/f0054ee8f7558248302ffa211589f103302136b1/hmc_b0".
2024-08-31 17:50:49 | INFO     | nipype.workflow  | [Node] Executing "hmc_b0" <nipype.interfaces.afni.preprocess.Volreg>
2024-08-31 17:51:20 | INFO     | nipype.workflow  | [Node] Finished "hmc_b0", elapsed time 30.487305s.
2024-08-31 17:51:21 | INFO     | nipype.workflow  | [Node] Setting-up "mriqc_wf.anatMRIQC.synthstrip_wf.post_n4" in "/home/oesteban/tmp/mriqc_ses-excl027/mriqc_wf/anatMRIQC/synthstrip_wf/923e85f30793bfb52fe0f1c86e4765249302afd4/post_n4".
2024-08-31 17:51:21 | INFO     | nipype.workflow  | [Node] Setting-up "mriqc_wf.anatMRIQC.ComputeIQMs.smoothness" in "/home/oesteban/tmp/mriqc_ses-excl027/mriqc_wf/anatMRIQC/ComputeIQMs/923e85f30793bfb52fe0f1c86e4765249302afd4/smoothness".
2024-08-31 17:51:21 | INFO     | nipype.workflow  | [Node] Setting-up "mriqc_wf.anatMRIQC.anat_report_wf.PlotMosaicZoomed" in "/home/oesteban/tmp/mriqc_ses-excl027/mriqc_wf/anatMRIQC/anat_report_wf/923e85f30793bfb52fe0f1c86e4765249302afd4/PlotMosaicZoomed".
2024-08-31 17:51:21 | INFO     | nipype.workflow  | [Node] Executing "smoothness" <nipype.interfaces.afni.utils.FWHMx>
2024-08-31 17:51:21 | INFO     | nipype.workflow  | [Node] Executing "PlotMosaicZoomed" <nireports.interfaces.mosaic.PlotMosaic>
2024-08-31 17:51:21 | INFO     | nipype.workflow  | [Node] Executing "post_n4" <nipype.interfaces.ants.segmentation.N4BiasFieldCorrection>
2024-08-31 17:51:26 | INFO     | nipype.workflow  | [Node] Finished "PlotMosaicZoomed", elapsed time 5.37056s.
2024-08-31 17:51:27 | INFO     | nipype.workflow  | [Node] Setting-up "mriqc_wf.anatMRIQC.anat_report_wf.ds_report_zoomed" in "/home/oesteban/tmp/mriqc_ses-excl027/mriqc_wf/anatMRIQC/anat_report_wf/923e85f30793bfb52fe0f1c86e4765249302afd4/ds_report_zoomed".
2024-08-31 17:51:27 | INFO     | nipype.workflow  | [Node] Executing "ds_report_zoomed" <mriqc.interfaces.DerivativesDataSink>
2024-08-31 17:51:27 | INFO     | nipype.workflow  | [Node] Finished "ds_report_zoomed", elapsed time 0.004159s.
2024-08-31 17:51:31 | INFO     | nipype.workflow  | [Node] Finished "smoothness", elapsed time 9.903901s.
2024-08-31 17:51:35 | INFO     | nipype.workflow  | [Node] Finished "post_n4", elapsed time 13.224846s.
2024-08-31 17:51:35 | INFO     | nipype.workflow  | [Node] Setting-up "mriqc_wf.anatMRIQC.synthstrip_wf.final_masked" in "/home/oesteban/tmp/mriqc_ses-excl027/mriqc_wf/anatMRIQC/synthstrip_wf/923e85f30793bfb52fe0f1c86e4765249302afd4/final_masked".
2024-08-31 17:51:35 | INFO     | nipype.workflow  | [Node] Executing "final_masked" <niworkflows.interfaces.nibabel.ApplyMask>
2024-08-31 17:51:35 | INFO     | nipype.workflow  | [Node] Setting-up "mriqc_wf.dwiMRIQC.synthstrip_wf.pre_n4" in "/home/oesteban/tmp/mriqc_ses-excl027/mriqc_wf/dwiMRIQC/synthstrip_wf/f0054ee8f7558248302ffa211589f103302136b1/pre_n4".
2024-08-31 17:51:35 | INFO     | nipype.workflow  | [Node] Executing "pre_n4" <nipype.interfaces.ants.segmentation.N4BiasFieldCorrection>
2024-08-31 17:51:36 | INFO     | nipype.workflow  | [Node] Finished "final_masked", elapsed time 0.559337s.
2024-08-31 17:51:40 | INFO     | nipype.workflow  | [Node] Finished "pre_n4", elapsed time 4.550083s.
2024-08-31 17:51:41 | INFO     | nipype.workflow  | [Node] Setting-up "mriqc_wf.anatMRIQC.SpatialNormalization.SpatialNormalization" in "/home/oesteban/tmp/mriqc_ses-excl027/mriqc_wf/anatMRIQC/SpatialNormalization/923e85f30793bfb52fe0f1c86e4765249302afd4/SpatialNormalization".
2024-08-31 17:51:41 | INFO     | nipype.workflow  | [Node] Executing "SpatialNormalization" <niworkflows.interfaces.reportlets.registration.SpatialNormalizationRPT>
2024-08-31 17:51:42 | INFO     | niworkflows      | Estimating initial transform using AffineInitializer
2024-08-31 17:51:50 | INFO     | niworkflows      | Loading settings from file /home/oesteban/workspace/niworkflows/niworkflows/data/t1w-mni_registration_testing_000.json.
2024-08-31 17:51:50 | INFO     | niworkflows      | Retry #1, commandline: 
antsRegistration --collapse-output-transforms 1 --dimensionality 3 --float 0 --initial-moving-transform [ /home/oesteban/tmp/mriqc_ses-excl027/mriqc_wf/anatMRIQC/SpatialNormalization/923e85f30793bfb52fe0f1c86e4765249302afd4/SpatialNormalization/transform.mat, 0 ] --initialize-transforms-per-stage 0 --interpolation LanczosWindowedSinc --output [ ants_t1_to_mni, ants_t1_to_mni_Warped.nii.gz ] --transform Rigid[ 1.0 ] --metric Mattes[ /home/oesteban/tmp/mriqc_ses-excl027/mriqc_wf/anatMRIQC/SpatialNormalization/923e85f30793bfb52fe0f1c86e4765249302afd4/SpatialNormalization/fixed_masked.nii.gz, /home/oesteban/tmp/mriqc_ses-excl027/mriqc_wf/anatMRIQC/SpatialNormalization/923e85f30793bfb52fe0f1c86e4765249302afd4/SpatialNormalization/moving_masked.nii.gz, 1, 56, Random, 0.2 ] --convergence [ 20, 1e-07, 15 ] --smoothing-sigmas 4.0vox --shrink-factors 2 --use-histogram-matching 0 --transform Affine[ 1.0 ] --metric Mattes[ /home/oesteban/tmp/mriqc_ses-excl027/mriqc_wf/anatMRIQC/SpatialNormalization/923e85f30793bfb52fe0f1c86e4765249302afd4/SpatialNormalization/fixed_masked.nii.gz, /home/oesteban/tmp/mriqc_ses-excl027/mriqc_wf/anatMRIQC/SpatialNormalization/923e85f30793bfb52fe0f1c86e4765249302afd4/SpatialNormalization/moving_masked.nii.gz, 1, 56, Random, 0.1 ] --convergence [ 15, 1e-08, 5 ] --smoothing-sigmas 2.0vox --shrink-factors 1 --use-histogram-matching 1 --winsorize-image-intensities [ 0.005, 0.995 ]  --write-composite-transform 1
2024-08-31 17:51:53 | INFO     | niworkflows      | Successful spatial normalization (retry #1).
2024-08-31 17:51:55 | INFO     | niworkflows      | Report - setting fixed (/home/oesteban/tmp/mriqc_ses-excl027/mriqc_wf/anatMRIQC/SpatialNormalization/923e85f30793bfb52fe0f1c86e4765249302afd4/SpatialNormalization/fixed_masked.nii.gz) and moving (/home/oesteban/tmp/mriqc_ses-excl027/mriqc_wf/anatMRIQC/SpatialNormalization/923e85f30793bfb52fe0f1c86e4765249302afd4/SpatialNormalization/ants_t1_to_mni_Warped.nii.gz) images
2024-08-31 17:51:55 | INFO     | niworkflows      | Generating visual report
2024-08-31 17:52:12 | INFO     | nipype.workflow  | [Node] Finished "SpatialNormalization", elapsed time 30.602682s.
2024-08-31 17:52:13 | INFO     | nipype.workflow  | [Node] Setting-up "mriqc_wf.dwiMRIQC.synthstrip_wf.synthstrip" in "/home/oesteban/tmp/mriqc_ses-excl027/mriqc_wf/dwiMRIQC/synthstrip_wf/f0054ee8f7558248302ffa211589f103302136b1/synthstrip".
2024-08-31 17:52:13 | INFO     | nipype.workflow  | [Node] Executing "synthstrip" <mriqc.interfaces.synthstrip.SynthStrip>
2024-08-31 17:52:15 | INFO     | nipype.workflow  | [Node] Setting-up "_tpms_std2t1w0" in "/home/oesteban/tmp/mriqc_ses-excl027/mriqc_wf/anatMRIQC/SpatialNormalization/923e85f30793bfb52fe0f1c86e4765249302afd4/tpms_std2t1w/mapflow/_tpms_std2t1w0".
2024-08-31 17:52:15 | INFO     | nipype.workflow  | [Node] Setting-up "_tpms_std2t1w1" in "/home/oesteban/tmp/mriqc_ses-excl027/mriqc_wf/anatMRIQC/SpatialNormalization/923e85f30793bfb52fe0f1c86e4765249302afd4/tpms_std2t1w/mapflow/_tpms_std2t1w1".
2024-08-31 17:52:15 | INFO     | nipype.workflow  | [Node] Setting-up "_tpms_std2t1w2" in "/home/oesteban/tmp/mriqc_ses-excl027/mriqc_wf/anatMRIQC/SpatialNormalization/923e85f30793bfb52fe0f1c86e4765249302afd4/tpms_std2t1w/mapflow/_tpms_std2t1w2".
2024-08-31 17:52:15 | INFO     | nipype.workflow  | [Node] Executing "_tpms_std2t1w0" <niworkflows.interfaces.fixes.FixHeaderApplyTransforms>
2024-08-31 17:52:15 | INFO     | nipype.workflow  | [Node] Executing "_tpms_std2t1w2" <niworkflows.interfaces.fixes.FixHeaderApplyTransforms>
2024-08-31 17:52:15 | INFO     | nipype.workflow  | [Node] Executing "_tpms_std2t1w1" <niworkflows.interfaces.fixes.FixHeaderApplyTransforms>
2024-08-31 17:52:25 | INFO     | nipype.workflow  | [Node] Finished "synthstrip", elapsed time 11.542416s.
2024-08-31 17:52:27 | INFO     | nipype.workflow  | [Node] Setting-up "mriqc_wf.dwiMRIQC.synthstrip_wf.post_n4" in "/home/oesteban/tmp/mriqc_ses-excl027/mriqc_wf/dwiMRIQC/synthstrip_wf/f0054ee8f7558248302ffa211589f103302136b1/post_n4".
2024-08-31 17:52:27 | INFO     | nipype.workflow  | [Node] Finished "_tpms_std2t1w0", elapsed time 11.769282s.
2024-08-31 17:52:27 | INFO     | nipype.workflow  | [Node] Executing "post_n4" <nipype.interfaces.ants.segmentation.N4BiasFieldCorrection>
2024-08-31 17:52:27 | INFO     | nipype.workflow  | [Node] Finished "_tpms_std2t1w1", elapsed time 11.876954s.
2024-08-31 17:52:28 | INFO     | nipype.workflow  | [Node] Finished "_tpms_std2t1w2", elapsed time 12.236522s.
2024-08-31 17:52:29 | INFO     | nipype.workflow  | [Node] Setting-up "_tpms_std2t1w0" in "/home/oesteban/tmp/mriqc_ses-excl027/mriqc_wf/anatMRIQC/SpatialNormalization/923e85f30793bfb52fe0f1c86e4765249302afd4/tpms_std2t1w/mapflow/_tpms_std2t1w0".
2024-08-31 17:52:29 | INFO     | nipype.workflow  | [Node] Cached "_tpms_std2t1w0" - collecting precomputed outputs
2024-08-31 17:52:29 | INFO     | nipype.workflow  | [Node] "_tpms_std2t1w0" found cached.
2024-08-31 17:52:29 | INFO     | nipype.workflow  | [Node] Setting-up "_tpms_std2t1w1" in "/home/oesteban/tmp/mriqc_ses-excl027/mriqc_wf/anatMRIQC/SpatialNormalization/923e85f30793bfb52fe0f1c86e4765249302afd4/tpms_std2t1w/mapflow/_tpms_std2t1w1".
2024-08-31 17:52:29 | INFO     | nipype.workflow  | [Node] Cached "_tpms_std2t1w1" - collecting precomputed outputs
2024-08-31 17:52:29 | INFO     | nipype.workflow  | [Node] "_tpms_std2t1w1" found cached.
2024-08-31 17:52:29 | INFO     | nipype.workflow  | [Node] Setting-up "_tpms_std2t1w2" in "/home/oesteban/tmp/mriqc_ses-excl027/mriqc_wf/anatMRIQC/SpatialNormalization/923e85f30793bfb52fe0f1c86e4765249302afd4/tpms_std2t1w/mapflow/_tpms_std2t1w2".
2024-08-31 17:52:29 | INFO     | nipype.workflow  | [Node] Cached "_tpms_std2t1w2" - collecting precomputed outputs
2024-08-31 17:52:29 | INFO     | nipype.workflow  | [Node] "_tpms_std2t1w2" found cached.
2024-08-31 17:52:31 | INFO     | nipype.workflow  | [Node] Setting-up "mriqc_wf.anatMRIQC.HeadMaskWorkflow.Enhance" in "/home/oesteban/tmp/mriqc_ses-excl027/mriqc_wf/anatMRIQC/HeadMaskWorkflow/923e85f30793bfb52fe0f1c86e4765249302afd4/Enhance".
2024-08-31 17:52:31 | INFO     | nipype.workflow  | [Node] Setting-up "mriqc_wf.anatMRIQC.brain_tissue_segmentation.format_tpm_names" in "/home/oesteban/tmp/mriqc_ses-excl027/mriqc_wf/anatMRIQC/brain_tissue_segmentation/923e85f30793bfb52fe0f1c86e4765249302afd4/format_tpm_names".
2024-08-31 17:52:31 | INFO     | nipype.workflow  | [Node] Executing "format_tpm_names" <nipype.interfaces.utility.wrappers.Function>
2024-08-31 17:52:31 | INFO     | nipype.workflow  | [Node] Executing "Enhance" <nipype.interfaces.utility.wrappers.Function>
2024-08-31 17:52:32 | INFO     | nipype.workflow  | [Node] Finished "post_n4", elapsed time 4.104586s.
2024-08-31 17:52:32 | INFO     | nipype.workflow  | [Node] Finished "Enhance", elapsed time 1.3364829999999999s.
2024-08-31 17:52:33 | INFO     | nipype.workflow  | [Node] Setting-up "mriqc_wf.dwiMRIQC.sp_mask" in "/home/oesteban/tmp/mriqc_ses-excl027/mriqc_wf/dwiMRIQC/f0054ee8f7558248302ffa211589f103302136b1/sp_mask".
2024-08-31 17:52:33 | INFO     | nipype.workflow  | [Node] Setting-up "mriqc_wf.anatMRIQC.HeadMaskWorkflow.Grad" in "/home/oesteban/tmp/mriqc_ses-excl027/mriqc_wf/anatMRIQC/HeadMaskWorkflow/923e85f30793bfb52fe0f1c86e4765249302afd4/Grad".
2024-08-31 17:52:33 | INFO     | nipype.workflow  | [Node] Setting-up "mriqc_wf.anatMRIQC.HeadMaskWorkflow.apply_mask" in "/home/oesteban/tmp/mriqc_ses-excl027/mriqc_wf/anatMRIQC/HeadMaskWorkflow/923e85f30793bfb52fe0f1c86e4765249302afd4/apply_mask".
2024-08-31 17:52:33 | INFO     | nipype.workflow  | [Node] Setting-up "mriqc_wf.dwiMRIQC.synthstrip_wf.final_masked" in "/home/oesteban/tmp/mriqc_ses-excl027/mriqc_wf/dwiMRIQC/synthstrip_wf/f0054ee8f7558248302ffa211589f103302136b1/final_masked".
2024-08-31 17:52:33 | INFO     | nipype.workflow  | [Node] Executing "Grad" <nipype.interfaces.utility.wrappers.Function>
2024-08-31 17:52:33 | INFO     | nipype.workflow  | [Node] Executing "apply_mask" <niworkflows.interfaces.nibabel.ApplyMask>
2024-08-31 17:52:33 | INFO     | nipype.workflow  | [Node] Executing "final_masked" <niworkflows.interfaces.nibabel.ApplyMask>
2024-08-31 17:52:33 | INFO     | nipype.workflow  | [Node] Executing "sp_mask" <mriqc.interfaces.diffusion.SpikingVoxelsMask>
2024-08-31 17:52:33 | INFO     | nipype.workflow  | [Node] Finished "format_tpm_names", elapsed time 2.530541s.
2024-08-31 17:52:33 | INFO     | nipype.workflow  | [Node] Finished "final_masked", elapsed time 0.115309s.
2024-08-31 17:52:33 | INFO     | nipype.workflow  | [Node] Finished "apply_mask", elapsed time 0.547299s.
2024-08-31 17:52:36 | INFO     | nipype.workflow  | [Node] Finished "Grad", elapsed time 2.854709s.
2024-08-31 17:52:37 | INFO     | nipype.workflow  | [Node] Setting-up "mriqc_wf.dwiMRIQC.drift" in "/home/oesteban/tmp/mriqc_ses-excl027/mriqc_wf/dwiMRIQC/f0054ee8f7558248302ffa211589f103302136b1/drift".
2024-08-31 17:52:37 | INFO     | nipype.workflow  | [Node] Executing "drift" <mriqc.interfaces.diffusion.CorrectSignalDrift>
2024-08-31 17:52:38 | INFO     | nipype.interface | Correcting drift with 6 b=0 volumes, with global signal estimated at 1.0, 1.0099, 1.0099, 1.0132, 1.0132, 1.0164.
2024-08-31 17:52:59 | INFO     | nipype.workflow  | [Node] Finished "sp_mask", elapsed time 25.622443s.
2024-08-31 17:53:01 | INFO     | nipype.workflow  | [Node] Setting-up "mriqc_wf.anatMRIQC.HeadMaskWorkflow.GradientThreshold" in "/home/oesteban/tmp/mriqc_ses-excl027/mriqc_wf/anatMRIQC/HeadMaskWorkflow/923e85f30793bfb52fe0f1c86e4765249302afd4/GradientThreshold".
2024-08-31 17:53:01 | INFO     | nipype.workflow  | [Node] Executing "GradientThreshold" <nipype.interfaces.utility.wrappers.Function>
2024-08-31 17:53:04 | INFO     | nipype.workflow  | [Node] Finished "drift", elapsed time 26.618167s.
2024-08-31 17:53:05 | INFO     | nipype.workflow  | [Node] Setting-up "mriqc_wf.dwiMRIQC.SpatialNormalization.EPI2MNI" in "/home/oesteban/tmp/mriqc_ses-excl027/mriqc_wf/dwiMRIQC/SpatialNormalization/f0054ee8f7558248302ffa211589f103302136b1/EPI2MNI".
2024-08-31 17:53:05 | INFO     | nipype.workflow  | [Node] Executing "EPI2MNI" <niworkflows.interfaces.reportlets.registration.SpatialNormalizationRPT>
2024-08-31 17:53:05 | INFO     | niworkflows      | Estimating initial transform using AffineInitializer
2024-08-31 17:53:11 | INFO     | niworkflows      | Loading settings from file /home/oesteban/workspace/niworkflows/niworkflows/data/boldref-mni_registration_precise_000.json.
2024-08-31 17:53:11 | INFO     | niworkflows      | Retry #1, commandline: 
antsRegistration --collapse-output-transforms 1 --dimensionality 3 --float 0 --initial-moving-transform [ /home/oesteban/tmp/mriqc_ses-excl027/mriqc_wf/dwiMRIQC/SpatialNormalization/f0054ee8f7558248302ffa211589f103302136b1/EPI2MNI/transform.mat, 0 ] --initialize-transforms-per-stage 0 --interpolation LanczosWindowedSinc --output [ epi_to_mni, epi_to_mni_Warped.nii.gz ] --transform Rigid[ 0.05 ] --metric Mattes[ /data/datasets/templateflow-s3/tpl-MNI152NLin2009cAsym/tpl-MNI152NLin2009cAsym_res-02_desc-fMRIPrep_boldref.nii.gz, /home/oesteban/tmp/mriqc_ses-excl027/mriqc_wf/dwiMRIQC/SpatialNormalization/f0054ee8f7558248302ffa211589f103302136b1/SharpenEPI/sub-001_ses-excl027_acq-highres_dir-AP_dwi_valid_average_corrected.nii.gz, 1, 56, Regular, 0.25 ] --convergence [ 10000x1000x100, 1e-06, 20 ] --smoothing-sigmas 4.0x2.0x1.0vox --shrink-factors 4x2x1 --use-histogram-matching 1 --masks [ /data/datasets/templateflow-s3/tpl-MNI152NLin2009cAsym/tpl-MNI152NLin2009cAsym_res-02_desc-brain_mask.nii.gz, /home/oesteban/tmp/mriqc_ses-excl027/mriqc_wf/dwiMRIQC/synthstrip_wf/f0054ee8f7558248302ffa211589f103302136b1/synthstrip/clipped_corrected_desc-brain_mask.nii.gz ] --transform Affine[ 0.08 ] --metric Mattes[ /data/datasets/templateflow-s3/tpl-MNI152NLin2009cAsym/tpl-MNI152NLin2009cAsym_res-02_desc-fMRIPrep_boldref.nii.gz, /home/oesteban/tmp/mriqc_ses-excl027/mriqc_wf/dwiMRIQC/SpatialNormalization/f0054ee8f7558248302ffa211589f103302136b1/SharpenEPI/sub-001_ses-excl027_acq-highres_dir-AP_dwi_valid_average_corrected.nii.gz, 1, 56, Regular, 0.25 ] --convergence [ 500x250x100, 1e-06, 20 ] --smoothing-sigmas 4.0x2.0x1.0vox --shrink-factors 8x4x2 --use-histogram-matching 1 --masks [ /data/datasets/templateflow-s3/tpl-MNI152NLin2009cAsym/tpl-MNI152NLin2009cAsym_res-02_desc-brain_mask.nii.gz, /home/oesteban/tmp/mriqc_ses-excl027/mriqc_wf/dwiMRIQC/synthstrip_wf/f0054ee8f7558248302ffa211589f103302136b1/synthstrip/clipped_corrected_desc-brain_mask.nii.gz ] --transform SyN[ 0.1, 3.0, 0.0 ] --metric CC[ /data/datasets/templateflow-s3/tpl-MNI152NLin2009cAsym/tpl-MNI152NLin2009cAsym_res-02_desc-fMRIPrep_boldref.nii.gz, /home/oesteban/tmp/mriqc_ses-excl027/mriqc_wf/dwiMRIQC/SpatialNormalization/f0054ee8f7558248302ffa211589f103302136b1/SharpenEPI/sub-001_ses-excl027_acq-highres_dir-AP_dwi_valid_average_corrected.nii.gz, 1, 4, None, 1 ] --convergence [ 100x30x20, 1e-06, 10 ] --smoothing-sigmas 3.0x2.0x1.0vox --shrink-factors 8x4x2 --use-histogram-matching 1 --masks [ /data/datasets/templateflow-s3/tpl-MNI152NLin2009cAsym/tpl-MNI152NLin2009cAsym_res-02_desc-brain_mask.nii.gz, /home/oesteban/tmp/mriqc_ses-excl027/mriqc_wf/dwiMRIQC/synthstrip_wf/f0054ee8f7558248302ffa211589f103302136b1/synthstrip/clipped_corrected_desc-brain_mask.nii.gz ] --winsorize-image-intensities [ 0.005, 0.995 ]  --write-composite-transform 1
2024-08-31 17:53:17 | INFO     | nipype.workflow  | [Node] Finished "GradientThreshold", elapsed time 16.451185s.
2024-08-31 17:53:19 | INFO     | nipype.workflow  | [Node] Setting-up "mriqc_wf.anatMRIQC.AirMaskWorkflow.ArtifactMask" in "/home/oesteban/tmp/mriqc_ses-excl027/mriqc_wf/anatMRIQC/AirMaskWorkflow/923e85f30793bfb52fe0f1c86e4765249302afd4/ArtifactMask".
2024-08-31 17:53:19 | INFO     | nipype.workflow  | [Node] Executing "ArtifactMask" <mriqc.interfaces.anatomical.ArtifactMask>
2024-08-31 17:53:22 | INFO     | niworkflows      | Successful spatial normalization (retry #1).
2024-08-31 17:53:22 | INFO     | niworkflows      | Report - setting fixed (/data/datasets/templateflow-s3/tpl-MNI152NLin2009cAsym/tpl-MNI152NLin2009cAsym_res-02_desc-fMRIPrep_boldref.nii.gz) and moving (/home/oesteban/tmp/mriqc_ses-excl027/mriqc_wf/dwiMRIQC/SpatialNormalization/f0054ee8f7558248302ffa211589f103302136b1/EPI2MNI/epi_to_mni_Warped.nii.gz) images
2024-08-31 17:53:22 | INFO     | niworkflows      | Generating visual report
2024-08-31 17:53:23 | INFO     | nipype.workflow  | [Node] Finished "ArtifactMask", elapsed time 3.70589s.
2024-08-31 17:53:23 | INFO     | nipype.workflow  | [Node] Setting-up "mriqc_wf.anatMRIQC.ComputeIQMs.provenance" in "/home/oesteban/tmp/mriqc_ses-excl027/mriqc_wf/anatMRIQC/ComputeIQMs/923e85f30793bfb52fe0f1c86e4765249302afd4/provenance".
2024-08-31 17:53:23 | INFO     | nipype.workflow  | [Node] Executing "provenance" <mriqc.interfaces.reports.AddProvenance>
2024-08-31 17:53:23 | INFO     | nipype.workflow  | [Node] Finished "provenance", elapsed time 0.066701s.
2024-08-31 17:53:23 | INFO     | nipype.workflow  | [Node] Setting-up "mriqc_wf.anatMRIQC.ComputeIQMs.ComputeQI2" in "/home/oesteban/tmp/mriqc_ses-excl027/mriqc_wf/anatMRIQC/ComputeIQMs/923e85f30793bfb52fe0f1c86e4765249302afd4/ComputeQI2".
2024-08-31 17:53:23 | INFO     | nipype.workflow  | [Node] Executing "ComputeQI2" <mriqc.interfaces.anatomical.ComputeQI2>
2024-08-31 17:53:34 | INFO     | nipype.workflow  | [Node] Finished "ComputeQI2", elapsed time 10.943567999999999s.
2024-08-31 17:53:39 | INFO     | nipype.workflow  | [Node] Finished "EPI2MNI", elapsed time 33.684407s.
2024-08-31 17:53:41 | INFO     | nipype.workflow  | [Node] Setting-up "mriqc_wf.dwiMRIQC.dwidenoise" in "/home/oesteban/tmp/mriqc_ses-excl027/mriqc_wf/dwiMRIQC/f0054ee8f7558248302ffa211589f103302136b1/dwidenoise".
2024-08-31 17:53:41 | INFO     | nipype.workflow  | [Node] Executing "dwidenoise" <nipype.interfaces.mrtrix3.preprocess.DWIDenoise>
2024-08-31 17:59:48 | INFO     | nipype.workflow  | [Node] Finished "dwidenoise", elapsed time 366.709789s.
2024-08-31 17:59:49 | INFO     | nipype.workflow  | [Node] Setting-up "mriqc_wf.dwiMRIQC.SpatialNormalization.ResampleSegmentation" in "/home/oesteban/tmp/mriqc_ses-excl027/mriqc_wf/dwiMRIQC/SpatialNormalization/f0054ee8f7558248302ffa211589f103302136b1/ResampleSegmentation".
2024-08-31 17:59:49 | INFO     | nipype.workflow  | [Node] Setting-up "mriqc_wf.anatMRIQC.brain_tissue_segmentation.segmentation" in "/home/oesteban/tmp/mriqc_ses-excl027/mriqc_wf/anatMRIQC/brain_tissue_segmentation/923e85f30793bfb52fe0f1c86e4765249302afd4/segmentation".
2024-08-31 17:59:49 | INFO     | nipype.workflow  | [Node] Setting-up "mriqc_wf.dwiMRIQC.ComputeIQMs.estimate_sigma" in "/home/oesteban/tmp/mriqc_ses-excl027/mriqc_wf/dwiMRIQC/ComputeIQMs/f0054ee8f7558248302ffa211589f103302136b1/estimate_sigma".
2024-08-31 17:59:49 | INFO     | nipype.workflow  | [Node] Executing "segmentation" <nipype.interfaces.ants.segmentation.Atropos>
2024-08-31 17:59:49 | INFO     | nipype.workflow  | [Node] Executing "estimate_sigma" <nipype.interfaces.utility.wrappers.Function>
2024-08-31 17:59:49 | INFO     | nipype.workflow  | [Node] Executing "ResampleSegmentation" <nipype.interfaces.ants.resampling.ApplyTransforms>
2024-08-31 17:59:49 | INFO     | nipype.workflow  | [Node] Finished "estimate_sigma", elapsed time 0.055995s.
2024-08-31 17:59:58 | INFO     | nipype.workflow  | [Node] Finished "ResampleSegmentation", elapsed time 8.590513s.
2024-08-31 17:59:59 | INFO     | nipype.workflow  | [Node] Setting-up "mriqc_wf.dwiMRIQC.dwi_report_wf.get_wm" in "/home/oesteban/tmp/mriqc_ses-excl027/mriqc_wf/dwiMRIQC/dwi_report_wf/f0054ee8f7558248302ffa211589f103302136b1/get_wm".
2024-08-31 17:59:59 | INFO     | nipype.workflow  | [Node] Executing "get_wm" <nipype.interfaces.utility.wrappers.Function>
2024-08-31 17:59:59 | INFO     | nipype.workflow  | [Node] Finished "get_wm", elapsed time 0.070337s.
2024-08-31 18:01:00 | INFO     | nipype.workflow  | [Node] Finished "segmentation", elapsed time 70.27034s.
2024-08-31 18:01:01 | INFO     | nipype.workflow  | [Node] Setting-up "mriqc_wf.dwiMRIQC.dwimodel" in "/home/oesteban/tmp/mriqc_ses-excl027/mriqc_wf/dwiMRIQC/f0054ee8f7558248302ffa211589f103302136b1/dwimodel".
2024-08-31 18:01:01 | INFO     | nipype.workflow  | [Node] Executing "dwimodel" <mriqc.interfaces.diffusion.DiffusionModel>
2024-08-31 18:03:11 | INFO     | nipype.workflow  | [Node] Finished "dwimodel", elapsed time 129.399112s.
2024-08-31 18:03:13 | INFO     | nipype.workflow  | [Node] Setting-up "mriqc_wf.dwiMRIQC.cc_mask" in "/home/oesteban/tmp/mriqc_ses-excl027/mriqc_wf/dwiMRIQC/f0054ee8f7558248302ffa211589f103302136b1/cc_mask".
2024-08-31 18:03:13 | INFO     | nipype.workflow  | [Node] Setting-up "mriqc_wf.dwiMRIQC.dwi_report_wf.mosaic_fa" in "/home/oesteban/tmp/mriqc_ses-excl027/mriqc_wf/dwiMRIQC/dwi_report_wf/f0054ee8f7558248302ffa211589f103302136b1/mosaic_fa".
2024-08-31 18:03:13 | INFO     | nipype.workflow  | [Node] Executing "cc_mask" <mriqc.interfaces.diffusion.CCSegmentation>
2024-08-31 18:03:13 | INFO     | nipype.workflow  | [Node] Executing "mosaic_fa" <nireports.interfaces.mosaic.PlotMosaic>
2024-08-31 18:03:15 | INFO     | nipype.workflow  | [Node] Finished "cc_mask", elapsed time 1.361001s.
2024-08-31 18:03:16 | INFO     | nipype.workflow  | [Node] Finished "mosaic_fa", elapsed time 2.398981s.
2024-08-31 18:03:17 | INFO     | nipype.workflow  | [Node] Setting-up "mriqc_wf.dwiMRIQC.dwi_report_wf.ds_report_fa" in "/home/oesteban/tmp/mriqc_ses-excl027/mriqc_wf/dwiMRIQC/dwi_report_wf/f0054ee8f7558248302ffa211589f103302136b1/ds_report_fa".
2024-08-31 18:03:17 | INFO     | nipype.workflow  | [Node] Setting-up "mriqc_wf.anatMRIQC.ComputeIQMs.harmonize" in "/home/oesteban/tmp/mriqc_ses-excl027/mriqc_wf/anatMRIQC/ComputeIQMs/923e85f30793bfb52fe0f1c86e4765249302afd4/harmonize".
2024-08-31 18:03:17 | INFO     | nipype.workflow  | [Node] Setting-up "mriqc_wf.dwiMRIQC.dwi_report_wf.mosaic_md" in "/home/oesteban/tmp/mriqc_ses-excl027/mriqc_wf/dwiMRIQC/dwi_report_wf/f0054ee8f7558248302ffa211589f103302136b1/mosaic_md".
2024-08-31 18:03:17 | INFO     | nipype.workflow  | [Node] Executing "harmonize" <mriqc.interfaces.anatomical.Harmonize>
2024-08-31 18:03:17 | INFO     | nipype.workflow  | [Node] Executing "mosaic_md" <nireports.interfaces.mosaic.PlotMosaic>
2024-08-31 18:03:17 | INFO     | nipype.workflow  | [Node] Executing "ds_report_fa" <mriqc.interfaces.DerivativesDataSink>
2024-08-31 18:03:17 | INFO     | nipype.workflow  | [Node] Finished "ds_report_fa", elapsed time 0.004566s.
2024-08-31 18:03:18 | INFO     | nipype.workflow  | [Node] Finished "harmonize", elapsed time 1.250507s.
2024-08-31 18:03:19 | INFO     | nipype.workflow  | [Node] Setting-up "mriqc_wf.anatMRIQC.ComputeIQMs.measures" in "/home/oesteban/tmp/mriqc_ses-excl027/mriqc_wf/anatMRIQC/ComputeIQMs/923e85f30793bfb52fe0f1c86e4765249302afd4/measures".
2024-08-31 18:03:19 | INFO     | nipype.workflow  | [Node] Executing "measures" <mriqc.interfaces.anatomical.StructuralQC>
2024-08-31 18:03:20 | INFO     | nipype.workflow  | [Node] Finished "mosaic_md", elapsed time 2.367713s.
2024-08-31 18:03:21 | INFO     | nipype.workflow  | [Node] Setting-up "mriqc_wf.dwiMRIQC.dwi_report_wf.ds_report_md" in "/home/oesteban/tmp/mriqc_ses-excl027/mriqc_wf/dwiMRIQC/dwi_report_wf/f0054ee8f7558248302ffa211589f103302136b1/ds_report_md".
2024-08-31 18:03:21 | INFO     | nipype.workflow  | [Node] Executing "ds_report_md" <mriqc.interfaces.DerivativesDataSink>
2024-08-31 18:03:21 | INFO     | nipype.workflow  | [Node] Finished "ds_report_md", elapsed time 0.004376s.
2024-08-31 18:03:22 | INFO     | nipype.workflow  | [Node] Setting-up "_averages0" in "/home/oesteban/tmp/mriqc_ses-excl027/mriqc_wf/dwiMRIQC/f0054ee8f7558248302ffa211589f103302136b1/averages/mapflow/_averages0".
2024-08-31 18:03:22 | INFO     | nipype.workflow  | [Node] Executing "_averages0" <mriqc.interfaces.diffusion.WeightedStat>
2024-08-31 18:03:29 | INFO     | nipype.workflow  | [Node] Finished "measures", elapsed time 9.584159s.
2024-08-31 18:03:29 | INFO     | nipype.workflow  | [Node] Setting-up "mriqc_wf.anatMRIQC.ComputeIQMs.datasink" in "/home/oesteban/tmp/mriqc_ses-excl027/mriqc_wf/anatMRIQC/ComputeIQMs/923e85f30793bfb52fe0f1c86e4765249302afd4/datasink".
2024-08-31 18:03:29 | INFO     | nipype.workflow  | [Node] Executing "datasink" <mriqc.interfaces.bids.IQMFileSink>
2024-08-31 18:03:29 | INFO     | nipype.workflow  | [Node] Finished "datasink", elapsed time 0.003468s.
2024-08-31 18:03:29 | INFO     | nipype.workflow  | [Node] Setting-up "_averages1" in "/home/oesteban/tmp/mriqc_ses-excl027/mriqc_wf/dwiMRIQC/f0054ee8f7558248302ffa211589f103302136b1/averages/mapflow/_averages1".
2024-08-31 18:03:29 | INFO     | nipype.workflow  | [Node] Finished "_averages0", elapsed time 7.720505s.
2024-08-31 18:03:29 | INFO     | nipype.workflow  | [Node] Executing "_averages1" <mriqc.interfaces.diffusion.WeightedStat>
2024-08-31 18:03:31 | INFO     | nipype.workflow  | [Node] Setting-up "_averages2" in "/home/oesteban/tmp/mriqc_ses-excl027/mriqc_wf/dwiMRIQC/f0054ee8f7558248302ffa211589f103302136b1/averages/mapflow/_averages2".
2024-08-31 18:03:31 | INFO     | nipype.workflow  | [Node] Executing "_averages2" <mriqc.interfaces.diffusion.WeightedStat>
2024-08-31 18:03:37 | INFO     | nipype.workflow  | [Node] Finished "_averages1", elapsed time 7.640184s.
2024-08-31 18:03:39 | INFO     | nipype.workflow  | [Node] Finished "_averages2", elapsed time 7.627139s.
2024-08-31 18:03:39 | INFO     | nipype.workflow  | [Node] Setting-up "mriqc_wf.dwiMRIQC.dwi_report_wf.plot_heatmap" in "/home/oesteban/tmp/mriqc_ses-excl027/mriqc_wf/dwiMRIQC/dwi_report_wf/f0054ee8f7558248302ffa211589f103302136b1/plot_heatmap".
2024-08-31 18:03:39 | INFO     | nipype.workflow  | [Node] Executing "plot_heatmap" <nireports.interfaces.dmri.DWIHeatmap>
2024-08-31 18:03:48 | INFO     | nipype.workflow  | [Node] Finished "plot_heatmap", elapsed time 8.673685s.
2024-08-31 18:03:49 | INFO     | nipype.workflow  | [Node] Setting-up "mriqc_wf.dwiMRIQC.dwi_report_wf.ds_report_hm" in "/home/oesteban/tmp/mriqc_ses-excl027/mriqc_wf/dwiMRIQC/dwi_report_wf/f0054ee8f7558248302ffa211589f103302136b1/ds_report_hm".
2024-08-31 18:03:49 | INFO     | nipype.workflow  | [Node] Executing "ds_report_hm" <mriqc.interfaces.DerivativesDataSink>
2024-08-31 18:03:49 | INFO     | nipype.workflow  | [Node] Finished "ds_report_hm", elapsed time 0.004147s.
2024-08-31 18:03:50 | INFO     | nipype.workflow  | [Node] Setting-up "_averages3" in "/home/oesteban/tmp/mriqc_ses-excl027/mriqc_wf/dwiMRIQC/f0054ee8f7558248302ffa211589f103302136b1/averages/mapflow/_averages3".
2024-08-31 18:03:50 | INFO     | nipype.workflow  | [Node] Setting-up "_averages4" in "/home/oesteban/tmp/mriqc_ses-excl027/mriqc_wf/dwiMRIQC/f0054ee8f7558248302ffa211589f103302136b1/averages/mapflow/_averages4".
2024-08-31 18:03:50 | INFO     | nipype.workflow  | [Node] Executing "_averages3" <mriqc.interfaces.diffusion.WeightedStat>
2024-08-31 18:03:50 | INFO     | nipype.workflow  | [Node] Executing "_averages4" <mriqc.interfaces.diffusion.WeightedStat>
2024-08-31 18:03:57 | INFO     | nipype.workflow  | [Node] Finished "_averages3", elapsed time 7.688998s.
2024-08-31 18:03:57 | INFO     | nipype.workflow  | [Node] Finished "_averages4", elapsed time 7.793404s.
2024-08-31 18:03:59 | INFO     | nipype.workflow  | [Node] Setting-up "_stddev0" in "/home/oesteban/tmp/mriqc_ses-excl027/mriqc_wf/dwiMRIQC/f0054ee8f7558248302ffa211589f103302136b1/stddev/mapflow/_stddev0".
2024-08-31 18:03:59 | INFO     | nipype.workflow  | [Node] Executing "_stddev0" <mriqc.interfaces.diffusion.WeightedStat>
2024-08-31 18:03:59 | INFO     | nipype.workflow  | [Node] Setting-up "_averages0" in "/home/oesteban/tmp/mriqc_ses-excl027/mriqc_wf/dwiMRIQC/f0054ee8f7558248302ffa211589f103302136b1/averages/mapflow/_averages0".
2024-08-31 18:03:59 | INFO     | nipype.workflow  | [Node] Cached "_averages0" - collecting precomputed outputs
2024-08-31 18:03:59 | INFO     | nipype.workflow  | [Node] "_averages0" found cached.
2024-08-31 18:03:59 | INFO     | nipype.workflow  | [Node] Setting-up "_averages1" in "/home/oesteban/tmp/mriqc_ses-excl027/mriqc_wf/dwiMRIQC/f0054ee8f7558248302ffa211589f103302136b1/averages/mapflow/_averages1".
2024-08-31 18:03:59 | INFO     | nipype.workflow  | [Node] Cached "_averages1" - collecting precomputed outputs
2024-08-31 18:03:59 | INFO     | nipype.workflow  | [Node] "_averages1" found cached.
2024-08-31 18:03:59 | INFO     | nipype.workflow  | [Node] Setting-up "_averages2" in "/home/oesteban/tmp/mriqc_ses-excl027/mriqc_wf/dwiMRIQC/f0054ee8f7558248302ffa211589f103302136b1/averages/mapflow/_averages2".
2024-08-31 18:03:59 | INFO     | nipype.workflow  | [Node] Cached "_averages2" - collecting precomputed outputs
2024-08-31 18:03:59 | INFO     | nipype.workflow  | [Node] "_averages2" found cached.
2024-08-31 18:03:59 | INFO     | nipype.workflow  | [Node] Setting-up "_averages3" in "/home/oesteban/tmp/mriqc_ses-excl027/mriqc_wf/dwiMRIQC/f0054ee8f7558248302ffa211589f103302136b1/averages/mapflow/_averages3".
2024-08-31 18:03:59 | INFO     | nipype.workflow  | [Node] Cached "_averages3" - collecting precomputed outputs
2024-08-31 18:03:59 | INFO     | nipype.workflow  | [Node] "_averages3" found cached.
2024-08-31 18:03:59 | INFO     | nipype.workflow  | [Node] Setting-up "_averages4" in "/home/oesteban/tmp/mriqc_ses-excl027/mriqc_wf/dwiMRIQC/f0054ee8f7558248302ffa211589f103302136b1/averages/mapflow/_averages4".
2024-08-31 18:03:59 | INFO     | nipype.workflow  | [Node] Cached "_averages4" - collecting precomputed outputs
2024-08-31 18:03:59 | INFO     | nipype.workflow  | [Node] "_averages4" found cached.
2024-08-31 18:04:01 | INFO     | nipype.workflow  | [Node] Setting-up "_stddev1" in "/home/oesteban/tmp/mriqc_ses-excl027/mriqc_wf/dwiMRIQC/f0054ee8f7558248302ffa211589f103302136b1/stddev/mapflow/_stddev1".
2024-08-31 18:04:01 | INFO     | nipype.workflow  | [Node] Executing "_stddev1" <mriqc.interfaces.diffusion.WeightedStat>
2024-08-31 18:04:13 | INFO     | nipype.workflow  | [Node] Finished "_stddev0", elapsed time 13.629796s.
2024-08-31 18:04:13 | INFO     | nipype.workflow  | [Node] Setting-up "_stddev2" in "/home/oesteban/tmp/mriqc_ses-excl027/mriqc_wf/dwiMRIQC/f0054ee8f7558248302ffa211589f103302136b1/stddev/mapflow/_stddev2".
2024-08-31 18:04:13 | INFO     | nipype.workflow  | [Node] Executing "_stddev2" <mriqc.interfaces.diffusion.WeightedStat>
2024-08-31 18:04:15 | INFO     | nipype.workflow  | [Node] Finished "_stddev1", elapsed time 14.277494s.
2024-08-31 18:04:17 | INFO     | nipype.workflow  | [Node] Setting-up "_stddev3" in "/home/oesteban/tmp/mriqc_ses-excl027/mriqc_wf/dwiMRIQC/f0054ee8f7558248302ffa211589f103302136b1/stddev/mapflow/_stddev3".
2024-08-31 18:04:17 | INFO     | nipype.workflow  | [Node] Executing "_stddev3" <mriqc.interfaces.diffusion.WeightedStat>
2024-08-31 18:04:27 | INFO     | nipype.workflow  | [Node] Finished "_stddev2", elapsed time 14.202029s.
2024-08-31 18:04:29 | INFO     | nipype.workflow  | [Node] Setting-up "_stddev4" in "/home/oesteban/tmp/mriqc_ses-excl027/mriqc_wf/dwiMRIQC/f0054ee8f7558248302ffa211589f103302136b1/stddev/mapflow/_stddev4".
2024-08-31 18:04:29 | INFO     | nipype.workflow  | [Node] Executing "_stddev4" <mriqc.interfaces.diffusion.WeightedStat>
2024-08-31 18:04:32 | INFO     | nipype.workflow  | [Node] Finished "_stddev3", elapsed time 14.614193s.
2024-08-31 18:04:33 | INFO     | nipype.workflow  | [Node] Setting-up "_mosaic_noise0" in "/home/oesteban/tmp/mriqc_ses-excl027/mriqc_wf/dwiMRIQC/dwi_report_wf/f0054ee8f7558248302ffa211589f103302136b1/mosaic_noise/mapflow/_mosaic_noise0".
2024-08-31 18:04:33 | INFO     | nipype.workflow  | [Node] Executing "_mosaic_noise0" <nireports.interfaces.mosaic.PlotMosaic>
2024-08-31 18:04:36 | INFO     | nipype.workflow  | [Node] Finished "_mosaic_noise0", elapsed time 2.8465249999999997s.
2024-08-31 18:04:37 | INFO     | nipype.workflow  | [Node] Setting-up "_mosaic_noise1" in "/home/oesteban/tmp/mriqc_ses-excl027/mriqc_wf/dwiMRIQC/dwi_report_wf/f0054ee8f7558248302ffa211589f103302136b1/mosaic_noise/mapflow/_mosaic_noise1".
2024-08-31 18:04:37 | INFO     | nipype.workflow  | [Node] Executing "_mosaic_noise1" <nireports.interfaces.mosaic.PlotMosaic>
2024-08-31 18:04:40 | INFO     | nipype.workflow  | [Node] Finished "_mosaic_noise1", elapsed time 2.762683s.
2024-08-31 18:04:40 | INFO     | nipype.workflow  | [Node] Finished "_stddev4", elapsed time 11.067651s.
2024-08-31 18:04:41 | INFO     | nipype.workflow  | [Node] Setting-up "_mosaic_noise2" in "/home/oesteban/tmp/mriqc_ses-excl027/mriqc_wf/dwiMRIQC/dwi_report_wf/f0054ee8f7558248302ffa211589f103302136b1/mosaic_noise/mapflow/_mosaic_noise2".
2024-08-31 18:04:41 | INFO     | nipype.workflow  | [Node] Executing "_mosaic_noise2" <nireports.interfaces.mosaic.PlotMosaic>
2024-08-31 18:04:41 | INFO     | nipype.workflow  | [Node] Setting-up "_stddev0" in "/home/oesteban/tmp/mriqc_ses-excl027/mriqc_wf/dwiMRIQC/f0054ee8f7558248302ffa211589f103302136b1/stddev/mapflow/_stddev0".
2024-08-31 18:04:41 | INFO     | nipype.workflow  | [Node] Cached "_stddev0" - collecting precomputed outputs
2024-08-31 18:04:41 | INFO     | nipype.workflow  | [Node] "_stddev0" found cached.
2024-08-31 18:04:41 | INFO     | nipype.workflow  | [Node] Setting-up "_stddev1" in "/home/oesteban/tmp/mriqc_ses-excl027/mriqc_wf/dwiMRIQC/f0054ee8f7558248302ffa211589f103302136b1/stddev/mapflow/_stddev1".
2024-08-31 18:04:41 | INFO     | nipype.workflow  | [Node] Cached "_stddev1" - collecting precomputed outputs
2024-08-31 18:04:41 | INFO     | nipype.workflow  | [Node] "_stddev1" found cached.
2024-08-31 18:04:41 | INFO     | nipype.workflow  | [Node] Setting-up "_stddev2" in "/home/oesteban/tmp/mriqc_ses-excl027/mriqc_wf/dwiMRIQC/f0054ee8f7558248302ffa211589f103302136b1/stddev/mapflow/_stddev2".
2024-08-31 18:04:41 | INFO     | nipype.workflow  | [Node] Cached "_stddev2" - collecting precomputed outputs
2024-08-31 18:04:41 | INFO     | nipype.workflow  | [Node] "_stddev2" found cached.
2024-08-31 18:04:41 | INFO     | nipype.workflow  | [Node] Setting-up "_stddev3" in "/home/oesteban/tmp/mriqc_ses-excl027/mriqc_wf/dwiMRIQC/f0054ee8f7558248302ffa211589f103302136b1/stddev/mapflow/_stddev3".
2024-08-31 18:04:41 | INFO     | nipype.workflow  | [Node] Cached "_stddev3" - collecting precomputed outputs
2024-08-31 18:04:41 | INFO     | nipype.workflow  | [Node] "_stddev3" found cached.
2024-08-31 18:04:41 | INFO     | nipype.workflow  | [Node] Setting-up "_stddev4" in "/home/oesteban/tmp/mriqc_ses-excl027/mriqc_wf/dwiMRIQC/f0054ee8f7558248302ffa211589f103302136b1/stddev/mapflow/_stddev4".
2024-08-31 18:04:41 | INFO     | nipype.workflow  | [Node] Cached "_stddev4" - collecting precomputed outputs
2024-08-31 18:04:41 | INFO     | nipype.workflow  | [Node] "_stddev4" found cached.
2024-08-31 18:04:43 | INFO     | nipype.workflow  | [Node] Setting-up "_mosaic_noise3" in "/home/oesteban/tmp/mriqc_ses-excl027/mriqc_wf/dwiMRIQC/dwi_report_wf/f0054ee8f7558248302ffa211589f103302136b1/mosaic_noise/mapflow/_mosaic_noise3".
2024-08-31 18:04:43 | INFO     | nipype.workflow  | [Node] Executing "_mosaic_noise3" <nireports.interfaces.mosaic.PlotMosaic>
2024-08-31 18:04:43 | INFO     | nipype.workflow  | [Node] Finished "_mosaic_noise2", elapsed time 2.299755s.
2024-08-31 18:04:45 | INFO     | nipype.workflow  | [Node] Setting-up "_mosaic_noise4" in "/home/oesteban/tmp/mriqc_ses-excl027/mriqc_wf/dwiMRIQC/dwi_report_wf/f0054ee8f7558248302ffa211589f103302136b1/mosaic_noise/mapflow/_mosaic_noise4".
2024-08-31 18:04:45 | INFO     | nipype.workflow  | [Node] Executing "_mosaic_noise4" <nireports.interfaces.mosaic.PlotMosaic>
2024-08-31 18:04:45 | INFO     | nipype.workflow  | [Node] Finished "_mosaic_noise3", elapsed time 2.396691s.
2024-08-31 18:04:47 | INFO     | nipype.workflow  | [Node] Setting-up "_mosaic_snr0" in "/home/oesteban/tmp/mriqc_ses-excl027/mriqc_wf/dwiMRIQC/dwi_report_wf/f0054ee8f7558248302ffa211589f103302136b1/mosaic_snr/mapflow/_mosaic_snr0".
2024-08-31 18:04:47 | INFO     | nipype.workflow  | [Node] Executing "_mosaic_snr0" <nireports.interfaces.reporting.base.SimpleBeforeAfterRPT>
2024-08-31 18:04:47 | INFO     | nipype.interface | Report - setting before (/home/oesteban/tmp/mriqc_ses-excl027/mriqc_wf/dwiMRIQC/f0054ee8f7558248302ffa211589f103302136b1/stddev/mapflow/_stddev0/sub-001_ses-excl027_acq-highres_dir-AP_dwi_valid_nodriftfull_std.nii.gz) and after (/home/oesteban/tmp/mriqc_ses-excl027/mriqc_wf/dwiMRIQC/f0054ee8f7558248302ffa211589f103302136b1/averages/mapflow/_averages0/sub-001_ses-excl027_acq-highres_dir-AP_dwi_valid_nodriftfull_mean.nii.gz) images
2024-08-31 18:04:47 | INFO     | nipype.interface | Generating visual report
2024-08-31 18:04:49 | INFO     | nipype.workflow  | [Node] Finished "_mosaic_noise4", elapsed time 4.107339s.
2024-08-31 18:04:51 | INFO     | nipype.workflow  | [Node] Setting-up "_mosaic_noise0" in "/home/oesteban/tmp/mriqc_ses-excl027/mriqc_wf/dwiMRIQC/dwi_report_wf/f0054ee8f7558248302ffa211589f103302136b1/mosaic_noise/mapflow/_mosaic_noise0".
2024-08-31 18:04:51 | INFO     | nipype.workflow  | [Node] Cached "_mosaic_noise0" - collecting precomputed outputs
2024-08-31 18:04:51 | INFO     | nipype.workflow  | [Node] "_mosaic_noise0" found cached.
2024-08-31 18:04:51 | INFO     | nipype.workflow  | [Node] Setting-up "_mosaic_noise1" in "/home/oesteban/tmp/mriqc_ses-excl027/mriqc_wf/dwiMRIQC/dwi_report_wf/f0054ee8f7558248302ffa211589f103302136b1/mosaic_noise/mapflow/_mosaic_noise1".
2024-08-31 18:04:51 | INFO     | nipype.workflow  | [Node] Cached "_mosaic_noise1" - collecting precomputed outputs
2024-08-31 18:04:51 | INFO     | nipype.workflow  | [Node] "_mosaic_noise1" found cached.
2024-08-31 18:04:51 | INFO     | nipype.workflow  | [Node] Setting-up "_mosaic_noise2" in "/home/oesteban/tmp/mriqc_ses-excl027/mriqc_wf/dwiMRIQC/dwi_report_wf/f0054ee8f7558248302ffa211589f103302136b1/mosaic_noise/mapflow/_mosaic_noise2".
2024-08-31 18:04:51 | INFO     | nipype.workflow  | [Node] Cached "_mosaic_noise2" - collecting precomputed outputs
2024-08-31 18:04:51 | INFO     | nipype.workflow  | [Node] "_mosaic_noise2" found cached.
2024-08-31 18:04:51 | INFO     | nipype.workflow  | [Node] Setting-up "_mosaic_noise3" in "/home/oesteban/tmp/mriqc_ses-excl027/mriqc_wf/dwiMRIQC/dwi_report_wf/f0054ee8f7558248302ffa211589f103302136b1/mosaic_noise/mapflow/_mosaic_noise3".
2024-08-31 18:04:51 | INFO     | nipype.workflow  | [Node] Cached "_mosaic_noise3" - collecting precomputed outputs
2024-08-31 18:04:51 | INFO     | nipype.workflow  | [Node] "_mosaic_noise3" found cached.
2024-08-31 18:04:51 | INFO     | nipype.workflow  | [Node] Setting-up "_mosaic_noise4" in "/home/oesteban/tmp/mriqc_ses-excl027/mriqc_wf/dwiMRIQC/dwi_report_wf/f0054ee8f7558248302ffa211589f103302136b1/mosaic_noise/mapflow/_mosaic_noise4".
2024-08-31 18:04:51 | INFO     | nipype.workflow  | [Node] Cached "_mosaic_noise4" - collecting precomputed outputs
2024-08-31 18:04:51 | INFO     | nipype.workflow  | [Node] "_mosaic_noise4" found cached.
2024-08-31 18:04:53 | INFO     | nipype.workflow  | [Node] Setting-up "_mosaic_snr1" in "/home/oesteban/tmp/mriqc_ses-excl027/mriqc_wf/dwiMRIQC/dwi_report_wf/f0054ee8f7558248302ffa211589f103302136b1/mosaic_snr/mapflow/_mosaic_snr1".
2024-08-31 18:04:53 | INFO     | nipype.workflow  | [Node] Executing "_mosaic_snr1" <nireports.interfaces.reporting.base.SimpleBeforeAfterRPT>
2024-08-31 18:04:53 | INFO     | nipype.interface | Report - setting before (/home/oesteban/tmp/mriqc_ses-excl027/mriqc_wf/dwiMRIQC/f0054ee8f7558248302ffa211589f103302136b1/stddev/mapflow/_stddev1/sub-001_ses-excl027_acq-highres_dir-AP_dwi_valid_nodriftfull_std.nii.gz) and after (/home/oesteban/tmp/mriqc_ses-excl027/mriqc_wf/dwiMRIQC/f0054ee8f7558248302ffa211589f103302136b1/averages/mapflow/_averages1/sub-001_ses-excl027_acq-highres_dir-AP_dwi_valid_nodriftfull_mean.nii.gz) images
2024-08-31 18:04:53 | INFO     | nipype.interface | Generating visual report
2024-08-31 18:05:09 | INFO     | nipype.workflow  | [Node] Finished "_mosaic_snr0", elapsed time 21.9989s.
2024-08-31 18:05:11 | INFO     | nipype.workflow  | [Node] Setting-up "_mosaic_snr2" in "/home/oesteban/tmp/mriqc_ses-excl027/mriqc_wf/dwiMRIQC/dwi_report_wf/f0054ee8f7558248302ffa211589f103302136b1/mosaic_snr/mapflow/_mosaic_snr2".
2024-08-31 18:05:11 | INFO     | nipype.workflow  | [Node] Executing "_mosaic_snr2" <nireports.interfaces.reporting.base.SimpleBeforeAfterRPT>
2024-08-31 18:05:11 | INFO     | nipype.interface | Report - setting before (/home/oesteban/tmp/mriqc_ses-excl027/mriqc_wf/dwiMRIQC/f0054ee8f7558248302ffa211589f103302136b1/stddev/mapflow/_stddev2/sub-001_ses-excl027_acq-highres_dir-AP_dwi_valid_nodriftfull_std.nii.gz) and after (/home/oesteban/tmp/mriqc_ses-excl027/mriqc_wf/dwiMRIQC/f0054ee8f7558248302ffa211589f103302136b1/averages/mapflow/_averages2/sub-001_ses-excl027_acq-highres_dir-AP_dwi_valid_nodriftfull_mean.nii.gz) images
2024-08-31 18:05:11 | INFO     | nipype.interface | Generating visual report
2024-08-31 18:05:15 | INFO     | nipype.workflow  | [Node] Finished "_mosaic_snr1", elapsed time 22.053277s.
2024-08-31 18:05:17 | INFO     | nipype.workflow  | [Node] Setting-up "_mosaic_snr3" in "/home/oesteban/tmp/mriqc_ses-excl027/mriqc_wf/dwiMRIQC/dwi_report_wf/f0054ee8f7558248302ffa211589f103302136b1/mosaic_snr/mapflow/_mosaic_snr3".
2024-08-31 18:05:17 | INFO     | nipype.workflow  | [Node] Executing "_mosaic_snr3" <nireports.interfaces.reporting.base.SimpleBeforeAfterRPT>
2024-08-31 18:05:17 | INFO     | nipype.interface | Report - setting before (/home/oesteban/tmp/mriqc_ses-excl027/mriqc_wf/dwiMRIQC/f0054ee8f7558248302ffa211589f103302136b1/stddev/mapflow/_stddev3/sub-001_ses-excl027_acq-highres_dir-AP_dwi_valid_nodriftfull_std.nii.gz) and after (/home/oesteban/tmp/mriqc_ses-excl027/mriqc_wf/dwiMRIQC/f0054ee8f7558248302ffa211589f103302136b1/averages/mapflow/_averages3/sub-001_ses-excl027_acq-highres_dir-AP_dwi_valid_nodriftfull_mean.nii.gz) images
2024-08-31 18:05:17 | INFO     | nipype.interface | Generating visual report
2024-08-31 18:05:33 | INFO     | nipype.workflow  | [Node] Finished "_mosaic_snr2", elapsed time 22.124523s.
2024-08-31 18:05:35 | INFO     | nipype.workflow  | [Node] Setting-up "_mosaic_snr4" in "/home/oesteban/tmp/mriqc_ses-excl027/mriqc_wf/dwiMRIQC/dwi_report_wf/f0054ee8f7558248302ffa211589f103302136b1/mosaic_snr/mapflow/_mosaic_snr4".
2024-08-31 18:05:35 | INFO     | nipype.workflow  | [Node] Executing "_mosaic_snr4" <nireports.interfaces.reporting.base.SimpleBeforeAfterRPT>
2024-08-31 18:05:35 | INFO     | nipype.interface | Report - setting before (/home/oesteban/tmp/mriqc_ses-excl027/mriqc_wf/dwiMRIQC/f0054ee8f7558248302ffa211589f103302136b1/stddev/mapflow/_stddev4/sub-001_ses-excl027_acq-highres_dir-AP_dwi_valid_nodriftfull_std.nii.gz) and after (/home/oesteban/tmp/mriqc_ses-excl027/mriqc_wf/dwiMRIQC/f0054ee8f7558248302ffa211589f103302136b1/averages/mapflow/_averages4/sub-001_ses-excl027_acq-highres_dir-AP_dwi_valid_nodriftfull_mean.nii.gz) images
2024-08-31 18:05:35 | INFO     | nipype.interface | Generating visual report
2024-08-31 18:05:39 | INFO     | nipype.workflow  | [Node] Finished "_mosaic_snr3", elapsed time 22.257731s.
2024-08-31 18:05:41 | INFO     | nipype.workflow  | [Node] Setting-up "_ds_report_noise0" in "/home/oesteban/tmp/mriqc_ses-excl027/mriqc_wf/dwiMRIQC/dwi_report_wf/f0054ee8f7558248302ffa211589f103302136b1/ds_report_noise/mapflow/_ds_report_noise0".
2024-08-31 18:05:41 | INFO     | nipype.workflow  | [Node] Executing "_ds_report_noise0" <mriqc.interfaces.DerivativesDataSink>
2024-08-31 18:05:41 | INFO     | nipype.workflow  | [Node] Finished "_ds_report_noise0", elapsed time 0.004395s.
2024-08-31 18:05:41 | INFO     | nipype.workflow  | [Node] Setting-up "_ds_report_noise1" in "/home/oesteban/tmp/mriqc_ses-excl027/mriqc_wf/dwiMRIQC/dwi_report_wf/f0054ee8f7558248302ffa211589f103302136b1/ds_report_noise/mapflow/_ds_report_noise1".
2024-08-31 18:05:41 | INFO     | nipype.workflow  | [Node] Executing "_ds_report_noise1" <mriqc.interfaces.DerivativesDataSink>
2024-08-31 18:05:41 | INFO     | nipype.workflow  | [Node] Finished "_ds_report_noise1", elapsed time 0.004336s.
2024-08-31 18:05:42 | INFO     | nipype.workflow  | [Node] Setting-up "_ds_report_noise2" in "/home/oesteban/tmp/mriqc_ses-excl027/mriqc_wf/dwiMRIQC/dwi_report_wf/f0054ee8f7558248302ffa211589f103302136b1/ds_report_noise/mapflow/_ds_report_noise2".
2024-08-31 18:05:42 | INFO     | nipype.workflow  | [Node] Executing "_ds_report_noise2" <mriqc.interfaces.DerivativesDataSink>
2024-08-31 18:05:42 | INFO     | nipype.workflow  | [Node] Finished "_ds_report_noise2", elapsed time 0.004263s.
2024-08-31 18:05:42 | INFO     | nipype.workflow  | [Node] Setting-up "_ds_report_noise3" in "/home/oesteban/tmp/mriqc_ses-excl027/mriqc_wf/dwiMRIQC/dwi_report_wf/f0054ee8f7558248302ffa211589f103302136b1/ds_report_noise/mapflow/_ds_report_noise3".
2024-08-31 18:05:42 | INFO     | nipype.workflow  | [Node] Executing "_ds_report_noise3" <mriqc.interfaces.DerivativesDataSink>
2024-08-31 18:05:42 | INFO     | nipype.workflow  | [Node] Finished "_ds_report_noise3", elapsed time 0.004263s.
2024-08-31 18:05:42 | INFO     | nipype.workflow  | [Node] Setting-up "_ds_report_noise4" in "/home/oesteban/tmp/mriqc_ses-excl027/mriqc_wf/dwiMRIQC/dwi_report_wf/f0054ee8f7558248302ffa211589f103302136b1/ds_report_noise/mapflow/_ds_report_noise4".
2024-08-31 18:05:42 | INFO     | nipype.workflow  | [Node] Executing "_ds_report_noise4" <mriqc.interfaces.DerivativesDataSink>
2024-08-31 18:05:42 | INFO     | nipype.workflow  | [Node] Finished "_ds_report_noise4", elapsed time 0.004316s.
2024-08-31 18:05:43 | INFO     | nipype.workflow  | [Node] Setting-up "_ds_report_noise0" in "/home/oesteban/tmp/mriqc_ses-excl027/mriqc_wf/dwiMRIQC/dwi_report_wf/f0054ee8f7558248302ffa211589f103302136b1/ds_report_noise/mapflow/_ds_report_noise0".
2024-08-31 18:05:43 | INFO     | nipype.workflow  | [Node] Executing "_ds_report_noise0" <mriqc.interfaces.DerivativesDataSink>
2024-08-31 18:05:43 | INFO     | nipype.workflow  | [Node] Finished "_ds_report_noise0", elapsed time 0.005431s.
2024-08-31 18:05:43 | INFO     | nipype.workflow  | [Node] Setting-up "_ds_report_noise1" in "/home/oesteban/tmp/mriqc_ses-excl027/mriqc_wf/dwiMRIQC/dwi_report_wf/f0054ee8f7558248302ffa211589f103302136b1/ds_report_noise/mapflow/_ds_report_noise1".
2024-08-31 18:05:43 | INFO     | nipype.workflow  | [Node] Executing "_ds_report_noise1" <mriqc.interfaces.DerivativesDataSink>
2024-08-31 18:05:43 | INFO     | nipype.workflow  | [Node] Finished "_ds_report_noise1", elapsed time 0.003958s.
2024-08-31 18:05:43 | INFO     | nipype.workflow  | [Node] Setting-up "_ds_report_noise2" in "/home/oesteban/tmp/mriqc_ses-excl027/mriqc_wf/dwiMRIQC/dwi_report_wf/f0054ee8f7558248302ffa211589f103302136b1/ds_report_noise/mapflow/_ds_report_noise2".
2024-08-31 18:05:43 | INFO     | nipype.workflow  | [Node] Executing "_ds_report_noise2" <mriqc.interfaces.DerivativesDataSink>
2024-08-31 18:05:43 | INFO     | nipype.workflow  | [Node] Finished "_ds_report_noise2", elapsed time 0.003917s.
2024-08-31 18:05:43 | INFO     | nipype.workflow  | [Node] Setting-up "_ds_report_noise3" in "/home/oesteban/tmp/mriqc_ses-excl027/mriqc_wf/dwiMRIQC/dwi_report_wf/f0054ee8f7558248302ffa211589f103302136b1/ds_report_noise/mapflow/_ds_report_noise3".
2024-08-31 18:05:43 | INFO     | nipype.workflow  | [Node] Executing "_ds_report_noise3" <mriqc.interfaces.DerivativesDataSink>
2024-08-31 18:05:43 | INFO     | nipype.workflow  | [Node] Finished "_ds_report_noise3", elapsed time 0.003824s.
2024-08-31 18:05:43 | INFO     | nipype.workflow  | [Node] Setting-up "_ds_report_noise4" in "/home/oesteban/tmp/mriqc_ses-excl027/mriqc_wf/dwiMRIQC/dwi_report_wf/f0054ee8f7558248302ffa211589f103302136b1/ds_report_noise/mapflow/_ds_report_noise4".
2024-08-31 18:05:43 | INFO     | nipype.workflow  | [Node] Executing "_ds_report_noise4" <mriqc.interfaces.DerivativesDataSink>
2024-08-31 18:05:43 | INFO     | nipype.workflow  | [Node] Finished "_ds_report_noise4", elapsed time 0.003771s.
2024-08-31 18:05:57 | INFO     | nipype.workflow  | [Node] Finished "_mosaic_snr4", elapsed time 21.96172s.
2024-08-31 18:05:59 | INFO     | nipype.workflow  | [Node] Setting-up "mriqc_wf.dwiMRIQC.dMRI_HMC.motion_correct" in "/home/oesteban/tmp/mriqc_ses-excl027/mriqc_wf/dwiMRIQC/dMRI_HMC/f0054ee8f7558248302ffa211589f103302136b1/motion_correct".
2024-08-31 18:05:59 | INFO     | nipype.workflow  | [Node] Executing "motion_correct" <nipype.interfaces.afni.preprocess.Volreg>
2024-08-31 18:39:16 | INFO     | nipype.workflow  | [Node] Finished "motion_correct", elapsed time 1996.511812s.
2024-08-31 18:39:18 | INFO     | nipype.workflow  | [Node] Setting-up "mriqc_wf.dwiMRIQC.dMRI_HMC.ComputeFD" in "/home/oesteban/tmp/mriqc_ses-excl027/mriqc_wf/dwiMRIQC/dMRI_HMC/f0054ee8f7558248302ffa211589f103302136b1/ComputeFD".
2024-08-31 18:39:18 | INFO     | nipype.workflow  | [Node] Setting-up "mriqc_wf.dwiMRIQC.dMRI_HMC.bvec_rot" in "/home/oesteban/tmp/mriqc_ses-excl027/mriqc_wf/dwiMRIQC/dMRI_HMC/f0054ee8f7558248302ffa211589f103302136b1/bvec_rot".
2024-08-31 18:39:18 | INFO     | nipype.workflow  | [Node] Setting-up "_mosaic_snr0" in "/home/oesteban/tmp/mriqc_ses-excl027/mriqc_wf/dwiMRIQC/dwi_report_wf/f0054ee8f7558248302ffa211589f103302136b1/mosaic_snr/mapflow/_mosaic_snr0".
2024-08-31 18:39:18 | INFO     | nipype.workflow  | [Node] Cached "_mosaic_snr0" - collecting precomputed outputs
2024-08-31 18:39:18 | INFO     | nipype.workflow  | [Node] "_mosaic_snr0" found cached.
2024-08-31 18:39:18 | INFO     | nipype.workflow  | [Node] Setting-up "_mosaic_snr1" in "/home/oesteban/tmp/mriqc_ses-excl027/mriqc_wf/dwiMRIQC/dwi_report_wf/f0054ee8f7558248302ffa211589f103302136b1/mosaic_snr/mapflow/_mosaic_snr1".
2024-08-31 18:39:18 | INFO     | nipype.workflow  | [Node] Cached "_mosaic_snr1" - collecting precomputed outputs
2024-08-31 18:39:18 | INFO     | nipype.workflow  | [Node] "_mosaic_snr1" found cached.
2024-08-31 18:39:18 | INFO     | nipype.workflow  | [Node] Setting-up "_mosaic_snr2" in "/home/oesteban/tmp/mriqc_ses-excl027/mriqc_wf/dwiMRIQC/dwi_report_wf/f0054ee8f7558248302ffa211589f103302136b1/mosaic_snr/mapflow/_mosaic_snr2".
2024-08-31 18:39:18 | INFO     | nipype.workflow  | [Node] Cached "_mosaic_snr2" - collecting precomputed outputs
2024-08-31 18:39:18 | INFO     | nipype.workflow  | [Node] "_mosaic_snr2" found cached.
2024-08-31 18:39:18 | INFO     | nipype.workflow  | [Node] Setting-up "_mosaic_snr3" in "/home/oesteban/tmp/mriqc_ses-excl027/mriqc_wf/dwiMRIQC/dwi_report_wf/f0054ee8f7558248302ffa211589f103302136b1/mosaic_snr/mapflow/_mosaic_snr3".
2024-08-31 18:39:18 | INFO     | nipype.workflow  | [Node] Cached "_mosaic_snr3" - collecting precomputed outputs
2024-08-31 18:39:18 | INFO     | nipype.workflow  | [Node] "_mosaic_snr3" found cached.
2024-08-31 18:39:18 | INFO     | nipype.workflow  | [Node] Setting-up "_mosaic_snr4" in "/home/oesteban/tmp/mriqc_ses-excl027/mriqc_wf/dwiMRIQC/dwi_report_wf/f0054ee8f7558248302ffa211589f103302136b1/mosaic_snr/mapflow/_mosaic_snr4".
2024-08-31 18:39:18 | INFO     | nipype.workflow  | [Node] Cached "_mosaic_snr4" - collecting precomputed outputs
2024-08-31 18:39:18 | INFO     | nipype.workflow  | [Node] "_mosaic_snr4" found cached.
2024-08-31 18:39:18 | INFO     | nipype.workflow  | [Node] Executing "ComputeFD" <nipype.algorithms.confounds.FramewiseDisplacement>
2024-08-31 18:39:18 | INFO     | nipype.workflow  | [Node] Finished "ComputeFD", elapsed time 0.002782s.
2024-08-31 18:39:18 | INFO     | nipype.workflow  | [Node] Executing "bvec_rot" <mriqc.interfaces.diffusion.RotateVectors>
2024-08-31 18:39:18 | INFO     | nipype.workflow  | [Node] Finished "bvec_rot", elapsed time 0.120856s.
2024-08-31 18:39:20 | INFO     | nipype.workflow  | [Node] Setting-up "_get_hmc_shells0" in "/home/oesteban/tmp/mriqc_ses-excl027/mriqc_wf/dwiMRIQC/f0054ee8f7558248302ffa211589f103302136b1/get_hmc_shells/mapflow/_get_hmc_shells0".
2024-08-31 18:39:20 | INFO     | nipype.workflow  | [Node] Setting-up "_get_hmc_shells1" in "/home/oesteban/tmp/mriqc_ses-excl027/mriqc_wf/dwiMRIQC/f0054ee8f7558248302ffa211589f103302136b1/get_hmc_shells/mapflow/_get_hmc_shells1".
2024-08-31 18:39:20 | INFO     | nipype.workflow  | [Node] Setting-up "_get_hmc_shells2" in "/home/oesteban/tmp/mriqc_ses-excl027/mriqc_wf/dwiMRIQC/f0054ee8f7558248302ffa211589f103302136b1/get_hmc_shells/mapflow/_get_hmc_shells2".
2024-08-31 18:39:20 | INFO     | nipype.workflow  | [Node] Setting-up "_get_hmc_shells3" in "/home/oesteban/tmp/mriqc_ses-excl027/mriqc_wf/dwiMRIQC/f0054ee8f7558248302ffa211589f103302136b1/get_hmc_shells/mapflow/_get_hmc_shells3".
2024-08-31 18:39:20 | INFO     | nipype.workflow  | [Node] Setting-up "_get_hmc_shells4" in "/home/oesteban/tmp/mriqc_ses-excl027/mriqc_wf/dwiMRIQC/f0054ee8f7558248302ffa211589f103302136b1/get_hmc_shells/mapflow/_get_hmc_shells4".
2024-08-31 18:39:20 | INFO     | nipype.workflow  | [Node] Executing "_get_hmc_shells3" <mriqc.interfaces.diffusion.ExtractOrientations>
2024-08-31 18:39:20 | INFO     | nipype.workflow  | [Node] Executing "_get_hmc_shells0" <mriqc.interfaces.diffusion.ExtractOrientations>
2024-08-31 18:39:20 | INFO     | nipype.workflow  | [Node] Executing "_get_hmc_shells1" <mriqc.interfaces.diffusion.ExtractOrientations>
2024-08-31 18:39:20 | INFO     | nipype.workflow  | [Node] Executing "_get_hmc_shells2" <mriqc.interfaces.diffusion.ExtractOrientations>
2024-08-31 18:39:20 | INFO     | nipype.workflow  | [Node] Executing "_get_hmc_shells4" <mriqc.interfaces.diffusion.ExtractOrientations>
2024-08-31 18:39:21 | INFO     | nipype.workflow  | [Node] Setting-up "_ds_report_snr0" in "/home/oesteban/tmp/mriqc_ses-excl027/mriqc_wf/dwiMRIQC/dwi_report_wf/f0054ee8f7558248302ffa211589f103302136b1/ds_report_snr/mapflow/_ds_report_snr0".
2024-08-31 18:39:21 | INFO     | nipype.workflow  | [Node] Executing "_ds_report_snr0" <mriqc.interfaces.DerivativesDataSink>
2024-08-31 18:39:21 | INFO     | nipype.workflow  | [Node] Finished "_ds_report_snr0", elapsed time 0.004406s.
2024-08-31 18:39:22 | INFO     | nipype.workflow  | [Node] Setting-up "_ds_report_snr1" in "/home/oesteban/tmp/mriqc_ses-excl027/mriqc_wf/dwiMRIQC/dwi_report_wf/f0054ee8f7558248302ffa211589f103302136b1/ds_report_snr/mapflow/_ds_report_snr1".
2024-08-31 18:39:22 | INFO     | nipype.workflow  | [Node] Executing "_ds_report_snr1" <mriqc.interfaces.DerivativesDataSink>
2024-08-31 18:39:22 | INFO     | nipype.workflow  | [Node] Finished "_ds_report_snr1", elapsed time 0.004364s.
2024-08-31 18:39:22 | INFO     | nipype.workflow  | [Node] Setting-up "_ds_report_snr2" in "/home/oesteban/tmp/mriqc_ses-excl027/mriqc_wf/dwiMRIQC/dwi_report_wf/f0054ee8f7558248302ffa211589f103302136b1/ds_report_snr/mapflow/_ds_report_snr2".
2024-08-31 18:39:22 | INFO     | nipype.workflow  | [Node] Executing "_ds_report_snr2" <mriqc.interfaces.DerivativesDataSink>
2024-08-31 18:39:22 | INFO     | nipype.workflow  | [Node] Finished "_ds_report_snr2", elapsed time 0.004362s.
2024-08-31 18:39:22 | INFO     | nipype.workflow  | [Node] Setting-up "_ds_report_snr3" in "/home/oesteban/tmp/mriqc_ses-excl027/mriqc_wf/dwiMRIQC/dwi_report_wf/f0054ee8f7558248302ffa211589f103302136b1/ds_report_snr/mapflow/_ds_report_snr3".
2024-08-31 18:39:22 | INFO     | nipype.workflow  | [Node] Executing "_ds_report_snr3" <mriqc.interfaces.DerivativesDataSink>
2024-08-31 18:39:22 | INFO     | nipype.workflow  | [Node] Finished "_ds_report_snr3", elapsed time 0.004377s.
2024-08-31 18:39:23 | INFO     | nipype.workflow  | [Node] Setting-up "_ds_report_snr4" in "/home/oesteban/tmp/mriqc_ses-excl027/mriqc_wf/dwiMRIQC/dwi_report_wf/f0054ee8f7558248302ffa211589f103302136b1/ds_report_snr/mapflow/_ds_report_snr4".
2024-08-31 18:39:23 | INFO     | nipype.workflow  | [Node] Executing "_ds_report_snr4" <mriqc.interfaces.DerivativesDataSink>
2024-08-31 18:39:23 | INFO     | nipype.workflow  | [Node] Finished "_ds_report_snr4", elapsed time 0.004385s.
2024-08-31 18:39:24 | INFO     | nipype.workflow  | [Node] Setting-up "_ds_report_snr0" in "/home/oesteban/tmp/mriqc_ses-excl027/mriqc_wf/dwiMRIQC/dwi_report_wf/f0054ee8f7558248302ffa211589f103302136b1/ds_report_snr/mapflow/_ds_report_snr0".
2024-08-31 18:39:24 | INFO     | nipype.workflow  | [Node] Executing "_ds_report_snr0" <mriqc.interfaces.DerivativesDataSink>
2024-08-31 18:39:24 | INFO     | nipype.workflow  | [Node] Finished "_ds_report_snr0", elapsed time 0.004118s.
2024-08-31 18:39:24 | INFO     | nipype.workflow  | [Node] Setting-up "_ds_report_snr1" in "/home/oesteban/tmp/mriqc_ses-excl027/mriqc_wf/dwiMRIQC/dwi_report_wf/f0054ee8f7558248302ffa211589f103302136b1/ds_report_snr/mapflow/_ds_report_snr1".
2024-08-31 18:39:24 | INFO     | nipype.workflow  | [Node] Executing "_ds_report_snr1" <mriqc.interfaces.DerivativesDataSink>
2024-08-31 18:39:24 | INFO     | nipype.workflow  | [Node] Finished "_ds_report_snr1", elapsed time 0.00389s.
2024-08-31 18:39:24 | INFO     | nipype.workflow  | [Node] Setting-up "_ds_report_snr2" in "/home/oesteban/tmp/mriqc_ses-excl027/mriqc_wf/dwiMRIQC/dwi_report_wf/f0054ee8f7558248302ffa211589f103302136b1/ds_report_snr/mapflow/_ds_report_snr2".
2024-08-31 18:39:24 | INFO     | nipype.workflow  | [Node] Executing "_ds_report_snr2" <mriqc.interfaces.DerivativesDataSink>
2024-08-31 18:39:24 | INFO     | nipype.workflow  | [Node] Finished "_ds_report_snr2", elapsed time 0.003833s.
2024-08-31 18:39:24 | INFO     | nipype.workflow  | [Node] Setting-up "_ds_report_snr3" in "/home/oesteban/tmp/mriqc_ses-excl027/mriqc_wf/dwiMRIQC/dwi_report_wf/f0054ee8f7558248302ffa211589f103302136b1/ds_report_snr/mapflow/_ds_report_snr3".
2024-08-31 18:39:24 | INFO     | nipype.workflow  | [Node] Executing "_ds_report_snr3" <mriqc.interfaces.DerivativesDataSink>
2024-08-31 18:39:24 | INFO     | nipype.workflow  | [Node] Finished "_ds_report_snr3", elapsed time 0.003847s.
2024-08-31 18:39:24 | INFO     | nipype.workflow  | [Node] Setting-up "_ds_report_snr4" in "/home/oesteban/tmp/mriqc_ses-excl027/mriqc_wf/dwiMRIQC/dwi_report_wf/f0054ee8f7558248302ffa211589f103302136b1/ds_report_snr/mapflow/_ds_report_snr4".
2024-08-31 18:39:24 | INFO     | nipype.workflow  | [Node] Executing "_ds_report_snr4" <mriqc.interfaces.DerivativesDataSink>
2024-08-31 18:39:24 | INFO     | nipype.workflow  | [Node] Finished "_ds_report_snr4", elapsed time 0.003785s.
2024-08-31 18:39:29 | INFO     | nipype.workflow  | [Node] Finished "_get_hmc_shells0", elapsed time 9.703483s.
2024-08-31 18:39:31 | INFO     | nipype.workflow  | [Node] Finished "_get_hmc_shells1", elapsed time 11.104078s.
2024-08-31 18:39:37 | INFO     | nipype.workflow  | [Node] Finished "_get_hmc_shells2", elapsed time 17.594124s.
2024-08-31 18:39:48 | INFO     | nipype.workflow  | [Node] Finished "_get_hmc_shells3", elapsed time 28.301837s.
2024-08-31 18:39:57 | INFO     | nipype.workflow  | [Node] Finished "_get_hmc_shells4", elapsed time 37.14669s.
2024-08-31 18:39:58 | INFO     | nipype.workflow  | [Node] Setting-up "_get_hmc_shells0" in "/home/oesteban/tmp/mriqc_ses-excl027/mriqc_wf/dwiMRIQC/f0054ee8f7558248302ffa211589f103302136b1/get_hmc_shells/mapflow/_get_hmc_shells0".
2024-08-31 18:39:58 | INFO     | nipype.workflow  | [Node] Cached "_get_hmc_shells0" - collecting precomputed outputs
2024-08-31 18:39:58 | INFO     | nipype.workflow  | [Node] "_get_hmc_shells0" found cached.
2024-08-31 18:39:58 | INFO     | nipype.workflow  | [Node] Setting-up "_get_hmc_shells1" in "/home/oesteban/tmp/mriqc_ses-excl027/mriqc_wf/dwiMRIQC/f0054ee8f7558248302ffa211589f103302136b1/get_hmc_shells/mapflow/_get_hmc_shells1".
2024-08-31 18:39:58 | INFO     | nipype.workflow  | [Node] Cached "_get_hmc_shells1" - collecting precomputed outputs
2024-08-31 18:39:58 | INFO     | nipype.workflow  | [Node] "_get_hmc_shells1" found cached.
2024-08-31 18:39:58 | INFO     | nipype.workflow  | [Node] Setting-up "_get_hmc_shells2" in "/home/oesteban/tmp/mriqc_ses-excl027/mriqc_wf/dwiMRIQC/f0054ee8f7558248302ffa211589f103302136b1/get_hmc_shells/mapflow/_get_hmc_shells2".
2024-08-31 18:39:58 | INFO     | nipype.workflow  | [Node] Cached "_get_hmc_shells2" - collecting precomputed outputs
2024-08-31 18:39:58 | INFO     | nipype.workflow  | [Node] "_get_hmc_shells2" found cached.
2024-08-31 18:39:58 | INFO     | nipype.workflow  | [Node] Setting-up "_get_hmc_shells3" in "/home/oesteban/tmp/mriqc_ses-excl027/mriqc_wf/dwiMRIQC/f0054ee8f7558248302ffa211589f103302136b1/get_hmc_shells/mapflow/_get_hmc_shells3".
2024-08-31 18:39:58 | INFO     | nipype.workflow  | [Node] Cached "_get_hmc_shells3" - collecting precomputed outputs
2024-08-31 18:39:58 | INFO     | nipype.workflow  | [Node] "_get_hmc_shells3" found cached.
2024-08-31 18:39:58 | INFO     | nipype.workflow  | [Node] Setting-up "_get_hmc_shells4" in "/home/oesteban/tmp/mriqc_ses-excl027/mriqc_wf/dwiMRIQC/f0054ee8f7558248302ffa211589f103302136b1/get_hmc_shells/mapflow/_get_hmc_shells4".
2024-08-31 18:39:58 | INFO     | nipype.workflow  | [Node] Cached "_get_hmc_shells4" - collecting precomputed outputs
2024-08-31 18:39:58 | INFO     | nipype.workflow  | [Node] "_get_hmc_shells4" found cached.
2024-08-31 18:40:00 | INFO     | nipype.workflow  | [Node] Setting-up "mriqc_wf.dwiMRIQC.ComputeIQMs.measures" in "/home/oesteban/tmp/mriqc_ses-excl027/mriqc_wf/dwiMRIQC/ComputeIQMs/f0054ee8f7558248302ffa211589f103302136b1/measures".
2024-08-31 18:40:00 | INFO     | nipype.workflow  | [Node] Executing "measures" <mriqc.interfaces.diffusion.DiffusionQC>
2024-08-31 18:41:16 | INFO     | nipype.workflow  | [Node] Finished "measures", elapsed time 75.609927s.
2024-08-31 18:41:18 | INFO     | nipype.workflow  | [Node] Setting-up "mriqc_wf.dwiMRIQC.ComputeIQMs.datasink" in "/home/oesteban/tmp/mriqc_ses-excl027/mriqc_wf/dwiMRIQC/ComputeIQMs/f0054ee8f7558248302ffa211589f103302136b1/datasink".
2024-08-31 18:41:18 | INFO     | nipype.workflow  | [Node] Executing "datasink" <mriqc.interfaces.bids.IQMFileSink>
2024-08-31 18:41:18 | INFO     | nipype.workflow  | [Node] Finished "datasink", elapsed time 0.000622s.
2024-08-31 18:41:19 | INFO     | nipype.workflow  | Generating reports...
2024-08-31 18:41:20 | INFO     | nipype.workflow  | Report generation finished (2 reports).
2024-08-31 18:41:20 | IMPORTANT | mriqc            | Participant level finished successfully averaging 00h 26min 05s per subject.
2024-08-31 18:41:20 | INFO     | mriqc            | Generating BIDS derivatives metadata.
----------------------------------------------------------------
  MRIQC completed (elapsed time 00h 52min 11s).
----------------------------------------------------------------

