------------------------------------------------------------------
  Running MRIQC version 24.1.0.dev15+g9586c867.d20240825
  ----------------------------------------------------------------

  NOTICE
  Copyright © The NiPreps Developers.
  
  This product includes software developed by
  the NiPreps Community (https://nipreps.org/).
  
  Portions of this software were developed at the Department of
  Psychology at Stanford University, Stanford, CA, US.
  
  This software contains code ultimately derived from the
  PCP Quality Assessment Protocol (QAP;
  http://preprocessed-connectomes-project.org/quality-assessment-protocol)
  by C. Craddock, S. Giavasis, D. Clark, Z. Shezhad, and J. Pellman.
  
  This software is also distributed as a Docker container image.
  The bootstrapping file for the image ("Dockerfile") is licensed
  under the MIT License.

  ----------------------------------------------------------------

  * BIDS dataset path: /data/datasets/hcph.
  * Output folder: /data/derivatives/hcph/datalad/hcph-mriqc.
  * Analysis levels: ['participant'].
  * BIDS filters-file: /home/oesteban/tmp/mriqc_ses-pilot018/filter-pilot018.json.
------------------------------------------------------------------

2024-08-31 05:43:49 | IMPORTANT | mriqc            | DataLad dataset identified, attempting to `datalad get` unavailable files.
2024-08-31 05:43:49 | IMPORTANT | mriqc            | Extracting metadata and entities for 2 input runs of modality 't1w'...
2024-08-31 05:43:50 | IMPORTANT | mriqc            | File size ('t1w'): 0.02|0.02 GB [maximum|average].
2024-08-31 05:43:50 | INFO     | mriqc            | MRIQC config file: /home/oesteban/tmp/mriqc_ses-pilot018/config-20240831-054323_63429cb9-2703-4c8d-a771-93ca213252ed.toml.
2024-08-31 05:44:00 | IMPORTANT | mriqc            | Building MRIQC's workflows...
2024-08-31 05:44:01 | INFO     | nipype.workflow  | Building anatomical MRIQC workflow for 2 NIfTI files..
2024-08-31 05:44:06 | IMPORTANT | mriqc            | Workflow building finished (exit code 0).
2024-08-31 05:44:10 | INFO     | nipype.workflow  | Workflow mriqc_wf settings: ['check', 'execution', 'logging', 'monitoring']
2024-08-31 05:44:11 | INFO     | nipype.workflow  | [Node] Setting-up "mriqc_wf.anatMRIQC.conform" in "/home/oesteban/tmp/mriqc_ses-pilot018/mriqc_wf/anatMRIQC/93d3010db4e49c9b95916724584713a48353b34c/conform".
2024-08-31 05:44:11 | INFO     | nipype.workflow  | [Node] Setting-up "mriqc_wf.anatMRIQC.conform" in "/home/oesteban/tmp/mriqc_ses-pilot018/mriqc_wf/anatMRIQC/99a0b766e30721dbf070009e6945b76717f07204/conform".
2024-08-31 05:44:11 | INFO     | nipype.workflow  | [Node] Executing "conform" <mriqc.interfaces.common.conform_image.ConformImage>
2024-08-31 05:44:11 | INFO     | nipype.workflow  | [Node] Executing "conform" <mriqc.interfaces.common.conform_image.ConformImage>
2024-08-31 05:44:11 | INFO     | nipype.workflow  | [Node] Finished "conform", elapsed time 0.939895s.
2024-08-31 05:44:12 | INFO     | nipype.workflow  | [Node] Finished "conform", elapsed time 1.017935s.
2024-08-31 05:44:12 | INFO     | nipype.workflow  | [Node] Setting-up "mriqc_wf.anatMRIQC.synthstrip_wf.pre_clip" in "/home/oesteban/tmp/mriqc_ses-pilot018/mriqc_wf/anatMRIQC/synthstrip_wf/93d3010db4e49c9b95916724584713a48353b34c/pre_clip".
2024-08-31 05:44:12 | INFO     | nipype.workflow  | [Node] Setting-up "mriqc_wf.anatMRIQC.AirMaskWorkflow.RotationMask" in "/home/oesteban/tmp/mriqc_ses-pilot018/mriqc_wf/anatMRIQC/AirMaskWorkflow/93d3010db4e49c9b95916724584713a48353b34c/RotationMask".
2024-08-31 05:44:12 | INFO     | nipype.workflow  | [Node] Setting-up "mriqc_wf.anatMRIQC.synthstrip_wf.pre_clip" in "/home/oesteban/tmp/mriqc_ses-pilot018/mriqc_wf/anatMRIQC/synthstrip_wf/99a0b766e30721dbf070009e6945b76717f07204/pre_clip".
2024-08-31 05:44:12 | INFO     | nipype.workflow  | [Node] Setting-up "mriqc_wf.anatMRIQC.anat_report_wf.PlotMosaicNoise" in "/home/oesteban/tmp/mriqc_ses-pilot018/mriqc_wf/anatMRIQC/anat_report_wf/93d3010db4e49c9b95916724584713a48353b34c/PlotMosaicNoise".
2024-08-31 05:44:12 | INFO     | nipype.workflow  | [Node] Setting-up "mriqc_wf.anatMRIQC.AirMaskWorkflow.RotationMask" in "/home/oesteban/tmp/mriqc_ses-pilot018/mriqc_wf/anatMRIQC/AirMaskWorkflow/99a0b766e30721dbf070009e6945b76717f07204/RotationMask".
2024-08-31 05:44:12 | INFO     | nipype.workflow  | [Node] Setting-up "mriqc_wf.anatMRIQC.anat_report_wf.PlotMosaicNoise" in "/home/oesteban/tmp/mriqc_ses-pilot018/mriqc_wf/anatMRIQC/anat_report_wf/99a0b766e30721dbf070009e6945b76717f07204/PlotMosaicNoise".
2024-08-31 05:44:12 | INFO     | nipype.workflow  | [Node] Executing "pre_clip" <niworkflows.interfaces.nibabel.IntensityClip>
2024-08-31 05:44:12 | INFO     | nipype.workflow  | [Node] Executing "RotationMask" <mriqc.interfaces.anatomical.RotationMask>
2024-08-31 05:44:12 | INFO     | nipype.workflow  | [Node] Executing "pre_clip" <niworkflows.interfaces.nibabel.IntensityClip>
2024-08-31 05:44:12 | INFO     | nipype.workflow  | [Node] Executing "RotationMask" <mriqc.interfaces.anatomical.RotationMask>
2024-08-31 05:44:12 | INFO     | nipype.workflow  | [Node] Executing "PlotMosaicNoise" <nireports.interfaces.mosaic.PlotMosaic>
2024-08-31 05:44:12 | INFO     | nipype.workflow  | [Node] Executing "PlotMosaicNoise" <nireports.interfaces.mosaic.PlotMosaic>
2024-08-31 05:44:14 | INFO     | nipype.workflow  | [Node] Finished "RotationMask", elapsed time 1.8850440000000002s.
2024-08-31 05:44:15 | INFO     | nipype.workflow  | [Node] Finished "RotationMask", elapsed time 2.275978s.
2024-08-31 05:44:20 | INFO     | nipype.workflow  | [Node] Finished "PlotMosaicNoise", elapsed time 7.206432s.
2024-08-31 05:44:20 | INFO     | nipype.workflow  | [Node] Finished "PlotMosaicNoise", elapsed time 7.370037s.
2024-08-31 05:44:20 | INFO     | nipype.workflow  | [Node] Setting-up "mriqc_wf.anatMRIQC.anat_report_wf.ds_report_background" in "/home/oesteban/tmp/mriqc_ses-pilot018/mriqc_wf/anatMRIQC/anat_report_wf/93d3010db4e49c9b95916724584713a48353b34c/ds_report_background".
2024-08-31 05:44:20 | INFO     | nipype.workflow  | [Node] Executing "ds_report_background" <mriqc.interfaces.DerivativesDataSink>
2024-08-31 05:44:20 | INFO     | nipype.workflow  | [Node] Finished "ds_report_background", elapsed time 0.006368s.
2024-08-31 05:44:20 | INFO     | nipype.workflow  | [Node] Setting-up "mriqc_wf.anatMRIQC.anat_report_wf.ds_report_background" in "/home/oesteban/tmp/mriqc_ses-pilot018/mriqc_wf/anatMRIQC/anat_report_wf/99a0b766e30721dbf070009e6945b76717f07204/ds_report_background".
2024-08-31 05:44:21 | INFO     | nipype.workflow  | [Node] Executing "ds_report_background" <mriqc.interfaces.DerivativesDataSink>
2024-08-31 05:44:21 | INFO     | nipype.workflow  | [Node] Finished "ds_report_background", elapsed time 0.004051s.
2024-08-31 05:44:34 | INFO     | nipype.workflow  | [Node] Finished "pre_clip", elapsed time 21.228837s.
2024-08-31 05:44:34 | INFO     | nipype.workflow  | [Node] Setting-up "mriqc_wf.anatMRIQC.synthstrip_wf.pre_n4" in "/home/oesteban/tmp/mriqc_ses-pilot018/mriqc_wf/anatMRIQC/synthstrip_wf/99a0b766e30721dbf070009e6945b76717f07204/pre_n4".
2024-08-31 05:44:34 | INFO     | nipype.workflow  | [Node] Executing "pre_n4" <nipype.interfaces.ants.segmentation.N4BiasFieldCorrection>
2024-08-31 05:44:34 | INFO     | nipype.workflow  | [Node] Finished "pre_clip", elapsed time 22.006095s.
2024-08-31 05:45:01 | INFO     | nipype.workflow  | [Node] Finished "pre_n4", elapsed time 26.249893s.
2024-08-31 05:45:02 | INFO     | nipype.workflow  | [Node] Setting-up "mriqc_wf.anatMRIQC.synthstrip_wf.pre_n4" in "/home/oesteban/tmp/mriqc_ses-pilot018/mriqc_wf/anatMRIQC/synthstrip_wf/93d3010db4e49c9b95916724584713a48353b34c/pre_n4".
2024-08-31 05:45:02 | INFO     | nipype.workflow  | [Node] Executing "pre_n4" <nipype.interfaces.ants.segmentation.N4BiasFieldCorrection>
2024-08-31 05:45:29 | INFO     | nipype.workflow  | [Node] Finished "pre_n4", elapsed time 26.222265s.
2024-08-31 05:45:30 | INFO     | nipype.workflow  | [Node] Setting-up "mriqc_wf.anatMRIQC.synthstrip_wf.synthstrip" in "/home/oesteban/tmp/mriqc_ses-pilot018/mriqc_wf/anatMRIQC/synthstrip_wf/93d3010db4e49c9b95916724584713a48353b34c/synthstrip".
2024-08-31 05:45:30 | INFO     | nipype.workflow  | [Node] Executing "synthstrip" <mriqc.interfaces.synthstrip.SynthStrip>
2024-08-31 05:45:54 | INFO     | nipype.workflow  | [Node] Finished "synthstrip", elapsed time 23.362935s.
2024-08-31 05:45:54 | INFO     | nipype.workflow  | [Node] Setting-up "mriqc_wf.anatMRIQC.ComputeIQMs.smoothness" in "/home/oesteban/tmp/mriqc_ses-pilot018/mriqc_wf/anatMRIQC/ComputeIQMs/93d3010db4e49c9b95916724584713a48353b34c/smoothness".
2024-08-31 05:45:54 | INFO     | nipype.workflow  | [Node] Setting-up "mriqc_wf.anatMRIQC.synthstrip_wf.synthstrip" in "/home/oesteban/tmp/mriqc_ses-pilot018/mriqc_wf/anatMRIQC/synthstrip_wf/99a0b766e30721dbf070009e6945b76717f07204/synthstrip".
2024-08-31 05:45:54 | INFO     | nipype.workflow  | [Node] Setting-up "mriqc_wf.anatMRIQC.anat_report_wf.PlotMosaicZoomed" in "/home/oesteban/tmp/mriqc_ses-pilot018/mriqc_wf/anatMRIQC/anat_report_wf/93d3010db4e49c9b95916724584713a48353b34c/PlotMosaicZoomed".
2024-08-31 05:45:54 | INFO     | nipype.workflow  | [Node] Executing "smoothness" <nipype.interfaces.afni.utils.FWHMx>
2024-08-31 05:45:54 | INFO     | nipype.workflow  | [Node] Executing "synthstrip" <mriqc.interfaces.synthstrip.SynthStrip>
2024-08-31 05:45:54 | INFO     | nipype.workflow  | [Node] Executing "PlotMosaicZoomed" <nireports.interfaces.mosaic.PlotMosaic>
2024-08-31 05:46:00 | INFO     | nipype.workflow  | [Node] Finished "PlotMosaicZoomed", elapsed time 5.602149s.
2024-08-31 05:46:00 | INFO     | nipype.workflow  | [Node] Setting-up "mriqc_wf.anatMRIQC.anat_report_wf.ds_report_zoomed" in "/home/oesteban/tmp/mriqc_ses-pilot018/mriqc_wf/anatMRIQC/anat_report_wf/93d3010db4e49c9b95916724584713a48353b34c/ds_report_zoomed".
2024-08-31 05:46:00 | INFO     | nipype.workflow  | [Node] Executing "ds_report_zoomed" <mriqc.interfaces.DerivativesDataSink>
2024-08-31 05:46:00 | INFO     | nipype.workflow  | [Node] Finished "ds_report_zoomed", elapsed time 0.004096s.
2024-08-31 05:46:05 | INFO     | nipype.workflow  | [Node] Finished "smoothness", elapsed time 10.714474s.
2024-08-31 05:46:18 | INFO     | nipype.workflow  | [Node] Finished "synthstrip", elapsed time 23.816685s.
2024-08-31 05:46:18 | INFO     | nipype.workflow  | [Node] Setting-up "mriqc_wf.anatMRIQC.synthstrip_wf.post_n4" in "/home/oesteban/tmp/mriqc_ses-pilot018/mriqc_wf/anatMRIQC/synthstrip_wf/93d3010db4e49c9b95916724584713a48353b34c/post_n4".
2024-08-31 05:46:18 | INFO     | nipype.workflow  | [Node] Setting-up "mriqc_wf.anatMRIQC.ComputeIQMs.smoothness" in "/home/oesteban/tmp/mriqc_ses-pilot018/mriqc_wf/anatMRIQC/ComputeIQMs/99a0b766e30721dbf070009e6945b76717f07204/smoothness".
2024-08-31 05:46:18 | INFO     | nipype.workflow  | [Node] Setting-up "mriqc_wf.anatMRIQC.anat_report_wf.PlotMosaicZoomed" in "/home/oesteban/tmp/mriqc_ses-pilot018/mriqc_wf/anatMRIQC/anat_report_wf/99a0b766e30721dbf070009e6945b76717f07204/PlotMosaicZoomed".
2024-08-31 05:46:18 | INFO     | nipype.workflow  | [Node] Executing "post_n4" <nipype.interfaces.ants.segmentation.N4BiasFieldCorrection>
2024-08-31 05:46:18 | INFO     | nipype.workflow  | [Node] Executing "smoothness" <nipype.interfaces.afni.utils.FWHMx>
2024-08-31 05:46:18 | INFO     | nipype.workflow  | [Node] Executing "PlotMosaicZoomed" <nireports.interfaces.mosaic.PlotMosaic>
2024-08-31 05:46:24 | INFO     | nipype.workflow  | [Node] Finished "PlotMosaicZoomed", elapsed time 5.798045s.
2024-08-31 05:46:24 | INFO     | nipype.workflow  | [Node] Setting-up "mriqc_wf.anatMRIQC.anat_report_wf.ds_report_zoomed" in "/home/oesteban/tmp/mriqc_ses-pilot018/mriqc_wf/anatMRIQC/anat_report_wf/99a0b766e30721dbf070009e6945b76717f07204/ds_report_zoomed".
2024-08-31 05:46:24 | INFO     | nipype.workflow  | [Node] Executing "ds_report_zoomed" <mriqc.interfaces.DerivativesDataSink>
2024-08-31 05:46:24 | INFO     | nipype.workflow  | [Node] Finished "ds_report_zoomed", elapsed time 0.004669s.
2024-08-31 05:46:29 | INFO     | nipype.workflow  | [Node] Finished "smoothness", elapsed time 10.383726s.
2024-08-31 05:46:34 | INFO     | nipype.workflow  | [Node] Finished "post_n4", elapsed time 15.198089s.
2024-08-31 05:46:34 | INFO     | nipype.workflow  | [Node] Setting-up "mriqc_wf.anatMRIQC.synthstrip_wf.post_n4" in "/home/oesteban/tmp/mriqc_ses-pilot018/mriqc_wf/anatMRIQC/synthstrip_wf/99a0b766e30721dbf070009e6945b76717f07204/post_n4".
2024-08-31 05:46:34 | INFO     | nipype.workflow  | [Node] Setting-up "mriqc_wf.anatMRIQC.synthstrip_wf.final_masked" in "/home/oesteban/tmp/mriqc_ses-pilot018/mriqc_wf/anatMRIQC/synthstrip_wf/93d3010db4e49c9b95916724584713a48353b34c/final_masked".
2024-08-31 05:46:34 | INFO     | nipype.workflow  | [Node] Executing "final_masked" <niworkflows.interfaces.nibabel.ApplyMask>
2024-08-31 05:46:34 | INFO     | nipype.workflow  | [Node] Executing "post_n4" <nipype.interfaces.ants.segmentation.N4BiasFieldCorrection>
2024-08-31 05:46:35 | INFO     | nipype.workflow  | [Node] Finished "final_masked", elapsed time 0.646772s.
2024-08-31 05:46:50 | INFO     | nipype.workflow  | [Node] Finished "post_n4", elapsed time 15.341886s.
2024-08-31 05:46:50 | INFO     | nipype.workflow  | [Node] Setting-up "mriqc_wf.anatMRIQC.synthstrip_wf.final_masked" in "/home/oesteban/tmp/mriqc_ses-pilot018/mriqc_wf/anatMRIQC/synthstrip_wf/99a0b766e30721dbf070009e6945b76717f07204/final_masked".
2024-08-31 05:46:50 | INFO     | nipype.workflow  | [Node] Setting-up "mriqc_wf.anatMRIQC.SpatialNormalization.SpatialNormalization" in "/home/oesteban/tmp/mriqc_ses-pilot018/mriqc_wf/anatMRIQC/SpatialNormalization/93d3010db4e49c9b95916724584713a48353b34c/SpatialNormalization".
2024-08-31 05:46:50 | INFO     | nipype.workflow  | [Node] Executing "final_masked" <niworkflows.interfaces.nibabel.ApplyMask>
2024-08-31 05:46:50 | INFO     | nipype.workflow  | [Node] Executing "SpatialNormalization" <niworkflows.interfaces.reportlets.registration.SpatialNormalizationRPT>
2024-08-31 05:46:51 | INFO     | nipype.workflow  | [Node] Finished "final_masked", elapsed time 0.636139s.
2024-08-31 05:46:51 | INFO     | niworkflows      | Estimating initial transform using AffineInitializer
2024-08-31 05:47:00 | INFO     | niworkflows      | Terminal outputs of initialization saved (/home/oesteban/tmp/mriqc_ses-pilot018/mriqc_wf/anatMRIQC/SpatialNormalization/93d3010db4e49c9b95916724584713a48353b34c/SpatialNormalization/stderr.nipype-init).
2024-08-31 05:47:00 | INFO     | niworkflows      | Loading settings from file /home/oesteban/workspace/niworkflows/niworkflows/data/t1w-mni_registration_testing_000.json.
2024-08-31 05:47:00 | INFO     | niworkflows      | Retry #1, commandline: 
antsRegistration --collapse-output-transforms 1 --dimensionality 3 --float 0 --initial-moving-transform [ /home/oesteban/tmp/mriqc_ses-pilot018/mriqc_wf/anatMRIQC/SpatialNormalization/93d3010db4e49c9b95916724584713a48353b34c/SpatialNormalization/transform.mat, 0 ] --initialize-transforms-per-stage 0 --interpolation LanczosWindowedSinc --output [ ants_t1_to_mni, ants_t1_to_mni_Warped.nii.gz ] --transform Rigid[ 1.0 ] --metric Mattes[ /home/oesteban/tmp/mriqc_ses-pilot018/mriqc_wf/anatMRIQC/SpatialNormalization/93d3010db4e49c9b95916724584713a48353b34c/SpatialNormalization/fixed_masked.nii.gz, /home/oesteban/tmp/mriqc_ses-pilot018/mriqc_wf/anatMRIQC/SpatialNormalization/93d3010db4e49c9b95916724584713a48353b34c/SpatialNormalization/moving_masked.nii.gz, 1, 56, Random, 0.2 ] --convergence [ 20, 1e-07, 15 ] --smoothing-sigmas 4.0vox --shrink-factors 2 --use-histogram-matching 0 --transform Affine[ 1.0 ] --metric Mattes[ /home/oesteban/tmp/mriqc_ses-pilot018/mriqc_wf/anatMRIQC/SpatialNormalization/93d3010db4e49c9b95916724584713a48353b34c/SpatialNormalization/fixed_masked.nii.gz, /home/oesteban/tmp/mriqc_ses-pilot018/mriqc_wf/anatMRIQC/SpatialNormalization/93d3010db4e49c9b95916724584713a48353b34c/SpatialNormalization/moving_masked.nii.gz, 1, 56, Random, 0.1 ] --convergence [ 15, 1e-08, 5 ] --smoothing-sigmas 2.0vox --shrink-factors 1 --use-histogram-matching 1 --winsorize-image-intensities [ 0.005, 0.995 ]  --write-composite-transform 1
2024-08-31 05:47:03 | INFO     | niworkflows      | Successful spatial normalization (retry #1).
2024-08-31 05:47:05 | INFO     | niworkflows      | Report - setting fixed (/home/oesteban/tmp/mriqc_ses-pilot018/mriqc_wf/anatMRIQC/SpatialNormalization/93d3010db4e49c9b95916724584713a48353b34c/SpatialNormalization/fixed_masked.nii.gz) and moving (/home/oesteban/tmp/mriqc_ses-pilot018/mriqc_wf/anatMRIQC/SpatialNormalization/93d3010db4e49c9b95916724584713a48353b34c/SpatialNormalization/ants_t1_to_mni_Warped.nii.gz) images
2024-08-31 05:47:05 | INFO     | niworkflows      | Generating visual report
2024-08-31 05:47:18 | INFO     | nipype.workflow  | [Node] Finished "SpatialNormalization", elapsed time 27.322718s.
2024-08-31 05:47:18 | INFO     | nipype.workflow  | [Node] Setting-up "mriqc_wf.anatMRIQC.SpatialNormalization.SpatialNormalization" in "/home/oesteban/tmp/mriqc_ses-pilot018/mriqc_wf/anatMRIQC/SpatialNormalization/99a0b766e30721dbf070009e6945b76717f07204/SpatialNormalization".
2024-08-31 05:47:18 | INFO     | nipype.workflow  | [Node] Executing "SpatialNormalization" <niworkflows.interfaces.reportlets.registration.SpatialNormalizationRPT>
2024-08-31 05:47:19 | INFO     | niworkflows      | Estimating initial transform using AffineInitializer
2024-08-31 05:47:20 | INFO     | nipype.workflow  | [Node] Setting-up "_tpms_std2t1w0" in "/home/oesteban/tmp/mriqc_ses-pilot018/mriqc_wf/anatMRIQC/SpatialNormalization/93d3010db4e49c9b95916724584713a48353b34c/tpms_std2t1w/mapflow/_tpms_std2t1w0".
2024-08-31 05:47:20 | INFO     | nipype.workflow  | [Node] Setting-up "_tpms_std2t1w1" in "/home/oesteban/tmp/mriqc_ses-pilot018/mriqc_wf/anatMRIQC/SpatialNormalization/93d3010db4e49c9b95916724584713a48353b34c/tpms_std2t1w/mapflow/_tpms_std2t1w1".
2024-08-31 05:47:20 | INFO     | nipype.workflow  | [Node] Setting-up "_tpms_std2t1w2" in "/home/oesteban/tmp/mriqc_ses-pilot018/mriqc_wf/anatMRIQC/SpatialNormalization/93d3010db4e49c9b95916724584713a48353b34c/tpms_std2t1w/mapflow/_tpms_std2t1w2".
2024-08-31 05:47:20 | INFO     | nipype.workflow  | [Node] Executing "_tpms_std2t1w2" <niworkflows.interfaces.fixes.FixHeaderApplyTransforms>
2024-08-31 05:47:20 | INFO     | nipype.workflow  | [Node] Executing "_tpms_std2t1w1" <niworkflows.interfaces.fixes.FixHeaderApplyTransforms>
2024-08-31 05:47:20 | INFO     | nipype.workflow  | [Node] Executing "_tpms_std2t1w0" <niworkflows.interfaces.fixes.FixHeaderApplyTransforms>
2024-08-31 05:47:29 | INFO     | niworkflows      | Loading settings from file /home/oesteban/workspace/niworkflows/niworkflows/data/t1w-mni_registration_testing_000.json.
2024-08-31 05:47:29 | INFO     | niworkflows      | Retry #1, commandline: 
antsRegistration --collapse-output-transforms 1 --dimensionality 3 --float 0 --initial-moving-transform [ /home/oesteban/tmp/mriqc_ses-pilot018/mriqc_wf/anatMRIQC/SpatialNormalization/99a0b766e30721dbf070009e6945b76717f07204/SpatialNormalization/transform.mat, 0 ] --initialize-transforms-per-stage 0 --interpolation LanczosWindowedSinc --output [ ants_t1_to_mni, ants_t1_to_mni_Warped.nii.gz ] --transform Rigid[ 1.0 ] --metric Mattes[ /home/oesteban/tmp/mriqc_ses-pilot018/mriqc_wf/anatMRIQC/SpatialNormalization/99a0b766e30721dbf070009e6945b76717f07204/SpatialNormalization/fixed_masked.nii.gz, /home/oesteban/tmp/mriqc_ses-pilot018/mriqc_wf/anatMRIQC/SpatialNormalization/99a0b766e30721dbf070009e6945b76717f07204/SpatialNormalization/moving_masked.nii.gz, 1, 56, Random, 0.2 ] --convergence [ 20, 1e-07, 15 ] --smoothing-sigmas 4.0vox --shrink-factors 2 --use-histogram-matching 0 --transform Affine[ 1.0 ] --metric Mattes[ /home/oesteban/tmp/mriqc_ses-pilot018/mriqc_wf/anatMRIQC/SpatialNormalization/99a0b766e30721dbf070009e6945b76717f07204/SpatialNormalization/fixed_masked.nii.gz, /home/oesteban/tmp/mriqc_ses-pilot018/mriqc_wf/anatMRIQC/SpatialNormalization/99a0b766e30721dbf070009e6945b76717f07204/SpatialNormalization/moving_masked.nii.gz, 1, 56, Random, 0.1 ] --convergence [ 15, 1e-08, 5 ] --smoothing-sigmas 2.0vox --shrink-factors 1 --use-histogram-matching 1 --winsorize-image-intensities [ 0.005, 0.995 ]  --write-composite-transform 1
2024-08-31 05:47:32 | INFO     | niworkflows      | Successful spatial normalization (retry #1).
2024-08-31 05:47:33 | INFO     | nipype.workflow  | [Node] Finished "_tpms_std2t1w0", elapsed time 12.817621s.
2024-08-31 05:47:34 | INFO     | nipype.workflow  | [Node] Finished "_tpms_std2t1w2", elapsed time 12.660945s.
2024-08-31 05:47:34 | INFO     | niworkflows      | Report - setting fixed (/home/oesteban/tmp/mriqc_ses-pilot018/mriqc_wf/anatMRIQC/SpatialNormalization/99a0b766e30721dbf070009e6945b76717f07204/SpatialNormalization/fixed_masked.nii.gz) and moving (/home/oesteban/tmp/mriqc_ses-pilot018/mriqc_wf/anatMRIQC/SpatialNormalization/99a0b766e30721dbf070009e6945b76717f07204/SpatialNormalization/ants_t1_to_mni_Warped.nii.gz) images
2024-08-31 05:47:34 | INFO     | niworkflows      | Generating visual report
2024-08-31 05:47:34 | INFO     | nipype.workflow  | [Node] Finished "_tpms_std2t1w1", elapsed time 13.25367s.
2024-08-31 05:47:34 | INFO     | nipype.workflow  | [Node] Setting-up "_tpms_std2t1w0" in "/home/oesteban/tmp/mriqc_ses-pilot018/mriqc_wf/anatMRIQC/SpatialNormalization/93d3010db4e49c9b95916724584713a48353b34c/tpms_std2t1w/mapflow/_tpms_std2t1w0".
2024-08-31 05:47:34 | INFO     | nipype.workflow  | [Node] Cached "_tpms_std2t1w0" - collecting precomputed outputs
2024-08-31 05:47:34 | INFO     | nipype.workflow  | [Node] "_tpms_std2t1w0" found cached.
2024-08-31 05:47:34 | INFO     | nipype.workflow  | [Node] Setting-up "_tpms_std2t1w1" in "/home/oesteban/tmp/mriqc_ses-pilot018/mriqc_wf/anatMRIQC/SpatialNormalization/93d3010db4e49c9b95916724584713a48353b34c/tpms_std2t1w/mapflow/_tpms_std2t1w1".
2024-08-31 05:47:34 | INFO     | nipype.workflow  | [Node] Cached "_tpms_std2t1w1" - collecting precomputed outputs
2024-08-31 05:47:34 | INFO     | nipype.workflow  | [Node] "_tpms_std2t1w1" found cached.
2024-08-31 05:47:34 | INFO     | nipype.workflow  | [Node] Setting-up "_tpms_std2t1w2" in "/home/oesteban/tmp/mriqc_ses-pilot018/mriqc_wf/anatMRIQC/SpatialNormalization/93d3010db4e49c9b95916724584713a48353b34c/tpms_std2t1w/mapflow/_tpms_std2t1w2".
2024-08-31 05:47:34 | INFO     | nipype.workflow  | [Node] Cached "_tpms_std2t1w2" - collecting precomputed outputs
2024-08-31 05:47:34 | INFO     | nipype.workflow  | [Node] "_tpms_std2t1w2" found cached.
2024-08-31 05:47:36 | INFO     | nipype.workflow  | [Node] Setting-up "mriqc_wf.anatMRIQC.HeadMaskWorkflow.Enhance" in "/home/oesteban/tmp/mriqc_ses-pilot018/mriqc_wf/anatMRIQC/HeadMaskWorkflow/93d3010db4e49c9b95916724584713a48353b34c/Enhance".
2024-08-31 05:47:36 | INFO     | nipype.workflow  | [Node] Setting-up "mriqc_wf.anatMRIQC.brain_tissue_segmentation.format_tpm_names" in "/home/oesteban/tmp/mriqc_ses-pilot018/mriqc_wf/anatMRIQC/brain_tissue_segmentation/93d3010db4e49c9b95916724584713a48353b34c/format_tpm_names".
2024-08-31 05:47:36 | INFO     | nipype.workflow  | [Node] Executing "format_tpm_names" <nipype.interfaces.utility.wrappers.Function>
2024-08-31 05:47:36 | INFO     | nipype.workflow  | [Node] Executing "Enhance" <nipype.interfaces.utility.wrappers.Function>
2024-08-31 05:47:38 | INFO     | nipype.workflow  | [Node] Finished "Enhance", elapsed time 1.72017s.
2024-08-31 05:47:38 | INFO     | nipype.workflow  | [Node] Setting-up "mriqc_wf.anatMRIQC.HeadMaskWorkflow.Grad" in "/home/oesteban/tmp/mriqc_ses-pilot018/mriqc_wf/anatMRIQC/HeadMaskWorkflow/93d3010db4e49c9b95916724584713a48353b34c/Grad".
2024-08-31 05:47:38 | INFO     | nipype.workflow  | [Node] Setting-up "mriqc_wf.anatMRIQC.HeadMaskWorkflow.apply_mask" in "/home/oesteban/tmp/mriqc_ses-pilot018/mriqc_wf/anatMRIQC/HeadMaskWorkflow/93d3010db4e49c9b95916724584713a48353b34c/apply_mask".
2024-08-31 05:47:38 | INFO     | nipype.workflow  | [Node] Executing "Grad" <nipype.interfaces.utility.wrappers.Function>
2024-08-31 05:47:38 | INFO     | nipype.workflow  | [Node] Executing "apply_mask" <niworkflows.interfaces.nibabel.ApplyMask>
2024-08-31 05:47:39 | INFO     | nipype.workflow  | [Node] Finished "apply_mask", elapsed time 0.654924s.
2024-08-31 05:47:39 | INFO     | nipype.workflow  | [Node] Finished "format_tpm_names", elapsed time 2.874325s.
2024-08-31 05:47:42 | INFO     | nipype.workflow  | [Node] Finished "Grad", elapsed time 3.680613s.
2024-08-31 05:47:42 | INFO     | nipype.workflow  | [Node] Setting-up "mriqc_wf.anatMRIQC.HeadMaskWorkflow.GradientThreshold" in "/home/oesteban/tmp/mriqc_ses-pilot018/mriqc_wf/anatMRIQC/HeadMaskWorkflow/93d3010db4e49c9b95916724584713a48353b34c/GradientThreshold".
2024-08-31 05:47:42 | INFO     | nipype.workflow  | [Node] Executing "GradientThreshold" <nipype.interfaces.utility.wrappers.Function>
2024-08-31 05:47:47 | INFO     | nipype.workflow  | [Node] Finished "SpatialNormalization", elapsed time 29.031248s.
2024-08-31 05:47:48 | INFO     | nipype.workflow  | [Node] Setting-up "mriqc_wf.anatMRIQC.brain_tissue_segmentation.segmentation" in "/home/oesteban/tmp/mriqc_ses-pilot018/mriqc_wf/anatMRIQC/brain_tissue_segmentation/93d3010db4e49c9b95916724584713a48353b34c/segmentation".
2024-08-31 05:47:48 | INFO     | nipype.workflow  | [Node] Executing "segmentation" <nipype.interfaces.ants.segmentation.Atropos>
2024-08-31 05:47:50 | INFO     | nipype.workflow  | [Node] Setting-up "_tpms_std2t1w0" in "/home/oesteban/tmp/mriqc_ses-pilot018/mriqc_wf/anatMRIQC/SpatialNormalization/99a0b766e30721dbf070009e6945b76717f07204/tpms_std2t1w/mapflow/_tpms_std2t1w0".
2024-08-31 05:47:50 | INFO     | nipype.workflow  | [Node] Setting-up "_tpms_std2t1w1" in "/home/oesteban/tmp/mriqc_ses-pilot018/mriqc_wf/anatMRIQC/SpatialNormalization/99a0b766e30721dbf070009e6945b76717f07204/tpms_std2t1w/mapflow/_tpms_std2t1w1".
2024-08-31 05:47:50 | INFO     | nipype.workflow  | [Node] Setting-up "_tpms_std2t1w2" in "/home/oesteban/tmp/mriqc_ses-pilot018/mriqc_wf/anatMRIQC/SpatialNormalization/99a0b766e30721dbf070009e6945b76717f07204/tpms_std2t1w/mapflow/_tpms_std2t1w2".
2024-08-31 05:47:50 | INFO     | nipype.workflow  | [Node] Executing "_tpms_std2t1w1" <niworkflows.interfaces.fixes.FixHeaderApplyTransforms>
2024-08-31 05:47:50 | INFO     | nipype.workflow  | [Node] Executing "_tpms_std2t1w0" <niworkflows.interfaces.fixes.FixHeaderApplyTransforms>
2024-08-31 05:47:50 | INFO     | nipype.workflow  | [Node] Executing "_tpms_std2t1w2" <niworkflows.interfaces.fixes.FixHeaderApplyTransforms>
2024-08-31 05:48:02 | INFO     | nipype.workflow  | [Node] Finished "_tpms_std2t1w0", elapsed time 11.318021s.
2024-08-31 05:48:02 | INFO     | nipype.workflow  | [Node] Finished "_tpms_std2t1w1", elapsed time 11.518231s.
2024-08-31 05:48:02 | INFO     | nipype.workflow  | [Node] Finished "_tpms_std2t1w2", elapsed time 11.429538s.
2024-08-31 05:48:04 | INFO     | nipype.workflow  | [Node] Setting-up "_tpms_std2t1w0" in "/home/oesteban/tmp/mriqc_ses-pilot018/mriqc_wf/anatMRIQC/SpatialNormalization/99a0b766e30721dbf070009e6945b76717f07204/tpms_std2t1w/mapflow/_tpms_std2t1w0".
2024-08-31 05:48:04 | INFO     | nipype.workflow  | [Node] Cached "_tpms_std2t1w0" - collecting precomputed outputs
2024-08-31 05:48:04 | INFO     | nipype.workflow  | [Node] "_tpms_std2t1w0" found cached.
2024-08-31 05:48:04 | INFO     | nipype.workflow  | [Node] Setting-up "_tpms_std2t1w1" in "/home/oesteban/tmp/mriqc_ses-pilot018/mriqc_wf/anatMRIQC/SpatialNormalization/99a0b766e30721dbf070009e6945b76717f07204/tpms_std2t1w/mapflow/_tpms_std2t1w1".
2024-08-31 05:48:04 | INFO     | nipype.workflow  | [Node] Cached "_tpms_std2t1w1" - collecting precomputed outputs
2024-08-31 05:48:04 | INFO     | nipype.workflow  | [Node] "_tpms_std2t1w1" found cached.
2024-08-31 05:48:04 | INFO     | nipype.workflow  | [Node] Setting-up "_tpms_std2t1w2" in "/home/oesteban/tmp/mriqc_ses-pilot018/mriqc_wf/anatMRIQC/SpatialNormalization/99a0b766e30721dbf070009e6945b76717f07204/tpms_std2t1w/mapflow/_tpms_std2t1w2".
2024-08-31 05:48:04 | INFO     | nipype.workflow  | [Node] Cached "_tpms_std2t1w2" - collecting precomputed outputs
2024-08-31 05:48:04 | INFO     | nipype.workflow  | [Node] "_tpms_std2t1w2" found cached.
2024-08-31 05:48:06 | INFO     | nipype.workflow  | [Node] Setting-up "mriqc_wf.anatMRIQC.HeadMaskWorkflow.Enhance" in "/home/oesteban/tmp/mriqc_ses-pilot018/mriqc_wf/anatMRIQC/HeadMaskWorkflow/99a0b766e30721dbf070009e6945b76717f07204/Enhance".
2024-08-31 05:48:06 | INFO     | nipype.workflow  | [Node] Setting-up "mriqc_wf.anatMRIQC.brain_tissue_segmentation.format_tpm_names" in "/home/oesteban/tmp/mriqc_ses-pilot018/mriqc_wf/anatMRIQC/brain_tissue_segmentation/99a0b766e30721dbf070009e6945b76717f07204/format_tpm_names".
2024-08-31 05:48:06 | INFO     | nipype.workflow  | [Node] Executing "Enhance" <nipype.interfaces.utility.wrappers.Function>
2024-08-31 05:48:06 | INFO     | nipype.workflow  | [Node] Executing "format_tpm_names" <nipype.interfaces.utility.wrappers.Function>
2024-08-31 05:48:08 | INFO     | nipype.workflow  | [Node] Finished "Enhance", elapsed time 1.661862s.
2024-08-31 05:48:08 | INFO     | nipype.workflow  | [Node] Setting-up "mriqc_wf.anatMRIQC.HeadMaskWorkflow.Grad" in "/home/oesteban/tmp/mriqc_ses-pilot018/mriqc_wf/anatMRIQC/HeadMaskWorkflow/99a0b766e30721dbf070009e6945b76717f07204/Grad".
2024-08-31 05:48:08 | INFO     | nipype.workflow  | [Node] Setting-up "mriqc_wf.anatMRIQC.HeadMaskWorkflow.apply_mask" in "/home/oesteban/tmp/mriqc_ses-pilot018/mriqc_wf/anatMRIQC/HeadMaskWorkflow/99a0b766e30721dbf070009e6945b76717f07204/apply_mask".
2024-08-31 05:48:08 | INFO     | nipype.workflow  | [Node] Executing "apply_mask" <niworkflows.interfaces.nibabel.ApplyMask>
2024-08-31 05:48:08 | INFO     | nipype.workflow  | [Node] Executing "Grad" <nipype.interfaces.utility.wrappers.Function>
2024-08-31 05:48:09 | INFO     | nipype.workflow  | [Node] Finished "apply_mask", elapsed time 0.65719s.
2024-08-31 05:48:09 | INFO     | nipype.workflow  | [Node] Finished "GradientThreshold", elapsed time 26.732691s.
2024-08-31 05:48:09 | INFO     | nipype.workflow  | [Node] Finished "format_tpm_names", elapsed time 2.920367s.
2024-08-31 05:48:10 | INFO     | nipype.workflow  | [Node] Setting-up "mriqc_wf.anatMRIQC.AirMaskWorkflow.ArtifactMask" in "/home/oesteban/tmp/mriqc_ses-pilot018/mriqc_wf/anatMRIQC/AirMaskWorkflow/93d3010db4e49c9b95916724584713a48353b34c/ArtifactMask".
2024-08-31 05:48:10 | INFO     | nipype.workflow  | [Node] Executing "ArtifactMask" <mriqc.interfaces.anatomical.ArtifactMask>
2024-08-31 05:48:12 | INFO     | nipype.workflow  | [Node] Finished "Grad", elapsed time 3.8489050000000002s.
2024-08-31 05:48:14 | INFO     | nipype.workflow  | [Node] Finished "ArtifactMask", elapsed time 3.938856s.
2024-08-31 05:48:14 | INFO     | nipype.workflow  | [Node] Setting-up "mriqc_wf.anatMRIQC.HeadMaskWorkflow.GradientThreshold" in "/home/oesteban/tmp/mriqc_ses-pilot018/mriqc_wf/anatMRIQC/HeadMaskWorkflow/99a0b766e30721dbf070009e6945b76717f07204/GradientThreshold".
2024-08-31 05:48:14 | INFO     | nipype.workflow  | [Node] Executing "GradientThreshold" <nipype.interfaces.utility.wrappers.Function>
2024-08-31 05:48:16 | INFO     | nipype.workflow  | [Node] Setting-up "mriqc_wf.anatMRIQC.ComputeIQMs.provenance" in "/home/oesteban/tmp/mriqc_ses-pilot018/mriqc_wf/anatMRIQC/ComputeIQMs/93d3010db4e49c9b95916724584713a48353b34c/provenance".
2024-08-31 05:48:16 | INFO     | nipype.workflow  | [Node] Executing "provenance" <mriqc.interfaces.reports.AddProvenance>
2024-08-31 05:48:17 | INFO     | nipype.workflow  | [Node] Finished "provenance", elapsed time 0.095578s.
2024-08-31 05:48:17 | INFO     | nipype.workflow  | [Node] Setting-up "mriqc_wf.anatMRIQC.ComputeIQMs.ComputeQI2" in "/home/oesteban/tmp/mriqc_ses-pilot018/mriqc_wf/anatMRIQC/ComputeIQMs/93d3010db4e49c9b95916724584713a48353b34c/ComputeQI2".
2024-08-31 05:48:17 | INFO     | nipype.workflow  | [Node] Executing "ComputeQI2" <mriqc.interfaces.anatomical.ComputeQI2>
2024-08-31 05:48:28 | INFO     | nipype.workflow  | [Node] Finished "ComputeQI2", elapsed time 11.555857s.
2024-08-31 05:48:41 | INFO     | nipype.workflow  | [Node] Finished "GradientThreshold", elapsed time 26.480865s.
2024-08-31 05:48:42 | INFO     | nipype.workflow  | [Node] Setting-up "mriqc_wf.anatMRIQC.AirMaskWorkflow.ArtifactMask" in "/home/oesteban/tmp/mriqc_ses-pilot018/mriqc_wf/anatMRIQC/AirMaskWorkflow/99a0b766e30721dbf070009e6945b76717f07204/ArtifactMask".
2024-08-31 05:48:42 | INFO     | nipype.workflow  | [Node] Executing "ArtifactMask" <mriqc.interfaces.anatomical.ArtifactMask>
2024-08-31 05:48:46 | INFO     | nipype.workflow  | [Node] Finished "ArtifactMask", elapsed time 3.758384s.
2024-08-31 05:48:46 | INFO     | nipype.workflow  | [Node] Setting-up "mriqc_wf.anatMRIQC.ComputeIQMs.provenance" in "/home/oesteban/tmp/mriqc_ses-pilot018/mriqc_wf/anatMRIQC/ComputeIQMs/99a0b766e30721dbf070009e6945b76717f07204/provenance".
2024-08-31 05:48:46 | INFO     | nipype.workflow  | [Node] Executing "provenance" <mriqc.interfaces.reports.AddProvenance>
2024-08-31 05:48:46 | INFO     | nipype.workflow  | [Node] Finished "provenance", elapsed time 0.092476s.
2024-08-31 05:48:47 | INFO     | nipype.workflow  | [Node] Setting-up "mriqc_wf.anatMRIQC.ComputeIQMs.ComputeQI2" in "/home/oesteban/tmp/mriqc_ses-pilot018/mriqc_wf/anatMRIQC/ComputeIQMs/99a0b766e30721dbf070009e6945b76717f07204/ComputeQI2".
2024-08-31 05:48:47 | INFO     | nipype.workflow  | [Node] Executing "ComputeQI2" <mriqc.interfaces.anatomical.ComputeQI2>
2024-08-31 05:48:58 | INFO     | nipype.workflow  | [Node] Finished "ComputeQI2", elapsed time 11.397291s.
2024-08-31 05:49:13 | INFO     | nipype.workflow  | [Node] Finished "segmentation", elapsed time 83.737445s.
2024-08-31 05:49:14 | INFO     | nipype.workflow  | [Node] Setting-up "mriqc_wf.anatMRIQC.ComputeIQMs.harmonize" in "/home/oesteban/tmp/mriqc_ses-pilot018/mriqc_wf/anatMRIQC/ComputeIQMs/93d3010db4e49c9b95916724584713a48353b34c/harmonize".
2024-08-31 05:49:14 | INFO     | nipype.workflow  | [Node] Setting-up "mriqc_wf.anatMRIQC.brain_tissue_segmentation.segmentation" in "/home/oesteban/tmp/mriqc_ses-pilot018/mriqc_wf/anatMRIQC/brain_tissue_segmentation/99a0b766e30721dbf070009e6945b76717f07204/segmentation".
2024-08-31 05:49:14 | INFO     | nipype.workflow  | [Node] Executing "harmonize" <mriqc.interfaces.anatomical.Harmonize>
2024-08-31 05:49:14 | INFO     | nipype.workflow  | [Node] Executing "segmentation" <nipype.interfaces.ants.segmentation.Atropos>
2024-08-31 05:49:16 | INFO     | nipype.workflow  | [Node] Finished "harmonize", elapsed time 1.652441s.
2024-08-31 05:49:16 | INFO     | nipype.workflow  | [Node] Setting-up "mriqc_wf.anatMRIQC.ComputeIQMs.measures" in "/home/oesteban/tmp/mriqc_ses-pilot018/mriqc_wf/anatMRIQC/ComputeIQMs/93d3010db4e49c9b95916724584713a48353b34c/measures".
2024-08-31 05:49:16 | INFO     | nipype.workflow  | [Node] Executing "measures" <mriqc.interfaces.anatomical.StructuralQC>
2024-08-31 05:49:21 | WARNING  | nipype.interface | Estimated signal variation in the background was too small (MAD=0.0, sigma=72.9268)
2024-08-31 05:49:21 | WARNING  | nipype.interface | Estimated signal variation in the background was too small (MAD=0.0, sigma=72.9268)
2024-08-31 05:49:21 | WARNING  | nipype.interface | Estimated signal variation in the background was too small (MAD=0.0, sigma=72.9268)
2024-08-31 05:49:28 | INFO     | nipype.workflow  | [Node] Finished "measures", elapsed time 11.365979s.
2024-08-31 05:49:28 | INFO     | nipype.workflow  | [Node] Setting-up "mriqc_wf.anatMRIQC.ComputeIQMs.datasink" in "/home/oesteban/tmp/mriqc_ses-pilot018/mriqc_wf/anatMRIQC/ComputeIQMs/93d3010db4e49c9b95916724584713a48353b34c/datasink".
2024-08-31 05:49:28 | INFO     | nipype.workflow  | [Node] Executing "datasink" <mriqc.interfaces.bids.IQMFileSink>
2024-08-31 05:49:28 | INFO     | nipype.workflow  | [Node] Finished "datasink", elapsed time 0.003933s.
2024-08-31 05:50:31 | INFO     | nipype.workflow  | [Node] Finished "segmentation", elapsed time 76.682578s.
2024-08-31 05:50:32 | INFO     | nipype.workflow  | [Node] Setting-up "mriqc_wf.anatMRIQC.ComputeIQMs.harmonize" in "/home/oesteban/tmp/mriqc_ses-pilot018/mriqc_wf/anatMRIQC/ComputeIQMs/99a0b766e30721dbf070009e6945b76717f07204/harmonize".
2024-08-31 05:50:32 | INFO     | nipype.workflow  | [Node] Executing "harmonize" <mriqc.interfaces.anatomical.Harmonize>
2024-08-31 05:50:34 | INFO     | nipype.workflow  | [Node] Finished "harmonize", elapsed time 1.623264s.
2024-08-31 05:50:34 | INFO     | nipype.workflow  | [Node] Setting-up "mriqc_wf.anatMRIQC.ComputeIQMs.measures" in "/home/oesteban/tmp/mriqc_ses-pilot018/mriqc_wf/anatMRIQC/ComputeIQMs/99a0b766e30721dbf070009e6945b76717f07204/measures".
2024-08-31 05:50:34 | INFO     | nipype.workflow  | [Node] Executing "measures" <mriqc.interfaces.anatomical.StructuralQC>
2024-08-31 05:50:39 | WARNING  | nipype.interface | Estimated signal variation in the background was too small (MAD=0.0, sigma=69.4101)
2024-08-31 05:50:39 | WARNING  | nipype.interface | Estimated signal variation in the background was too small (MAD=0.0, sigma=69.4101)
2024-08-31 05:50:39 | WARNING  | nipype.interface | Estimated signal variation in the background was too small (MAD=0.0, sigma=69.4101)
2024-08-31 05:50:46 | INFO     | nipype.workflow  | [Node] Finished "measures", elapsed time 11.442016s.
2024-08-31 05:50:46 | INFO     | nipype.workflow  | [Node] Setting-up "mriqc_wf.anatMRIQC.ComputeIQMs.datasink" in "/home/oesteban/tmp/mriqc_ses-pilot018/mriqc_wf/anatMRIQC/ComputeIQMs/99a0b766e30721dbf070009e6945b76717f07204/datasink".
2024-08-31 05:50:47 | INFO     | nipype.workflow  | [Node] Executing "datasink" <mriqc.interfaces.bids.IQMFileSink>
2024-08-31 05:50:47 | INFO     | nipype.workflow  | [Node] Finished "datasink", elapsed time 0.003655s.
2024-08-31 05:50:48 | INFO     | nipype.workflow  | Generating reports...
2024-08-31 05:50:49 | INFO     | nipype.workflow  | Report generation finished (2 reports).
2024-08-31 05:50:49 | IMPORTANT | mriqc            | Participant level finished successfully averaging 00h 03min 43s per subject.
2024-08-31 05:50:49 | INFO     | mriqc            | Generating BIDS derivatives metadata.
----------------------------------------------------------------
  MRIQC completed (elapsed time 00h 07min 26s).
----------------------------------------------------------------

