------------------------------------------------------------------
  Running MRIQC version 24.1.0.dev15+g9586c867.d20240825
  ----------------------------------------------------------------

  NOTICE
  Copyright © The NiPreps Developers.
  
  This product includes software developed by
  the NiPreps Community (https://nipreps.org/).
  
  Portions of this software were developed at the Department of
  Psychology at Stanford University, Stanford, CA, US.
  
  This software contains code ultimately derived from the
  PCP Quality Assessment Protocol (QAP;
  http://preprocessed-connectomes-project.org/quality-assessment-protocol)
  by C. Craddock, S. Giavasis, D. Clark, Z. Shezhad, and J. Pellman.
  
  This software is also distributed as a Docker container image.
  The bootstrapping file for the image ("Dockerfile") is licensed
  under the MIT License.

  ----------------------------------------------------------------

  * BIDS dataset path: /data/datasets/hcph.
  * Output folder: /data/derivatives/hcph/datalad/hcph-mriqc.
  * Analysis levels: ['participant'].
  * BIDS filters-file: /home/oesteban/tmp/mriqc_ses-pilot003/filter-pilot003.json.
------------------------------------------------------------------

2024-08-31 06:48:35 | IMPORTANT | mriqc            | DataLad dataset identified, attempting to `datalad get` unavailable files.
2024-08-31 06:48:35 | IMPORTANT | mriqc            | Extracting metadata and entities for 1 input runs of modality 't1w'...
2024-08-31 06:48:35 | IMPORTANT | mriqc            | File size ('t1w'): 0.01|0.01 GB [maximum|average].
2024-08-31 06:48:35 | INFO     | mriqc            | MRIQC config file: /home/oesteban/tmp/mriqc_ses-pilot003/config-20240831-064834_e7da4cfe-dbc0-4865-836a-c1e6b7630d65.toml.
2024-08-31 06:48:40 | IMPORTANT | mriqc            | Building MRIQC's workflows...
2024-08-31 06:48:40 | INFO     | nipype.workflow  | Building anatomical MRIQC workflow for 1 NIfTI files..
2024-08-31 06:48:44 | IMPORTANT | mriqc            | Workflow building finished (exit code 0).
2024-08-31 06:48:49 | INFO     | nipype.workflow  | Workflow mriqc_wf settings: ['check', 'execution', 'logging', 'monitoring']
2024-08-31 06:48:49 | INFO     | nipype.workflow  | [Node] Setting-up "mriqc_wf.anatMRIQC.conform" in "/home/oesteban/tmp/mriqc_ses-pilot003/mriqc_wf/anatMRIQC/97bba7443efabdb21dd1d31a147e95be1151df7e/conform".
2024-08-31 06:48:49 | INFO     | nipype.workflow  | [Node] Executing "conform" <mriqc.interfaces.common.conform_image.ConformImage>
2024-08-31 06:48:50 | INFO     | nipype.workflow  | [Node] Finished "conform", elapsed time 0.506065s.
2024-08-31 06:48:51 | INFO     | nipype.workflow  | [Node] Setting-up "mriqc_wf.anatMRIQC.anat_report_wf.PlotMosaicNoise" in "/home/oesteban/tmp/mriqc_ses-pilot003/mriqc_wf/anatMRIQC/anat_report_wf/97bba7443efabdb21dd1d31a147e95be1151df7e/PlotMosaicNoise".
2024-08-31 06:48:51 | INFO     | nipype.workflow  | [Node] Setting-up "mriqc_wf.anatMRIQC.synthstrip_wf.pre_clip" in "/home/oesteban/tmp/mriqc_ses-pilot003/mriqc_wf/anatMRIQC/synthstrip_wf/97bba7443efabdb21dd1d31a147e95be1151df7e/pre_clip".
2024-08-31 06:48:51 | INFO     | nipype.workflow  | [Node] Setting-up "mriqc_wf.anatMRIQC.AirMaskWorkflow.RotationMask" in "/home/oesteban/tmp/mriqc_ses-pilot003/mriqc_wf/anatMRIQC/AirMaskWorkflow/97bba7443efabdb21dd1d31a147e95be1151df7e/RotationMask".
2024-08-31 06:48:51 | INFO     | nipype.workflow  | [Node] Executing "PlotMosaicNoise" <nireports.interfaces.mosaic.PlotMosaic>
2024-08-31 06:48:51 | INFO     | nipype.workflow  | [Node] Executing "RotationMask" <mriqc.interfaces.anatomical.RotationMask>
2024-08-31 06:48:51 | INFO     | nipype.workflow  | [Node] Executing "pre_clip" <niworkflows.interfaces.nibabel.IntensityClip>
2024-08-31 06:48:52 | INFO     | nipype.workflow  | [Node] Finished "RotationMask", elapsed time 1.465073s.
2024-08-31 06:48:56 | INFO     | nipype.workflow  | [Node] Finished "PlotMosaicNoise", elapsed time 5.308677s.
2024-08-31 06:48:57 | INFO     | nipype.workflow  | [Node] Setting-up "mriqc_wf.anatMRIQC.anat_report_wf.ds_report_background" in "/home/oesteban/tmp/mriqc_ses-pilot003/mriqc_wf/anatMRIQC/anat_report_wf/97bba7443efabdb21dd1d31a147e95be1151df7e/ds_report_background".
2024-08-31 06:48:57 | INFO     | nipype.workflow  | [Node] Executing "ds_report_background" <mriqc.interfaces.DerivativesDataSink>
2024-08-31 06:48:57 | INFO     | nipype.workflow  | [Node] Finished "ds_report_background", elapsed time 0.006144s.
2024-08-31 06:49:03 | INFO     | nipype.workflow  | [Node] Finished "pre_clip", elapsed time 11.564153s.
2024-08-31 06:49:03 | INFO     | nipype.workflow  | [Node] Setting-up "mriqc_wf.anatMRIQC.synthstrip_wf.pre_n4" in "/home/oesteban/tmp/mriqc_ses-pilot003/mriqc_wf/anatMRIQC/synthstrip_wf/97bba7443efabdb21dd1d31a147e95be1151df7e/pre_n4".
2024-08-31 06:49:03 | INFO     | nipype.workflow  | [Node] Executing "pre_n4" <nipype.interfaces.ants.segmentation.N4BiasFieldCorrection>
2024-08-31 06:49:20 | INFO     | nipype.workflow  | [Node] Finished "pre_n4", elapsed time 16.532872s.
2024-08-31 06:49:21 | INFO     | nipype.workflow  | [Node] Setting-up "mriqc_wf.anatMRIQC.synthstrip_wf.synthstrip" in "/home/oesteban/tmp/mriqc_ses-pilot003/mriqc_wf/anatMRIQC/synthstrip_wf/97bba7443efabdb21dd1d31a147e95be1151df7e/synthstrip".
2024-08-31 06:49:21 | INFO     | nipype.workflow  | [Node] Executing "synthstrip" <mriqc.interfaces.synthstrip.SynthStrip>
2024-08-31 06:49:45 | INFO     | nipype.workflow  | [Node] Finished "synthstrip", elapsed time 24.01762s.
2024-08-31 06:49:47 | INFO     | nipype.workflow  | [Node] Setting-up "mriqc_wf.anatMRIQC.synthstrip_wf.post_n4" in "/home/oesteban/tmp/mriqc_ses-pilot003/mriqc_wf/anatMRIQC/synthstrip_wf/97bba7443efabdb21dd1d31a147e95be1151df7e/post_n4".
2024-08-31 06:49:47 | INFO     | nipype.workflow  | [Node] Setting-up "mriqc_wf.anatMRIQC.ComputeIQMs.smoothness" in "/home/oesteban/tmp/mriqc_ses-pilot003/mriqc_wf/anatMRIQC/ComputeIQMs/97bba7443efabdb21dd1d31a147e95be1151df7e/smoothness".
2024-08-31 06:49:47 | INFO     | nipype.workflow  | [Node] Setting-up "mriqc_wf.anatMRIQC.anat_report_wf.PlotMosaicZoomed" in "/home/oesteban/tmp/mriqc_ses-pilot003/mriqc_wf/anatMRIQC/anat_report_wf/97bba7443efabdb21dd1d31a147e95be1151df7e/PlotMosaicZoomed".
2024-08-31 06:49:47 | INFO     | nipype.workflow  | [Node] Executing "smoothness" <nipype.interfaces.afni.utils.FWHMx>
2024-08-31 06:49:47 | INFO     | nipype.workflow  | [Node] Executing "post_n4" <nipype.interfaces.ants.segmentation.N4BiasFieldCorrection>
2024-08-31 06:49:47 | INFO     | nipype.workflow  | [Node] Executing "PlotMosaicZoomed" <nireports.interfaces.mosaic.PlotMosaic>
2024-08-31 06:49:52 | INFO     | nipype.workflow  | [Node] Finished "PlotMosaicZoomed", elapsed time 4.559471s.
2024-08-31 06:49:53 | INFO     | nipype.workflow  | [Node] Finished "smoothness", elapsed time 5.689479s.
2024-08-31 06:49:53 | INFO     | nipype.workflow  | [Node] Setting-up "mriqc_wf.anatMRIQC.anat_report_wf.ds_report_zoomed" in "/home/oesteban/tmp/mriqc_ses-pilot003/mriqc_wf/anatMRIQC/anat_report_wf/97bba7443efabdb21dd1d31a147e95be1151df7e/ds_report_zoomed".
2024-08-31 06:49:53 | INFO     | nipype.workflow  | [Node] Executing "ds_report_zoomed" <mriqc.interfaces.DerivativesDataSink>
2024-08-31 06:49:53 | INFO     | nipype.workflow  | [Node] Finished "ds_report_zoomed", elapsed time 0.003924s.
2024-08-31 06:49:58 | INFO     | nipype.workflow  | [Node] Finished "post_n4", elapsed time 10.761711s.
2024-08-31 06:49:59 | INFO     | nipype.workflow  | [Node] Setting-up "mriqc_wf.anatMRIQC.synthstrip_wf.final_masked" in "/home/oesteban/tmp/mriqc_ses-pilot003/mriqc_wf/anatMRIQC/synthstrip_wf/97bba7443efabdb21dd1d31a147e95be1151df7e/final_masked".
2024-08-31 06:49:59 | INFO     | nipype.workflow  | [Node] Setting-up "mriqc_wf.anatMRIQC.SpatialNormalization.SpatialNormalization" in "/home/oesteban/tmp/mriqc_ses-pilot003/mriqc_wf/anatMRIQC/SpatialNormalization/97bba7443efabdb21dd1d31a147e95be1151df7e/SpatialNormalization".
2024-08-31 06:49:59 | INFO     | nipype.workflow  | [Node] Executing "final_masked" <niworkflows.interfaces.nibabel.ApplyMask>
2024-08-31 06:49:59 | INFO     | nipype.workflow  | [Node] Executing "SpatialNormalization" <niworkflows.interfaces.reportlets.registration.SpatialNormalizationRPT>
2024-08-31 06:49:59 | INFO     | nipype.workflow  | [Node] Finished "final_masked", elapsed time 0.402067s.
2024-08-31 06:50:00 | INFO     | niworkflows      | Estimating initial transform using AffineInitializer
2024-08-31 06:50:08 | INFO     | niworkflows      | Terminal outputs of initialization saved (/home/oesteban/tmp/mriqc_ses-pilot003/mriqc_wf/anatMRIQC/SpatialNormalization/97bba7443efabdb21dd1d31a147e95be1151df7e/SpatialNormalization/stderr.nipype-init).
2024-08-31 06:50:08 | INFO     | niworkflows      | Loading settings from file /home/oesteban/workspace/niworkflows/niworkflows/data/t1w-mni_registration_testing_000.json.
2024-08-31 06:50:08 | INFO     | niworkflows      | Retry #1, commandline: 
antsRegistration --collapse-output-transforms 1 --dimensionality 3 --float 0 --initial-moving-transform [ /home/oesteban/tmp/mriqc_ses-pilot003/mriqc_wf/anatMRIQC/SpatialNormalization/97bba7443efabdb21dd1d31a147e95be1151df7e/SpatialNormalization/transform.mat, 0 ] --initialize-transforms-per-stage 0 --interpolation LanczosWindowedSinc --output [ ants_t1_to_mni, ants_t1_to_mni_Warped.nii.gz ] --transform Rigid[ 1.0 ] --metric Mattes[ /home/oesteban/tmp/mriqc_ses-pilot003/mriqc_wf/anatMRIQC/SpatialNormalization/97bba7443efabdb21dd1d31a147e95be1151df7e/SpatialNormalization/fixed_masked.nii.gz, /home/oesteban/tmp/mriqc_ses-pilot003/mriqc_wf/anatMRIQC/SpatialNormalization/97bba7443efabdb21dd1d31a147e95be1151df7e/SpatialNormalization/moving_masked.nii.gz, 1, 56, Random, 0.2 ] --convergence [ 20, 1e-07, 15 ] --smoothing-sigmas 4.0vox --shrink-factors 2 --use-histogram-matching 0 --transform Affine[ 1.0 ] --metric Mattes[ /home/oesteban/tmp/mriqc_ses-pilot003/mriqc_wf/anatMRIQC/SpatialNormalization/97bba7443efabdb21dd1d31a147e95be1151df7e/SpatialNormalization/fixed_masked.nii.gz, /home/oesteban/tmp/mriqc_ses-pilot003/mriqc_wf/anatMRIQC/SpatialNormalization/97bba7443efabdb21dd1d31a147e95be1151df7e/SpatialNormalization/moving_masked.nii.gz, 1, 56, Random, 0.1 ] --convergence [ 15, 1e-08, 5 ] --smoothing-sigmas 2.0vox --shrink-factors 1 --use-histogram-matching 1 --winsorize-image-intensities [ 0.005, 0.995 ]  --write-composite-transform 1
2024-08-31 06:50:10 | INFO     | niworkflows      | Successful spatial normalization (retry #1).
2024-08-31 06:50:11 | INFO     | niworkflows      | Report - setting fixed (/home/oesteban/tmp/mriqc_ses-pilot003/mriqc_wf/anatMRIQC/SpatialNormalization/97bba7443efabdb21dd1d31a147e95be1151df7e/SpatialNormalization/fixed_masked.nii.gz) and moving (/home/oesteban/tmp/mriqc_ses-pilot003/mriqc_wf/anatMRIQC/SpatialNormalization/97bba7443efabdb21dd1d31a147e95be1151df7e/SpatialNormalization/ants_t1_to_mni_Warped.nii.gz) images
2024-08-31 06:50:11 | INFO     | niworkflows      | Generating visual report
2024-08-31 06:50:24 | INFO     | nipype.workflow  | [Node] Finished "SpatialNormalization", elapsed time 25.035351s.
2024-08-31 06:50:27 | INFO     | nipype.workflow  | [Node] Setting-up "_tpms_std2t1w2" in "/home/oesteban/tmp/mriqc_ses-pilot003/mriqc_wf/anatMRIQC/SpatialNormalization/97bba7443efabdb21dd1d31a147e95be1151df7e/tpms_std2t1w/mapflow/_tpms_std2t1w2".
2024-08-31 06:50:27 | INFO     | nipype.workflow  | [Node] Setting-up "_tpms_std2t1w0" in "/home/oesteban/tmp/mriqc_ses-pilot003/mriqc_wf/anatMRIQC/SpatialNormalization/97bba7443efabdb21dd1d31a147e95be1151df7e/tpms_std2t1w/mapflow/_tpms_std2t1w0".
2024-08-31 06:50:27 | INFO     | nipype.workflow  | [Node] Setting-up "_tpms_std2t1w1" in "/home/oesteban/tmp/mriqc_ses-pilot003/mriqc_wf/anatMRIQC/SpatialNormalization/97bba7443efabdb21dd1d31a147e95be1151df7e/tpms_std2t1w/mapflow/_tpms_std2t1w1".
2024-08-31 06:50:27 | INFO     | nipype.workflow  | [Node] Executing "_tpms_std2t1w2" <niworkflows.interfaces.fixes.FixHeaderApplyTransforms>
2024-08-31 06:50:27 | INFO     | nipype.workflow  | [Node] Executing "_tpms_std2t1w0" <niworkflows.interfaces.fixes.FixHeaderApplyTransforms>
2024-08-31 06:50:27 | INFO     | nipype.workflow  | [Node] Executing "_tpms_std2t1w1" <niworkflows.interfaces.fixes.FixHeaderApplyTransforms>
2024-08-31 06:50:33 | INFO     | nipype.workflow  | [Node] Finished "_tpms_std2t1w0", elapsed time 6.008669s.
2024-08-31 06:50:33 | INFO     | nipype.workflow  | [Node] Finished "_tpms_std2t1w1", elapsed time 6.122962s.
2024-08-31 06:50:33 | INFO     | nipype.workflow  | [Node] Finished "_tpms_std2t1w2", elapsed time 6.136727s.
2024-08-31 06:50:35 | INFO     | nipype.workflow  | [Node] Setting-up "_tpms_std2t1w0" in "/home/oesteban/tmp/mriqc_ses-pilot003/mriqc_wf/anatMRIQC/SpatialNormalization/97bba7443efabdb21dd1d31a147e95be1151df7e/tpms_std2t1w/mapflow/_tpms_std2t1w0".
2024-08-31 06:50:35 | INFO     | nipype.workflow  | [Node] Cached "_tpms_std2t1w0" - collecting precomputed outputs
2024-08-31 06:50:35 | INFO     | nipype.workflow  | [Node] "_tpms_std2t1w0" found cached.
2024-08-31 06:50:35 | INFO     | nipype.workflow  | [Node] Setting-up "_tpms_std2t1w1" in "/home/oesteban/tmp/mriqc_ses-pilot003/mriqc_wf/anatMRIQC/SpatialNormalization/97bba7443efabdb21dd1d31a147e95be1151df7e/tpms_std2t1w/mapflow/_tpms_std2t1w1".
2024-08-31 06:50:35 | INFO     | nipype.workflow  | [Node] Cached "_tpms_std2t1w1" - collecting precomputed outputs
2024-08-31 06:50:35 | INFO     | nipype.workflow  | [Node] "_tpms_std2t1w1" found cached.
2024-08-31 06:50:35 | INFO     | nipype.workflow  | [Node] Setting-up "_tpms_std2t1w2" in "/home/oesteban/tmp/mriqc_ses-pilot003/mriqc_wf/anatMRIQC/SpatialNormalization/97bba7443efabdb21dd1d31a147e95be1151df7e/tpms_std2t1w/mapflow/_tpms_std2t1w2".
2024-08-31 06:50:35 | INFO     | nipype.workflow  | [Node] Cached "_tpms_std2t1w2" - collecting precomputed outputs
2024-08-31 06:50:35 | INFO     | nipype.workflow  | [Node] "_tpms_std2t1w2" found cached.
2024-08-31 06:50:37 | INFO     | nipype.workflow  | [Node] Setting-up "mriqc_wf.anatMRIQC.HeadMaskWorkflow.Enhance" in "/home/oesteban/tmp/mriqc_ses-pilot003/mriqc_wf/anatMRIQC/HeadMaskWorkflow/97bba7443efabdb21dd1d31a147e95be1151df7e/Enhance".
2024-08-31 06:50:37 | INFO     | nipype.workflow  | [Node] Setting-up "mriqc_wf.anatMRIQC.brain_tissue_segmentation.format_tpm_names" in "/home/oesteban/tmp/mriqc_ses-pilot003/mriqc_wf/anatMRIQC/brain_tissue_segmentation/97bba7443efabdb21dd1d31a147e95be1151df7e/format_tpm_names".
2024-08-31 06:50:37 | INFO     | nipype.workflow  | [Node] Executing "format_tpm_names" <nipype.interfaces.utility.wrappers.Function>
2024-08-31 06:50:37 | INFO     | nipype.workflow  | [Node] Executing "Enhance" <nipype.interfaces.utility.wrappers.Function>
2024-08-31 06:50:38 | INFO     | nipype.workflow  | [Node] Finished "Enhance", elapsed time 0.970479s.
2024-08-31 06:50:38 | INFO     | nipype.workflow  | [Node] Finished "format_tpm_names", elapsed time 1.485676s.
2024-08-31 06:50:39 | INFO     | nipype.workflow  | [Node] Setting-up "mriqc_wf.anatMRIQC.HeadMaskWorkflow.apply_mask" in "/home/oesteban/tmp/mriqc_ses-pilot003/mriqc_wf/anatMRIQC/HeadMaskWorkflow/97bba7443efabdb21dd1d31a147e95be1151df7e/apply_mask".
2024-08-31 06:50:39 | INFO     | nipype.workflow  | [Node] Setting-up "mriqc_wf.anatMRIQC.HeadMaskWorkflow.Grad" in "/home/oesteban/tmp/mriqc_ses-pilot003/mriqc_wf/anatMRIQC/HeadMaskWorkflow/97bba7443efabdb21dd1d31a147e95be1151df7e/Grad".
2024-08-31 06:50:39 | INFO     | nipype.workflow  | [Node] Executing "apply_mask" <niworkflows.interfaces.nibabel.ApplyMask>
2024-08-31 06:50:39 | INFO     | nipype.workflow  | [Node] Executing "Grad" <nipype.interfaces.utility.wrappers.Function>
2024-08-31 06:50:39 | INFO     | nipype.workflow  | [Node] Finished "apply_mask", elapsed time 0.399099s.
2024-08-31 06:50:41 | INFO     | nipype.workflow  | [Node] Setting-up "mriqc_wf.anatMRIQC.brain_tissue_segmentation.segmentation" in "/home/oesteban/tmp/mriqc_ses-pilot003/mriqc_wf/anatMRIQC/brain_tissue_segmentation/97bba7443efabdb21dd1d31a147e95be1151df7e/segmentation".
2024-08-31 06:50:41 | INFO     | nipype.workflow  | [Node] Executing "segmentation" <nipype.interfaces.ants.segmentation.Atropos>
2024-08-31 06:50:41 | INFO     | nipype.workflow  | [Node] Finished "Grad", elapsed time 2.295136s.
2024-08-31 06:50:43 | INFO     | nipype.workflow  | [Node] Setting-up "mriqc_wf.anatMRIQC.HeadMaskWorkflow.GradientThreshold" in "/home/oesteban/tmp/mriqc_ses-pilot003/mriqc_wf/anatMRIQC/HeadMaskWorkflow/97bba7443efabdb21dd1d31a147e95be1151df7e/GradientThreshold".
2024-08-31 06:50:43 | INFO     | nipype.workflow  | [Node] Executing "GradientThreshold" <nipype.interfaces.utility.wrappers.Function>
2024-08-31 06:50:57 | INFO     | nipype.workflow  | [Node] Finished "GradientThreshold", elapsed time 14.308844s.
2024-08-31 06:50:59 | INFO     | nipype.workflow  | [Node] Setting-up "mriqc_wf.anatMRIQC.AirMaskWorkflow.ArtifactMask" in "/home/oesteban/tmp/mriqc_ses-pilot003/mriqc_wf/anatMRIQC/AirMaskWorkflow/97bba7443efabdb21dd1d31a147e95be1151df7e/ArtifactMask".
2024-08-31 06:50:59 | INFO     | nipype.workflow  | [Node] Executing "ArtifactMask" <mriqc.interfaces.anatomical.ArtifactMask>
2024-08-31 06:51:02 | INFO     | nipype.workflow  | [Node] Finished "ArtifactMask", elapsed time 3.100587s.
2024-08-31 06:51:03 | INFO     | nipype.workflow  | [Node] Setting-up "mriqc_wf.anatMRIQC.ComputeIQMs.provenance" in "/home/oesteban/tmp/mriqc_ses-pilot003/mriqc_wf/anatMRIQC/ComputeIQMs/97bba7443efabdb21dd1d31a147e95be1151df7e/provenance".
2024-08-31 06:51:03 | INFO     | nipype.workflow  | [Node] Executing "provenance" <mriqc.interfaces.reports.AddProvenance>
2024-08-31 06:51:03 | INFO     | nipype.workflow  | [Node] Finished "provenance", elapsed time 0.058337s.
2024-08-31 06:51:03 | INFO     | nipype.workflow  | [Node] Setting-up "mriqc_wf.anatMRIQC.ComputeIQMs.ComputeQI2" in "/home/oesteban/tmp/mriqc_ses-pilot003/mriqc_wf/anatMRIQC/ComputeIQMs/97bba7443efabdb21dd1d31a147e95be1151df7e/ComputeQI2".
2024-08-31 06:51:03 | INFO     | nipype.workflow  | [Node] Executing "ComputeQI2" <mriqc.interfaces.anatomical.ComputeQI2>
2024-08-31 06:51:13 | INFO     | nipype.workflow  | [Node] Finished "ComputeQI2", elapsed time 9.737709s.
2024-08-31 06:51:21 | INFO     | nipype.workflow  | [Node] Finished "segmentation", elapsed time 39.608606s.
2024-08-31 06:51:23 | INFO     | nipype.workflow  | [Node] Setting-up "mriqc_wf.anatMRIQC.ComputeIQMs.harmonize" in "/home/oesteban/tmp/mriqc_ses-pilot003/mriqc_wf/anatMRIQC/ComputeIQMs/97bba7443efabdb21dd1d31a147e95be1151df7e/harmonize".
2024-08-31 06:51:23 | INFO     | nipype.workflow  | [Node] Executing "harmonize" <mriqc.interfaces.anatomical.Harmonize>
2024-08-31 06:51:24 | INFO     | nipype.workflow  | [Node] Finished "harmonize", elapsed time 0.947787s.
2024-08-31 06:51:25 | INFO     | nipype.workflow  | [Node] Setting-up "mriqc_wf.anatMRIQC.ComputeIQMs.measures" in "/home/oesteban/tmp/mriqc_ses-pilot003/mriqc_wf/anatMRIQC/ComputeIQMs/97bba7443efabdb21dd1d31a147e95be1151df7e/measures".
2024-08-31 06:51:25 | INFO     | nipype.workflow  | [Node] Executing "measures" <mriqc.interfaces.anatomical.StructuralQC>
2024-08-31 06:51:28 | WARNING  | nipype.interface | Estimated signal variation in the background was too small (MAD=0.0, sigma=4.0494)
2024-08-31 06:51:28 | WARNING  | nipype.interface | Estimated signal variation in the background was too small (MAD=0.0, sigma=4.0494)
2024-08-31 06:51:28 | WARNING  | nipype.interface | Estimated signal variation in the background was too small (MAD=0.0, sigma=4.0494)
2024-08-31 06:51:32 | INFO     | nipype.workflow  | [Node] Finished "measures", elapsed time 7.383784s.
2024-08-31 06:51:33 | INFO     | nipype.workflow  | [Node] Setting-up "mriqc_wf.anatMRIQC.ComputeIQMs.datasink" in "/home/oesteban/tmp/mriqc_ses-pilot003/mriqc_wf/anatMRIQC/ComputeIQMs/97bba7443efabdb21dd1d31a147e95be1151df7e/datasink".
2024-08-31 06:51:33 | INFO     | nipype.workflow  | [Node] Executing "datasink" <mriqc.interfaces.bids.IQMFileSink>
2024-08-31 06:51:33 | INFO     | nipype.workflow  | [Node] Finished "datasink", elapsed time 0.003002s.
2024-08-31 06:51:35 | INFO     | nipype.workflow  | Generating reports...
2024-08-31 06:51:35 | INFO     | nipype.workflow  | Report generation finished (1 reports).
2024-08-31 06:51:35 | IMPORTANT | mriqc            | Participant level finished successfully averaging 00h 03min 00s per subject.
2024-08-31 06:51:35 | INFO     | mriqc            | Generating BIDS derivatives metadata.
----------------------------------------------------------------
  MRIQC completed (elapsed time 00h 03min 00s).
----------------------------------------------------------------

